This file contains any messages produced by compilers while
running configure, to aid debugging if configure makes a mistake.

It was created by configure, which was
generated by GNU Autoconf 2.64.  Invocation command line was

  $ ./configure --disable-option-checking --prefix=/usr/local --enable-subdir --enable-snprintfv-convenience --cache-file=/dev/null --srcdir=.

## --------- ##
## Platform. ##
## --------- ##

hostname = homestead
uname -m = x86_64
uname -r = 4.15.0-74-generic
uname -s = Linux
uname -v = #84-Ubuntu SMP Thu Dec 19 08:06:28 UTC 2019

/usr/bin/uname -p = unknown
/bin/uname -X     = unknown

/bin/arch              = unknown
/usr/bin/arch -k       = unknown
/usr/convex/getsysinfo = unknown
/usr/bin/hostinfo      = unknown
/bin/machine           = unknown
/usr/bin/oslevel       = unknown
/bin/universe          = unknown

PATH: /home/vagrant/.composer/vendor/bin
PATH: /usr/local/sbin
PATH: /usr/local/bin
PATH: /usr/sbin
PATH: /usr/bin
PATH: /sbin
PATH: /bin
PATH: /usr/games
PATH: /usr/local/games
PATH: /snap/bin


## ----------- ##
## Core tests. ##
## ----------- ##

configure:2446: checking for a BSD-compatible install
configure:2514: result: /usr/bin/install -c
configure:2525: checking whether build environment is sane
configure:2575: result: yes
configure:2716: checking for a thread-safe mkdir -p
configure:2755: result: /bin/mkdir -p
configure:2768: checking for gawk
configure:2784: found /usr/bin/gawk
configure:2795: result: gawk
configure:2806: checking whether make sets $(MAKE)
configure:2828: result: yes
configure:2959: checking for gcc
configure:2975: found /usr/bin/gcc
configure:2986: result: gcc
configure:3215: checking for C compiler version
configure:3224: gcc --version >&5
gcc (Ubuntu 7.4.0-1ubuntu1~18.04.1) 7.4.0
Copyright (C) 2017 Free Software Foundation, Inc.
This is free software; see the source for copying conditions.  There is NO
warranty; not even for MERCHANTABILITY or FITNESS FOR A PARTICULAR PURPOSE.

configure:3235: $? = 0
configure:3224: gcc -v >&5
Using built-in specs.
COLLECT_GCC=gcc
COLLECT_LTO_WRAPPER=/usr/lib/gcc/x86_64-linux-gnu/7/lto-wrapper
OFFLOAD_TARGET_NAMES=nvptx-none
OFFLOAD_TARGET_DEFAULT=1
Target: x86_64-linux-gnu
Configured with: ../src/configure -v --with-pkgversion='Ubuntu 7.4.0-1ubuntu1~18.04.1' --with-bugurl=file:///usr/share/doc/gcc-7/README.Bugs --enable-languages=c,ada,c++,go,brig,d,fortran,objc,obj-c++ --prefix=/usr --with-gcc-major-version-only --program-suffix=-7 --program-prefix=x86_64-linux-gnu- --enable-shared --enable-linker-build-id --libexecdir=/usr/lib --without-included-gettext --enable-threads=posix --libdir=/usr/lib --enable-nls --with-sysroot=/ --enable-clocale=gnu --enable-libstdcxx-debug --enable-libstdcxx-time=yes --with-default-libstdcxx-abi=new --enable-gnu-unique-object --disable-vtable-verify --enable-libmpx --enable-plugin --enable-default-pie --with-system-zlib --with-target-system-zlib --enable-objc-gc=auto --enable-multiarch --disable-werror --with-arch-32=i686 --with-abi=m64 --with-multilib-list=m32,m64,mx32 --enable-multilib --with-tune=generic --enable-offload-targets=nvptx-none --without-cuda-driver --enable-checking=release --build=x86_64-linux-gnu --host=x86_64-linux-gnu --target=x86_64-linux-gnu
Thread model: posix
gcc version 7.4.0 (Ubuntu 7.4.0-1ubuntu1~18.04.1) 
configure:3235: $? = 0
configure:3224: gcc -V >&5
gcc: error: unrecognized command line option '-V'
gcc: fatal error: no input files
compilation terminated.
configure:3235: $? = 1
configure:3224: gcc -qversion >&5
gcc: error: unrecognized command line option '-qversion'; did you mean '--version'?
gcc: fatal error: no input files
compilation terminated.
configure:3235: $? = 1
configure:3257: checking for C compiler default output file name
configure:3279: gcc    conftest.c  >&5
configure:3283: $? = 0
configure:3320: result: a.out
configure:3336: checking whether the C compiler works
configure:3345: ./a.out
configure:3349: $? = 0
configure:3364: result: yes
configure:3371: checking whether we are cross compiling
configure:3373: result: no
configure:3376: checking for suffix of executables
configure:3383: gcc -o conftest    conftest.c  >&5
configure:3387: $? = 0
configure:3409: result: 
configure:3415: checking for suffix of object files
configure:3437: gcc -c   conftest.c >&5
configure:3441: $? = 0
configure:3462: result: o
configure:3466: checking whether we are using the GNU C compiler
configure:3485: gcc -c   conftest.c >&5
configure:3485: $? = 0
configure:3494: result: yes
configure:3503: checking whether gcc accepts -g
configure:3523: gcc -c -g  conftest.c >&5
configure:3523: $? = 0
configure:3564: result: yes
configure:3581: checking for gcc option to accept ISO C89
configure:3645: gcc  -c -g -O2  conftest.c >&5
configure:3645: $? = 0
configure:3658: result: none needed
configure:3689: checking for style of include used by make
configure:3717: result: GNU
configure:3742: checking dependency style of gcc
configure:3852: result: gcc3
configure:3872: checking how to run the C preprocessor
configure:3903: gcc -E  conftest.c
configure:3903: $? = 0
configure:3917: gcc -E  conftest.c
conftest.c:11:10: fatal error: ac_nonexistent.h: No such file or directory
 #include <ac_nonexistent.h>
          ^~~~~~~~~~~~~~~~~~
compilation terminated.
configure:3917: $? = 1
configure: failed program was:
| /* confdefs.h */
| #define PACKAGE_NAME ""
| #define PACKAGE_TARNAME ""
| #define PACKAGE_VERSION ""
| #define PACKAGE_STRING ""
| #define PACKAGE_BUGREPORT ""
| #define PACKAGE_URL ""
| #define PACKAGE "libsigsegv"
| #define VERSION "2.5"
| /* end confdefs.h.  */
| #include <ac_nonexistent.h>
configure:3942: result: gcc -E
configure:3962: gcc -E  conftest.c
configure:3962: $? = 0
configure:3976: gcc -E  conftest.c
conftest.c:11:10: fatal error: ac_nonexistent.h: No such file or directory
 #include <ac_nonexistent.h>
          ^~~~~~~~~~~~~~~~~~
compilation terminated.
configure:3976: $? = 1
configure: failed program was:
| /* confdefs.h */
| #define PACKAGE_NAME ""
| #define PACKAGE_TARNAME ""
| #define PACKAGE_VERSION ""
| #define PACKAGE_STRING ""
| #define PACKAGE_BUGREPORT ""
| #define PACKAGE_URL ""
| #define PACKAGE "libsigsegv"
| #define VERSION "2.5"
| /* end confdefs.h.  */
| #include <ac_nonexistent.h>
configure:4009: checking build system type
configure:4023: result: x86_64-unknown-linux-gnu
configure:4043: checking host system type
configure:4056: result: x86_64-unknown-linux-gnu
configure:4076: checking host platform
configure:4095: result: x86_64-unknown-linux4.15.0-gnu
configure:4101: checking for a sed that does not truncate output
configure:4165: result: /bin/sed
configure:4196: checking for a sed that does not truncate output
configure:4260: result: /bin/sed
configure:4278: checking for grep that handles long lines and -e
configure:4336: result: /bin/grep
configure:4341: checking for egrep
configure:4403: result: /bin/grep -E
configure:4408: checking for fgrep
configure:4470: result: /bin/grep -F
configure:4505: checking for ld used by gcc
configure:4572: result: /usr/bin/ld
configure:4579: checking if the linker (/usr/bin/ld) is GNU ld
configure:4594: result: yes
configure:4606: checking for BSD- or MS-compatible name lister (nm)
configure:4655: result: /usr/bin/nm -B
configure:4773: checking the name lister (/usr/bin/nm -B) interface
configure:4780: gcc -c -g -O2  conftest.c >&5
configure:4783: /usr/bin/nm -B "conftest.o"
configure:4786: output
0000000000000000 B some_variable
configure:4793: result: BSD nm
configure:4796: checking whether ln -s works
configure:4803: result: no, using cp -p
configure:4808: checking the maximum length of command line arguments
configure:4928: result: 1572864
configure:4945: checking whether the shell understands some XSI constructs
configure:4955: result: yes
configure:4959: checking whether the shell understands "+="
configure:4965: result: yes
configure:5000: checking for /usr/bin/ld option to reload object files
configure:5007: result: -r
configure:5076: checking for objdump
configure:5092: found /usr/bin/objdump
configure:5103: result: objdump
configure:5135: checking how to recognize dependent libraries
configure:5331: result: pass_all
configure:5391: checking for ar
configure:5407: found /usr/bin/ar
configure:5418: result: ar
configure:5496: checking for strip
configure:5512: found /usr/bin/strip
configure:5523: result: strip
configure:5595: checking for ranlib
configure:5611: found /usr/bin/ranlib
configure:5622: result: ranlib
configure:5712: checking command to parse /usr/bin/nm -B output from gcc object
configure:5830: gcc -c -g -O2  conftest.c >&5
configure:5833: $? = 0
configure:5837: /usr/bin/nm -B conftest.o \| sed -n -e 's/^.*[	 ]\([ABCDGIRSTW][ABCDGIRSTW]*\)[	 ][	 ]*\([_A-Za-z][_A-Za-z0-9]*\)$/\1 \2 \2/p' \> conftest.nm
configure:5840: $? = 0
configure:5894: gcc -o conftest -g -O2   conftest.c conftstm.o >&5
configure:5897: $? = 0
configure:5935: result: ok
configure:6031: gcc -c -g -O2  conftest.c >&5
configure:6034: $? = 0
configure:6740: checking for ANSI C header files
configure:6760: gcc -c -g -O2  conftest.c >&5
configure:6760: $? = 0
configure:6833: gcc -o conftest -g -O2   conftest.c  >&5
configure:6833: $? = 0
configure:6833: ./conftest
configure:6833: $? = 0
configure:6844: result: yes
configure:6857: checking for sys/types.h
configure:6857: gcc -c -g -O2  conftest.c >&5
configure:6857: $? = 0
configure:6857: result: yes
configure:6857: checking for sys/stat.h
configure:6857: gcc -c -g -O2  conftest.c >&5
configure:6857: $? = 0
configure:6857: result: yes
configure:6857: checking for stdlib.h
configure:6857: gcc -c -g -O2  conftest.c >&5
configure:6857: $? = 0
configure:6857: result: yes
configure:6857: checking for string.h
configure:6857: gcc -c -g -O2  conftest.c >&5
configure:6857: $? = 0
configure:6857: result: yes
configure:6857: checking for memory.h
configure:6857: gcc -c -g -O2  conftest.c >&5
configure:6857: $? = 0
configure:6857: result: yes
configure:6857: checking for strings.h
configure:6857: gcc -c -g -O2  conftest.c >&5
configure:6857: $? = 0
configure:6857: result: yes
configure:6857: checking for inttypes.h
configure:6857: gcc -c -g -O2  conftest.c >&5
configure:6857: $? = 0
configure:6857: result: yes
configure:6857: checking for stdint.h
configure:6857: gcc -c -g -O2  conftest.c >&5
configure:6857: $? = 0
configure:6857: result: yes
configure:6857: checking for unistd.h
configure:6857: gcc -c -g -O2  conftest.c >&5
configure:6857: $? = 0
configure:6857: result: yes
configure:6872: checking for dlfcn.h
configure:6872: gcc -c -g -O2  conftest.c >&5
configure:6872: $? = 0
configure:6872: result: yes
configure:7056: checking for objdir
configure:7071: result: .libs
configure:7363: checking if gcc supports -fno-rtti -fno-exceptions
configure:7381: gcc -c -g -O2  -fno-rtti -fno-exceptions conftest.c >&5
cc1: warning: command line option '-fno-rtti' is valid for C++/ObjC++ but not for C
configure:7385: $? = 0
configure:7398: result: no
configure:7418: checking for gcc option to produce PIC
configure:7690: result: -fPIC -DPIC
configure:7702: checking if gcc PIC flag -fPIC -DPIC works
configure:7720: gcc -c -g -O2  -fPIC -DPIC -DPIC conftest.c >&5
configure:7724: $? = 0
configure:7737: result: yes
configure:7761: checking if gcc static flag -static works
configure:7789: result: yes
configure:7804: checking if gcc supports -c -o file.o
configure:7825: gcc -c -g -O2  -o out/conftest2.o conftest.c >&5
configure:7829: $? = 0
configure:7851: result: yes
configure:7859: checking if gcc supports -c -o file.o
configure:7906: result: yes
configure:7939: checking whether the gcc linker (/usr/bin/ld -m elf_x86_64) supports shared libraries
configure:8925: result: yes
configure:8962: checking whether -lc should be explicitly linked in
configure:8967: gcc -c -g -O2  conftest.c >&5
configure:8970: $? = 0
configure:8985: gcc -shared conftest.o  -v -Wl,-soname -Wl,conftest -o conftest 2\>\&1 \| /bin/grep  -lc  \>/dev/null 2\>\&1
configure:8988: $? = 0
configure:9000: result: no
configure:9164: checking dynamic linker characteristics
configure:9597: gcc -o conftest -g -O2   -Wl,-rpath -Wl,/foo conftest.c  >&5
configure:9597: $? = 0
configure:9818: result: GNU/Linux ld.so
configure:9920: checking how to hardcode library paths into programs
configure:9945: result: immediate
configure:10465: checking whether stripping libraries is possible
configure:10470: result: yes
configure:10505: checking if libtool supports shared libraries
configure:10507: result: yes
configure:10510: checking whether to build shared libraries
configure:10531: result: yes
configure:10534: checking whether to build static libraries
configure:10538: result: yes
configure:10581: checking sys/signal.h usability
configure:10581: gcc -c -g -O2  conftest.c >&5
configure:10581: $? = 0
configure:10581: result: yes
configure:10581: checking sys/signal.h presence
configure:10581: gcc -E  conftest.c
configure:10581: $? = 0
configure:10581: result: yes
configure:10581: checking for sys/signal.h
configure:10581: result: yes
configure:10616: checking for unistd.h
configure:10616: result: yes
configure:10628: checking for getpagesize
configure:10651: gcc -o conftest -g -O2   conftest.c  >&5
configure:10651: $? = 0
configure:10659: result: yes
configure:10668: checking for sysconf(_SC_PAGESIZE)
configure:10691: gcc -o conftest -g -O2   conftest.c  >&5
configure:10691: $? = 0
configure:10699: result: yes
configure:10708: checking for PAGESIZE in limits.h
configure:10726: gcc -o conftest -g -O2   conftest.c  >&5
conftest.c: In function 'main':
conftest.c:33:12: error: 'PAGESIZE' undeclared (first use in this function)
 int pgsz = PAGESIZE;
            ^~~~~~~~
conftest.c:33:12: note: each undeclared identifier is reported only once for each function it appears in
configure:10726: $? = 1
configure: failed program was:
| /* confdefs.h */
| #define PACKAGE_NAME ""
| #define PACKAGE_TARNAME ""
| #define PACKAGE_VERSION ""
| #define PACKAGE_STRING ""
| #define PACKAGE_BUGREPORT ""
| #define PACKAGE_URL ""
| #define PACKAGE "libsigsegv"
| #define VERSION "2.5"
| #define STDC_HEADERS 1
| #define HAVE_SYS_TYPES_H 1
| #define HAVE_SYS_STAT_H 1
| #define HAVE_STDLIB_H 1
| #define HAVE_STRING_H 1
| #define HAVE_MEMORY_H 1
| #define HAVE_STRINGS_H 1
| #define HAVE_INTTYPES_H 1
| #define HAVE_STDINT_H 1
| #define HAVE_UNISTD_H 1
| #define HAVE_DLFCN_H 1
| #define LT_OBJDIR ".libs/"
| #define HAVE_SYS_SIGNAL_H 1
| #define CFG_SIGNALS "signals.h"
| #define HAVE_UNISTD_H 1
| #define HAVE_GETPAGESIZE 1
| #define HAVE_SYSCONF_PAGESIZE 1
| /* end confdefs.h.  */
| 
|       #include <limits.h>
| int
| main ()
| {
| int pgsz = PAGESIZE;
|   ;
|   return 0;
| }
configure:10734: result: no
configure:10752: checking for mmap with MAP_ANON
configure:10802: gcc -o conftest -g -O2   conftest.c  >&5
configure:10802: $? = 0
configure:10802: ./conftest
configure:10802: $? = 0
configure:10813: result: yes
configure:10822: checking for mmap with MAP_ANONYMOUS
configure:10872: gcc -o conftest -g -O2   conftest.c  >&5
configure:10872: $? = 0
configure:10872: ./conftest
configure:10872: $? = 0
configure:10883: result: yes
configure:10892: checking for mmap of /dev/zero
configure:10953: gcc -o conftest -g -O2   conftest.c  >&5
configure:10953: $? = 0
configure:10953: ./conftest
configure:10953: $? = 0
configure:10964: result: yes
configure:10986: checking whether a fault handler according to POSIX works
configure:11115: gcc -o conftest -g -O2   conftest.c  >&5
configure:11115: $? = 0
configure:11115: ./conftest
configure:11115: $? = 0
configure:11126: result: yes
configure:11134: checking whether a fault handler according to Linux/i386 works
configure:11264: gcc -o conftest -g -O2   conftest.c  >&5
In file included from conftest.c:38:0:
/usr/include/x86_64-linux-gnu/asm/sigcontext.h:40:8: error: redefinition of 'struct _fpx_sw_bytes'
 struct _fpx_sw_bytes {
        ^~~~~~~~~~~~~
In file included from /usr/include/signal.h:291:0,
                 from conftest.c:34:
/usr/include/x86_64-linux-gnu/bits/sigcontext.h:31:8: note: originally defined here
 struct _fpx_sw_bytes
        ^~~~~~~~~~~~~
In file included from conftest.c:38:0:
/usr/include/x86_64-linux-gnu/asm/sigcontext.h:85:8: error: redefinition of 'struct _fpreg'
 struct _fpreg {
        ^~~~~~
In file included from /usr/include/signal.h:291:0,
                 from conftest.c:34:
/usr/include/x86_64-linux-gnu/bits/sigcontext.h:40:8: note: originally defined here
 struct _fpreg
        ^~~~~~
In file included from conftest.c:38:0:
/usr/include/x86_64-linux-gnu/asm/sigcontext.h:91:8: error: redefinition of 'struct _fpxreg'
 struct _fpxreg {
        ^~~~~~~
In file included from /usr/include/signal.h:291:0,
                 from conftest.c:34:
/usr/include/x86_64-linux-gnu/bits/sigcontext.h:46:8: note: originally defined here
 struct _fpxreg
        ^~~~~~~
In file included from conftest.c:38:0:
/usr/include/x86_64-linux-gnu/asm/sigcontext.h:98:8: error: redefinition of 'struct _xmmreg'
 struct _xmmreg {
        ^~~~~~~
In file included from /usr/include/signal.h:291:0,
                 from conftest.c:34:
/usr/include/x86_64-linux-gnu/bits/sigcontext.h:53:8: note: originally defined here
 struct _xmmreg
        ^~~~~~~
In file included from conftest.c:38:0:
/usr/include/x86_64-linux-gnu/asm/sigcontext.h:180:8: error: redefinition of 'struct _ymmh_state'
 struct _ymmh_state {
        ^~~~~~~~~~~
In file included from /usr/include/signal.h:291:0,
                 from conftest.c:34:
/usr/include/x86_64-linux-gnu/bits/sigcontext.h:184:8: note: originally defined here
 struct _ymmh_state
        ^~~~~~~~~~~
In file included from conftest.c:38:0:
/usr/include/x86_64-linux-gnu/asm/sigcontext.h:192:8: error: redefinition of 'struct _xstate'
 struct _xstate {
        ^~~~~~~
In file included from /usr/include/signal.h:291:0,
                 from conftest.c:34:
/usr/include/x86_64-linux-gnu/bits/sigcontext.h:189:8: note: originally defined here
 struct _xstate
        ^~~~~~~
In file included from conftest.c:38:0:
/usr/include/x86_64-linux-gnu/asm/sigcontext.h:317:8: error: redefinition of 'struct sigcontext'
 struct sigcontext {
        ^~~~~~~~~~
In file included from /usr/include/signal.h:291:0,
                 from conftest.c:34:
/usr/include/x86_64-linux-gnu/bits/sigcontext.h:139:8: note: originally defined here
 struct sigcontext
        ^~~~~~~~~~
configure:11264: $? = 1
configure: program exited with status 1
configure: failed program was:
| /* confdefs.h */
| #define PACKAGE_NAME ""
| #define PACKAGE_TARNAME ""
| #define PACKAGE_VERSION ""
| #define PACKAGE_STRING ""
| #define PACKAGE_BUGREPORT ""
| #define PACKAGE_URL ""
| #define PACKAGE "libsigsegv"
| #define VERSION "2.5"
| #define STDC_HEADERS 1
| #define HAVE_SYS_TYPES_H 1
| #define HAVE_SYS_STAT_H 1
| #define HAVE_STDLIB_H 1
| #define HAVE_STRING_H 1
| #define HAVE_MEMORY_H 1
| #define HAVE_STRINGS_H 1
| #define HAVE_INTTYPES_H 1
| #define HAVE_STDINT_H 1
| #define HAVE_UNISTD_H 1
| #define HAVE_DLFCN_H 1
| #define LT_OBJDIR ".libs/"
| #define HAVE_SYS_SIGNAL_H 1
| #define CFG_SIGNALS "signals.h"
| #define HAVE_UNISTD_H 1
| #define HAVE_GETPAGESIZE 1
| #define HAVE_SYSCONF_PAGESIZE 1
| #define HAVE_MMAP_ANON 1
| #define HAVE_MMAP_ANONYMOUS 1
| #define HAVE_MMAP_DEVZERO 1
| /* end confdefs.h.  */
| 
| 
| #include <stdlib.h>
| #include <signal.h>
| #if HAVE_SYS_SIGNAL_H
| # include <sys/signal.h>
| #endif
| #include <asm/sigcontext.h>
| #include <sys/types.h>
| #include <sys/mman.h>
| #if HAVE_MMAP_DEVZERO
| # include <fcntl.h>
| # ifndef MAP_FILE
| #  define MAP_FILE 0
| # endif
| #endif
| #ifndef PROT_NONE
| # define PROT_NONE 0
| #endif
| #if HAVE_MMAP_ANON
| # define zero_fd -1
| # define map_flags MAP_ANON | MAP_PRIVATE
| #elif HAVE_MMAP_ANONYMOUS
| # define zero_fd -1
| # define map_flags MAP_ANONYMOUS | MAP_PRIVATE
| #elif HAVE_MMAP_DEVZERO
| static int zero_fd;
| # define map_flags MAP_FILE | MAP_PRIVATE
| #endif
| unsigned long page;
| int handler_called = 0;
| void sigsegv_handler (int sig, struct sigcontext sc)
| {
|   void *fault_address = (void *) (sc.cr2);
|   handler_called++;
|   if (handler_called == 10)
|     exit (4);
|   if (fault_address != (void*)(page + 0x678))
|     exit (3);
|   if (mprotect ((void *) page, 0x10000, PROT_READ | PROT_WRITE) < 0)
|     exit (2);
| }
| void crasher (unsigned long p)
| {
|   *(int *) (p + 0x678) = 42;
| }
| int main ()
| {
|   void *p;
|   struct sigaction action;
|   /* Preparations.  */
| #if !HAVE_MMAP_ANON && !HAVE_MMAP_ANONYMOUS && HAVE_MMAP_DEVZERO
|   zero_fd = open ("/dev/zero", O_RDONLY, 0644);
| #endif
|   /* Setup some mmaped memory.  */
| #ifdef __hpux
|   /* HP-UX 10 mmap() often fails when given a hint.  So give the OS complete
|      freedom about the address range.  */
|   p = mmap ((void *) 0,          0x10000, PROT_READ | PROT_WRITE, map_flags, zero_fd, 0);
| #else
|   p = mmap ((void *) 0x12340000, 0x10000, PROT_READ | PROT_WRITE, map_flags, zero_fd, 0);
| #endif
|   if (p == (void *)(-1))
|     exit (2);
|   page = (unsigned long) p;
|   /* Make it read-only.  */
|   if (mprotect ((void *) page, 0x10000, PROT_READ) < 0)
|     exit (2);
|   /* Install the SIGSEGV handler.  */
|   sigemptyset(&action.sa_mask);
| 
|   action.sa_handler = (void (*) (int)) &sigsegv_handler;
|   action.sa_flags = 0;
| 
|   sigaction (SIGSEGV, &action, (struct sigaction *) NULL);
|   sigaction (SIGBUS, &action, (struct sigaction *) NULL);
|   /* The first write access should invoke the handler and then complete.  */
|   crasher (page);
|   /* The second write access should not invoke the handler.  */
|   crasher (page);
|   /* Check that the handler was called only once.  */
|   if (handler_called != 1)
|     exit (1);
|   /* Test passed!  */
|   return 0;
| }
configure:11275: result: no
configure:11283: checking whether a fault handler according to old Linux/i386 works
configure:11413: gcc -o conftest -g -O2   conftest.c  >&5
configure:11413: $? = 0
configure:11413: ./conftest
configure:11413: $? = 3
configure: program exited with status 3
configure: failed program was:
| /* confdefs.h */
| #define PACKAGE_NAME ""
| #define PACKAGE_TARNAME ""
| #define PACKAGE_VERSION ""
| #define PACKAGE_STRING ""
| #define PACKAGE_BUGREPORT ""
| #define PACKAGE_URL ""
| #define PACKAGE "libsigsegv"
| #define VERSION "2.5"
| #define STDC_HEADERS 1
| #define HAVE_SYS_TYPES_H 1
| #define HAVE_SYS_STAT_H 1
| #define HAVE_STDLIB_H 1
| #define HAVE_STRING_H 1
| #define HAVE_MEMORY_H 1
| #define HAVE_STRINGS_H 1
| #define HAVE_INTTYPES_H 1
| #define HAVE_STDINT_H 1
| #define HAVE_UNISTD_H 1
| #define HAVE_DLFCN_H 1
| #define LT_OBJDIR ".libs/"
| #define HAVE_SYS_SIGNAL_H 1
| #define CFG_SIGNALS "signals.h"
| #define HAVE_UNISTD_H 1
| #define HAVE_GETPAGESIZE 1
| #define HAVE_SYSCONF_PAGESIZE 1
| #define HAVE_MMAP_ANON 1
| #define HAVE_MMAP_ANONYMOUS 1
| #define HAVE_MMAP_DEVZERO 1
| /* end confdefs.h.  */
| 
| 
| #include <stdlib.h>
| #include <signal.h>
| #if HAVE_SYS_SIGNAL_H
| # include <sys/signal.h>
| #endif
| 
| #include <sys/types.h>
| #include <sys/mman.h>
| #if HAVE_MMAP_DEVZERO
| # include <fcntl.h>
| # ifndef MAP_FILE
| #  define MAP_FILE 0
| # endif
| #endif
| #ifndef PROT_NONE
| # define PROT_NONE 0
| #endif
| #if HAVE_MMAP_ANON
| # define zero_fd -1
| # define map_flags MAP_ANON | MAP_PRIVATE
| #elif HAVE_MMAP_ANONYMOUS
| # define zero_fd -1
| # define map_flags MAP_ANONYMOUS | MAP_PRIVATE
| #elif HAVE_MMAP_DEVZERO
| static int zero_fd;
| # define map_flags MAP_FILE | MAP_PRIVATE
| #endif
| unsigned long page;
| int handler_called = 0;
| void sigsegv_handler (int sig, unsigned int more)
| {
|   void *fault_address = (void *) (((unsigned long *) &more) [21]);
|   handler_called++;
|   if (handler_called == 10)
|     exit (4);
|   if (fault_address != (void*)(page + 0x678))
|     exit (3);
|   if (mprotect ((void *) page, 0x10000, PROT_READ | PROT_WRITE) < 0)
|     exit (2);
| }
| void crasher (unsigned long p)
| {
|   *(int *) (p + 0x678) = 42;
| }
| int main ()
| {
|   void *p;
|   struct sigaction action;
|   /* Preparations.  */
| #if !HAVE_MMAP_ANON && !HAVE_MMAP_ANONYMOUS && HAVE_MMAP_DEVZERO
|   zero_fd = open ("/dev/zero", O_RDONLY, 0644);
| #endif
|   /* Setup some mmaped memory.  */
| #ifdef __hpux
|   /* HP-UX 10 mmap() often fails when given a hint.  So give the OS complete
|      freedom about the address range.  */
|   p = mmap ((void *) 0,          0x10000, PROT_READ | PROT_WRITE, map_flags, zero_fd, 0);
| #else
|   p = mmap ((void *) 0x12340000, 0x10000, PROT_READ | PROT_WRITE, map_flags, zero_fd, 0);
| #endif
|   if (p == (void *)(-1))
|     exit (2);
|   page = (unsigned long) p;
|   /* Make it read-only.  */
|   if (mprotect ((void *) page, 0x10000, PROT_READ) < 0)
|     exit (2);
|   /* Install the SIGSEGV handler.  */
|   sigemptyset(&action.sa_mask);
| 
|   action.sa_handler = (void (*) (int)) &sigsegv_handler;
|   action.sa_flags = 0;
| 
|   sigaction (SIGSEGV, &action, (struct sigaction *) NULL);
|   sigaction (SIGBUS, &action, (struct sigaction *) NULL);
|   /* The first write access should invoke the handler and then complete.  */
|   crasher (page);
|   /* The second write access should not invoke the handler.  */
|   crasher (page);
|   /* Check that the handler was called only once.  */
|   if (handler_called != 1)
|     exit (1);
|   /* Test passed!  */
|   return 0;
| }
configure:11424: result: no
configure:11432: checking whether a fault handler according to Linux/m68k works
configure:11564: gcc -o conftest -g -O2   conftest.c  >&5
In file included from conftest.c:38:0:
/usr/include/x86_64-linux-gnu/asm/sigcontext.h:40:8: error: redefinition of 'struct _fpx_sw_bytes'
 struct _fpx_sw_bytes {
        ^~~~~~~~~~~~~
In file included from /usr/include/signal.h:291:0,
                 from conftest.c:34:
/usr/include/x86_64-linux-gnu/bits/sigcontext.h:31:8: note: originally defined here
 struct _fpx_sw_bytes
        ^~~~~~~~~~~~~
In file included from conftest.c:38:0:
/usr/include/x86_64-linux-gnu/asm/sigcontext.h:85:8: error: redefinition of 'struct _fpreg'
 struct _fpreg {
        ^~~~~~
In file included from /usr/include/signal.h:291:0,
                 from conftest.c:34:
/usr/include/x86_64-linux-gnu/bits/sigcontext.h:40:8: note: originally defined here
 struct _fpreg
        ^~~~~~
In file included from conftest.c:38:0:
/usr/include/x86_64-linux-gnu/asm/sigcontext.h:91:8: error: redefinition of 'struct _fpxreg'
 struct _fpxreg {
        ^~~~~~~
In file included from /usr/include/signal.h:291:0,
                 from conftest.c:34:
/usr/include/x86_64-linux-gnu/bits/sigcontext.h:46:8: note: originally defined here
 struct _fpxreg
        ^~~~~~~
In file included from conftest.c:38:0:
/usr/include/x86_64-linux-gnu/asm/sigcontext.h:98:8: error: redefinition of 'struct _xmmreg'
 struct _xmmreg {
        ^~~~~~~
In file included from /usr/include/signal.h:291:0,
                 from conftest.c:34:
/usr/include/x86_64-linux-gnu/bits/sigcontext.h:53:8: note: originally defined here
 struct _xmmreg
        ^~~~~~~
In file included from conftest.c:38:0:
/usr/include/x86_64-linux-gnu/asm/sigcontext.h:180:8: error: redefinition of 'struct _ymmh_state'
 struct _ymmh_state {
        ^~~~~~~~~~~
In file included from /usr/include/signal.h:291:0,
                 from conftest.c:34:
/usr/include/x86_64-linux-gnu/bits/sigcontext.h:184:8: note: originally defined here
 struct _ymmh_state
        ^~~~~~~~~~~
In file included from conftest.c:38:0:
/usr/include/x86_64-linux-gnu/asm/sigcontext.h:192:8: error: redefinition of 'struct _xstate'
 struct _xstate {
        ^~~~~~~
In file included from /usr/include/signal.h:291:0,
                 from conftest.c:34:
/usr/include/x86_64-linux-gnu/bits/sigcontext.h:189:8: note: originally defined here
 struct _xstate
        ^~~~~~~
In file included from conftest.c:38:0:
/usr/include/x86_64-linux-gnu/asm/sigcontext.h:317:8: error: redefinition of 'struct sigcontext'
 struct sigcontext {
        ^~~~~~~~~~
In file included from /usr/include/signal.h:291:0,
                 from conftest.c:34:
/usr/include/x86_64-linux-gnu/bits/sigcontext.h:139:8: note: originally defined here
 struct sigcontext
        ^~~~~~~~~~
In file included from conftest.c:39:0:
./src/fault-linux-m68k.c: In function 'get_fault_addr':
./src/fault-linux-m68k.c:22:20: error: 'struct sigcontext' has no member named 'sc_formatvec'
   int format = (scp->sc_formatvec >> 12) & 0xf;
                    ^~
configure:11564: $? = 1
configure: program exited with status 1
configure: failed program was:
| /* confdefs.h */
| #define PACKAGE_NAME ""
| #define PACKAGE_TARNAME ""
| #define PACKAGE_VERSION ""
| #define PACKAGE_STRING ""
| #define PACKAGE_BUGREPORT ""
| #define PACKAGE_URL ""
| #define PACKAGE "libsigsegv"
| #define VERSION "2.5"
| #define STDC_HEADERS 1
| #define HAVE_SYS_TYPES_H 1
| #define HAVE_SYS_STAT_H 1
| #define HAVE_STDLIB_H 1
| #define HAVE_STRING_H 1
| #define HAVE_MEMORY_H 1
| #define HAVE_STRINGS_H 1
| #define HAVE_INTTYPES_H 1
| #define HAVE_STDINT_H 1
| #define HAVE_UNISTD_H 1
| #define HAVE_DLFCN_H 1
| #define LT_OBJDIR ".libs/"
| #define HAVE_SYS_SIGNAL_H 1
| #define CFG_SIGNALS "signals.h"
| #define HAVE_UNISTD_H 1
| #define HAVE_GETPAGESIZE 1
| #define HAVE_SYSCONF_PAGESIZE 1
| #define HAVE_MMAP_ANON 1
| #define HAVE_MMAP_ANONYMOUS 1
| #define HAVE_MMAP_DEVZERO 1
| /* end confdefs.h.  */
| 
| 
| #include <stdlib.h>
| #include <signal.h>
| #if HAVE_SYS_SIGNAL_H
| # include <sys/signal.h>
| #endif
| #include <asm/sigcontext.h>
| #include "./src/fault-linux-m68k.c"
| #include <sys/types.h>
| #include <sys/mman.h>
| #if HAVE_MMAP_DEVZERO
| # include <fcntl.h>
| # ifndef MAP_FILE
| #  define MAP_FILE 0
| # endif
| #endif
| #ifndef PROT_NONE
| # define PROT_NONE 0
| #endif
| #if HAVE_MMAP_ANON
| # define zero_fd -1
| # define map_flags MAP_ANON | MAP_PRIVATE
| #elif HAVE_MMAP_ANONYMOUS
| # define zero_fd -1
| # define map_flags MAP_ANONYMOUS | MAP_PRIVATE
| #elif HAVE_MMAP_DEVZERO
| static int zero_fd;
| # define map_flags MAP_FILE | MAP_PRIVATE
| #endif
| unsigned long page;
| int handler_called = 0;
| void sigsegv_handler (int sig, int code, struct sigcontext *scp)
| {
|   void *fault_address = (void *) (get_fault_addr (scp));
|   handler_called++;
|   if (handler_called == 10)
|     exit (4);
|   if (fault_address != (void*)(page + 0x678))
|     exit (3);
|   if (mprotect ((void *) page, 0x10000, PROT_READ | PROT_WRITE) < 0)
|     exit (2);
| }
| void crasher (unsigned long p)
| {
|   *(int *) (p + 0x678) = 42;
| }
| int main ()
| {
|   void *p;
|   struct sigaction action;
|   /* Preparations.  */
| #if !HAVE_MMAP_ANON && !HAVE_MMAP_ANONYMOUS && HAVE_MMAP_DEVZERO
|   zero_fd = open ("/dev/zero", O_RDONLY, 0644);
| #endif
|   /* Setup some mmaped memory.  */
| #ifdef __hpux
|   /* HP-UX 10 mmap() often fails when given a hint.  So give the OS complete
|      freedom about the address range.  */
|   p = mmap ((void *) 0,          0x10000, PROT_READ | PROT_WRITE, map_flags, zero_fd, 0);
| #else
|   p = mmap ((void *) 0x12340000, 0x10000, PROT_READ | PROT_WRITE, map_flags, zero_fd, 0);
| #endif
|   if (p == (void *)(-1))
|     exit (2);
|   page = (unsigned long) p;
|   /* Make it read-only.  */
|   if (mprotect ((void *) page, 0x10000, PROT_READ) < 0)
|     exit (2);
|   /* Install the SIGSEGV handler.  */
|   sigemptyset(&action.sa_mask);
| 
|   action.sa_handler = (void (*) (int)) &sigsegv_handler;
|   action.sa_flags = 0;
| 
|   sigaction (SIGSEGV, &action, (struct sigaction *) NULL);
|   sigaction (SIGBUS, &action, (struct sigaction *) NULL);
|   /* The first write access should invoke the handler and then complete.  */
|   crasher (page);
|   /* The second write access should not invoke the handler.  */
|   crasher (page);
|   /* Check that the handler was called only once.  */
|   if (handler_called != 1)
|     exit (1);
|   /* Test passed!  */
|   return 0;
| }
configure:11575: result: no
configure:11583: checking whether a fault handler according to Linux/PowerPC works
configure:11713: gcc -o conftest -g -O2   conftest.c  >&5
In file included from conftest.c:38:0:
/usr/include/x86_64-linux-gnu/asm/sigcontext.h:40:8: error: redefinition of 'struct _fpx_sw_bytes'
 struct _fpx_sw_bytes {
        ^~~~~~~~~~~~~
In file included from /usr/include/signal.h:291:0,
                 from conftest.c:34:
/usr/include/x86_64-linux-gnu/bits/sigcontext.h:31:8: note: originally defined here
 struct _fpx_sw_bytes
        ^~~~~~~~~~~~~
In file included from conftest.c:38:0:
/usr/include/x86_64-linux-gnu/asm/sigcontext.h:85:8: error: redefinition of 'struct _fpreg'
 struct _fpreg {
        ^~~~~~
In file included from /usr/include/signal.h:291:0,
                 from conftest.c:34:
/usr/include/x86_64-linux-gnu/bits/sigcontext.h:40:8: note: originally defined here
 struct _fpreg
        ^~~~~~
In file included from conftest.c:38:0:
/usr/include/x86_64-linux-gnu/asm/sigcontext.h:91:8: error: redefinition of 'struct _fpxreg'
 struct _fpxreg {
        ^~~~~~~
In file included from /usr/include/signal.h:291:0,
                 from conftest.c:34:
/usr/include/x86_64-linux-gnu/bits/sigcontext.h:46:8: note: originally defined here
 struct _fpxreg
        ^~~~~~~
In file included from conftest.c:38:0:
/usr/include/x86_64-linux-gnu/asm/sigcontext.h:98:8: error: redefinition of 'struct _xmmreg'
 struct _xmmreg {
        ^~~~~~~
In file included from /usr/include/signal.h:291:0,
                 from conftest.c:34:
/usr/include/x86_64-linux-gnu/bits/sigcontext.h:53:8: note: originally defined here
 struct _xmmreg
        ^~~~~~~
In file included from conftest.c:38:0:
/usr/include/x86_64-linux-gnu/asm/sigcontext.h:180:8: error: redefinition of 'struct _ymmh_state'
 struct _ymmh_state {
        ^~~~~~~~~~~
In file included from /usr/include/signal.h:291:0,
                 from conftest.c:34:
/usr/include/x86_64-linux-gnu/bits/sigcontext.h:184:8: note: originally defined here
 struct _ymmh_state
        ^~~~~~~~~~~
In file included from conftest.c:38:0:
/usr/include/x86_64-linux-gnu/asm/sigcontext.h:192:8: error: redefinition of 'struct _xstate'
 struct _xstate {
        ^~~~~~~
In file included from /usr/include/signal.h:291:0,
                 from conftest.c:34:
/usr/include/x86_64-linux-gnu/bits/sigcontext.h:189:8: note: originally defined here
 struct _xstate
        ^~~~~~~
In file included from conftest.c:38:0:
/usr/include/x86_64-linux-gnu/asm/sigcontext.h:317:8: error: redefinition of 'struct sigcontext'
 struct sigcontext {
        ^~~~~~~~~~
In file included from /usr/include/signal.h:291:0,
                 from conftest.c:34:
/usr/include/x86_64-linux-gnu/bits/sigcontext.h:139:8: note: originally defined here
 struct sigcontext
        ^~~~~~~~~~
conftest.c: In function 'sigsegv_handler':
conftest.c:64:40: error: 'struct sigcontext' has no member named 'regs'; did you mean 'gs'?
   void *fault_address = (void *) (scp->regs->dar);
                                        ^~~~
                                        gs
configure:11713: $? = 1
configure: program exited with status 1
configure: failed program was:
| /* confdefs.h */
| #define PACKAGE_NAME ""
| #define PACKAGE_TARNAME ""
| #define PACKAGE_VERSION ""
| #define PACKAGE_STRING ""
| #define PACKAGE_BUGREPORT ""
| #define PACKAGE_URL ""
| #define PACKAGE "libsigsegv"
| #define VERSION "2.5"
| #define STDC_HEADERS 1
| #define HAVE_SYS_TYPES_H 1
| #define HAVE_SYS_STAT_H 1
| #define HAVE_STDLIB_H 1
| #define HAVE_STRING_H 1
| #define HAVE_MEMORY_H 1
| #define HAVE_STRINGS_H 1
| #define HAVE_INTTYPES_H 1
| #define HAVE_STDINT_H 1
| #define HAVE_UNISTD_H 1
| #define HAVE_DLFCN_H 1
| #define LT_OBJDIR ".libs/"
| #define HAVE_SYS_SIGNAL_H 1
| #define CFG_SIGNALS "signals.h"
| #define HAVE_UNISTD_H 1
| #define HAVE_GETPAGESIZE 1
| #define HAVE_SYSCONF_PAGESIZE 1
| #define HAVE_MMAP_ANON 1
| #define HAVE_MMAP_ANONYMOUS 1
| #define HAVE_MMAP_DEVZERO 1
| /* end confdefs.h.  */
| 
| 
| #include <stdlib.h>
| #include <signal.h>
| #if HAVE_SYS_SIGNAL_H
| # include <sys/signal.h>
| #endif
| #include <asm/sigcontext.h>
| #include <sys/types.h>
| #include <sys/mman.h>
| #if HAVE_MMAP_DEVZERO
| # include <fcntl.h>
| # ifndef MAP_FILE
| #  define MAP_FILE 0
| # endif
| #endif
| #ifndef PROT_NONE
| # define PROT_NONE 0
| #endif
| #if HAVE_MMAP_ANON
| # define zero_fd -1
| # define map_flags MAP_ANON | MAP_PRIVATE
| #elif HAVE_MMAP_ANONYMOUS
| # define zero_fd -1
| # define map_flags MAP_ANONYMOUS | MAP_PRIVATE
| #elif HAVE_MMAP_DEVZERO
| static int zero_fd;
| # define map_flags MAP_FILE | MAP_PRIVATE
| #endif
| unsigned long page;
| int handler_called = 0;
| void sigsegv_handler (int sig, struct sigcontext *scp)
| {
|   void *fault_address = (void *) (scp->regs->dar);
|   handler_called++;
|   if (handler_called == 10)
|     exit (4);
|   if (fault_address != (void*)(page + 0x678))
|     exit (3);
|   if (mprotect ((void *) page, 0x10000, PROT_READ | PROT_WRITE) < 0)
|     exit (2);
| }
| void crasher (unsigned long p)
| {
|   *(int *) (p + 0x678) = 42;
| }
| int main ()
| {
|   void *p;
|   struct sigaction action;
|   /* Preparations.  */
| #if !HAVE_MMAP_ANON && !HAVE_MMAP_ANONYMOUS && HAVE_MMAP_DEVZERO
|   zero_fd = open ("/dev/zero", O_RDONLY, 0644);
| #endif
|   /* Setup some mmaped memory.  */
| #ifdef __hpux
|   /* HP-UX 10 mmap() often fails when given a hint.  So give the OS complete
|      freedom about the address range.  */
|   p = mmap ((void *) 0,          0x10000, PROT_READ | PROT_WRITE, map_flags, zero_fd, 0);
| #else
|   p = mmap ((void *) 0x12340000, 0x10000, PROT_READ | PROT_WRITE, map_flags, zero_fd, 0);
| #endif
|   if (p == (void *)(-1))
|     exit (2);
|   page = (unsigned long) p;
|   /* Make it read-only.  */
|   if (mprotect ((void *) page, 0x10000, PROT_READ) < 0)
|     exit (2);
|   /* Install the SIGSEGV handler.  */
|   sigemptyset(&action.sa_mask);
| 
|   action.sa_handler = (void (*) (int)) &sigsegv_handler;
|   action.sa_flags = 0;
| 
|   sigaction (SIGSEGV, &action, (struct sigaction *) NULL);
|   sigaction (SIGBUS, &action, (struct sigaction *) NULL);
|   /* The first write access should invoke the handler and then complete.  */
|   crasher (page);
|   /* The second write access should not invoke the handler.  */
|   crasher (page);
|   /* Check that the handler was called only once.  */
|   if (handler_called != 1)
|     exit (1);
|   /* Test passed!  */
|   return 0;
| }
configure:11724: result: no
configure:11732: checking whether a fault handler according to Linux/HPPA works
configure:11861: gcc -o conftest -g -O2   conftest.c  >&5
configure:11861: $? = 0
configure:11861: ./conftest
configure:11861: $? = 3
configure: program exited with status 3
configure: failed program was:
| /* confdefs.h */
| #define PACKAGE_NAME ""
| #define PACKAGE_TARNAME ""
| #define PACKAGE_VERSION ""
| #define PACKAGE_STRING ""
| #define PACKAGE_BUGREPORT ""
| #define PACKAGE_URL ""
| #define PACKAGE "libsigsegv"
| #define VERSION "2.5"
| #define STDC_HEADERS 1
| #define HAVE_SYS_TYPES_H 1
| #define HAVE_SYS_STAT_H 1
| #define HAVE_STDLIB_H 1
| #define HAVE_STRING_H 1
| #define HAVE_MEMORY_H 1
| #define HAVE_STRINGS_H 1
| #define HAVE_INTTYPES_H 1
| #define HAVE_STDINT_H 1
| #define HAVE_UNISTD_H 1
| #define HAVE_DLFCN_H 1
| #define LT_OBJDIR ".libs/"
| #define HAVE_SYS_SIGNAL_H 1
| #define CFG_SIGNALS "signals.h"
| #define HAVE_UNISTD_H 1
| #define HAVE_GETPAGESIZE 1
| #define HAVE_SYSCONF_PAGESIZE 1
| #define HAVE_MMAP_ANON 1
| #define HAVE_MMAP_ANONYMOUS 1
| #define HAVE_MMAP_DEVZERO 1
| /* end confdefs.h.  */
| 
| 
| #include <stdlib.h>
| #include <signal.h>
| #if HAVE_SYS_SIGNAL_H
| # include <sys/signal.h>
| #endif
| 
| #include <sys/types.h>
| #include <sys/mman.h>
| #if HAVE_MMAP_DEVZERO
| # include <fcntl.h>
| # ifndef MAP_FILE
| #  define MAP_FILE 0
| # endif
| #endif
| #ifndef PROT_NONE
| # define PROT_NONE 0
| #endif
| #if HAVE_MMAP_ANON
| # define zero_fd -1
| # define map_flags MAP_ANON | MAP_PRIVATE
| #elif HAVE_MMAP_ANONYMOUS
| # define zero_fd -1
| # define map_flags MAP_ANONYMOUS | MAP_PRIVATE
| #elif HAVE_MMAP_DEVZERO
| static int zero_fd;
| # define map_flags MAP_FILE | MAP_PRIVATE
| #endif
| unsigned long page;
| int handler_called = 0;
| void sigsegv_handler (int sig, siginfo_t *sip, void *ucp)
| {
|   void *fault_address = (void *) (sip->si_ptr);
|   handler_called++;
|   if (handler_called == 10)
|     exit (4);
|   if (fault_address != (void*)(page + 0x678))
|     exit (3);
|   if (mprotect ((void *) page, 0x10000, PROT_READ | PROT_WRITE) < 0)
|     exit (2);
| }
| void crasher (unsigned long p)
| {
|   *(int *) (p + 0x678) = 42;
| }
| int main ()
| {
|   void *p;
|   struct sigaction action;
|   /* Preparations.  */
| #if !HAVE_MMAP_ANON && !HAVE_MMAP_ANONYMOUS && HAVE_MMAP_DEVZERO
|   zero_fd = open ("/dev/zero", O_RDONLY, 0644);
| #endif
|   /* Setup some mmaped memory.  */
| #ifdef __hpux
|   /* HP-UX 10 mmap() often fails when given a hint.  So give the OS complete
|      freedom about the address range.  */
|   p = mmap ((void *) 0,          0x10000, PROT_READ | PROT_WRITE, map_flags, zero_fd, 0);
| #else
|   p = mmap ((void *) 0x12340000, 0x10000, PROT_READ | PROT_WRITE, map_flags, zero_fd, 0);
| #endif
|   if (p == (void *)(-1))
|     exit (2);
|   page = (unsigned long) p;
|   /* Make it read-only.  */
|   if (mprotect ((void *) page, 0x10000, PROT_READ) < 0)
|     exit (2);
|   /* Install the SIGSEGV handler.  */
|   sigemptyset(&action.sa_mask);
| action.sa_sigaction = &sigsegv_handler;
|    action.sa_flags = SA_SIGINFO;
|   sigaction (SIGSEGV, &action, (struct sigaction *) NULL);
|   sigaction (SIGBUS, &action, (struct sigaction *) NULL);
|   /* The first write access should invoke the handler and then complete.  */
|   crasher (page);
|   /* The second write access should not invoke the handler.  */
|   crasher (page);
|   /* Check that the handler was called only once.  */
|   if (handler_called != 1)
|     exit (1);
|   /* Test passed!  */
|   return 0;
| }
configure:11872: result: no
configure:11880: checking whether a fault handler according to BSD works
configure:12010: gcc -o conftest -g -O2   conftest.c  >&5
configure:12010: $? = 0
configure:12010: ./conftest
configure:12010: $? = 3
configure: program exited with status 3
configure: failed program was:
| /* confdefs.h */
| #define PACKAGE_NAME ""
| #define PACKAGE_TARNAME ""
| #define PACKAGE_VERSION ""
| #define PACKAGE_STRING ""
| #define PACKAGE_BUGREPORT ""
| #define PACKAGE_URL ""
| #define PACKAGE "libsigsegv"
| #define VERSION "2.5"
| #define STDC_HEADERS 1
| #define HAVE_SYS_TYPES_H 1
| #define HAVE_SYS_STAT_H 1
| #define HAVE_STDLIB_H 1
| #define HAVE_STRING_H 1
| #define HAVE_MEMORY_H 1
| #define HAVE_STRINGS_H 1
| #define HAVE_INTTYPES_H 1
| #define HAVE_STDINT_H 1
| #define HAVE_UNISTD_H 1
| #define HAVE_DLFCN_H 1
| #define LT_OBJDIR ".libs/"
| #define HAVE_SYS_SIGNAL_H 1
| #define CFG_SIGNALS "signals.h"
| #define HAVE_UNISTD_H 1
| #define HAVE_GETPAGESIZE 1
| #define HAVE_SYSCONF_PAGESIZE 1
| #define HAVE_MMAP_ANON 1
| #define HAVE_MMAP_ANONYMOUS 1
| #define HAVE_MMAP_DEVZERO 1
| /* end confdefs.h.  */
| 
| 
| #include <stdlib.h>
| #include <signal.h>
| #if HAVE_SYS_SIGNAL_H
| # include <sys/signal.h>
| #endif
| 
| #include <sys/types.h>
| #include <sys/mman.h>
| #if HAVE_MMAP_DEVZERO
| # include <fcntl.h>
| # ifndef MAP_FILE
| #  define MAP_FILE 0
| # endif
| #endif
| #ifndef PROT_NONE
| # define PROT_NONE 0
| #endif
| #if HAVE_MMAP_ANON
| # define zero_fd -1
| # define map_flags MAP_ANON | MAP_PRIVATE
| #elif HAVE_MMAP_ANONYMOUS
| # define zero_fd -1
| # define map_flags MAP_ANONYMOUS | MAP_PRIVATE
| #elif HAVE_MMAP_DEVZERO
| static int zero_fd;
| # define map_flags MAP_FILE | MAP_PRIVATE
| #endif
| unsigned long page;
| int handler_called = 0;
| void sigsegv_handler (int sig, int code, struct sigcontext *scp, void *addr)
| {
|   void *fault_address = (void *) (addr);
|   handler_called++;
|   if (handler_called == 10)
|     exit (4);
|   if (fault_address != (void*)(page + 0x678))
|     exit (3);
|   if (mprotect ((void *) page, 0x10000, PROT_READ | PROT_WRITE) < 0)
|     exit (2);
| }
| void crasher (unsigned long p)
| {
|   *(int *) (p + 0x678) = 42;
| }
| int main ()
| {
|   void *p;
|   struct sigaction action;
|   /* Preparations.  */
| #if !HAVE_MMAP_ANON && !HAVE_MMAP_ANONYMOUS && HAVE_MMAP_DEVZERO
|   zero_fd = open ("/dev/zero", O_RDONLY, 0644);
| #endif
|   /* Setup some mmaped memory.  */
| #ifdef __hpux
|   /* HP-UX 10 mmap() often fails when given a hint.  So give the OS complete
|      freedom about the address range.  */
|   p = mmap ((void *) 0,          0x10000, PROT_READ | PROT_WRITE, map_flags, zero_fd, 0);
| #else
|   p = mmap ((void *) 0x12340000, 0x10000, PROT_READ | PROT_WRITE, map_flags, zero_fd, 0);
| #endif
|   if (p == (void *)(-1))
|     exit (2);
|   page = (unsigned long) p;
|   /* Make it read-only.  */
|   if (mprotect ((void *) page, 0x10000, PROT_READ) < 0)
|     exit (2);
|   /* Install the SIGSEGV handler.  */
|   sigemptyset(&action.sa_mask);
| 
|   action.sa_handler = (void (*) (int)) &sigsegv_handler;
|   action.sa_flags = 0;
| 
|   sigaction (SIGSEGV, &action, (struct sigaction *) NULL);
|   sigaction (SIGBUS, &action, (struct sigaction *) NULL);
|   /* The first write access should invoke the handler and then complete.  */
|   crasher (page);
|   /* The second write access should not invoke the handler.  */
|   crasher (page);
|   /* Check that the handler was called only once.  */
|   if (handler_called != 1)
|     exit (1);
|   /* Test passed!  */
|   return 0;
| }
configure:12021: result: no
configure:12029: checking whether a fault handler according to IRIX works
configure:12159: gcc -o conftest -g -O2   conftest.c  >&5
conftest.c: In function 'sigsegv_handler':
conftest.c:64:54: error: 'struct sigcontext' has no member named 'sc_badvaddr'
   void *fault_address = (void *) ((unsigned long) scp->sc_badvaddr);
                                                      ^~
configure:12159: $? = 1
configure: program exited with status 1
configure: failed program was:
| /* confdefs.h */
| #define PACKAGE_NAME ""
| #define PACKAGE_TARNAME ""
| #define PACKAGE_VERSION ""
| #define PACKAGE_STRING ""
| #define PACKAGE_BUGREPORT ""
| #define PACKAGE_URL ""
| #define PACKAGE "libsigsegv"
| #define VERSION "2.5"
| #define STDC_HEADERS 1
| #define HAVE_SYS_TYPES_H 1
| #define HAVE_SYS_STAT_H 1
| #define HAVE_STDLIB_H 1
| #define HAVE_STRING_H 1
| #define HAVE_MEMORY_H 1
| #define HAVE_STRINGS_H 1
| #define HAVE_INTTYPES_H 1
| #define HAVE_STDINT_H 1
| #define HAVE_UNISTD_H 1
| #define HAVE_DLFCN_H 1
| #define LT_OBJDIR ".libs/"
| #define HAVE_SYS_SIGNAL_H 1
| #define CFG_SIGNALS "signals.h"
| #define HAVE_UNISTD_H 1
| #define HAVE_GETPAGESIZE 1
| #define HAVE_SYSCONF_PAGESIZE 1
| #define HAVE_MMAP_ANON 1
| #define HAVE_MMAP_ANONYMOUS 1
| #define HAVE_MMAP_DEVZERO 1
| /* end confdefs.h.  */
| 
| 
| #include <stdlib.h>
| #include <signal.h>
| #if HAVE_SYS_SIGNAL_H
| # include <sys/signal.h>
| #endif
| 
| #include <sys/types.h>
| #include <sys/mman.h>
| #if HAVE_MMAP_DEVZERO
| # include <fcntl.h>
| # ifndef MAP_FILE
| #  define MAP_FILE 0
| # endif
| #endif
| #ifndef PROT_NONE
| # define PROT_NONE 0
| #endif
| #if HAVE_MMAP_ANON
| # define zero_fd -1
| # define map_flags MAP_ANON | MAP_PRIVATE
| #elif HAVE_MMAP_ANONYMOUS
| # define zero_fd -1
| # define map_flags MAP_ANONYMOUS | MAP_PRIVATE
| #elif HAVE_MMAP_DEVZERO
| static int zero_fd;
| # define map_flags MAP_FILE | MAP_PRIVATE
| #endif
| unsigned long page;
| int handler_called = 0;
| void sigsegv_handler (int sig, int code, struct sigcontext *scp)
| {
|   void *fault_address = (void *) ((unsigned long) scp->sc_badvaddr);
|   handler_called++;
|   if (handler_called == 10)
|     exit (4);
|   if (fault_address != (void*)(page + 0x678))
|     exit (3);
|   if (mprotect ((void *) page, 0x10000, PROT_READ | PROT_WRITE) < 0)
|     exit (2);
| }
| void crasher (unsigned long p)
| {
|   *(int *) (p + 0x678) = 42;
| }
| int main ()
| {
|   void *p;
|   struct sigaction action;
|   /* Preparations.  */
| #if !HAVE_MMAP_ANON && !HAVE_MMAP_ANONYMOUS && HAVE_MMAP_DEVZERO
|   zero_fd = open ("/dev/zero", O_RDONLY, 0644);
| #endif
|   /* Setup some mmaped memory.  */
| #ifdef __hpux
|   /* HP-UX 10 mmap() often fails when given a hint.  So give the OS complete
|      freedom about the address range.  */
|   p = mmap ((void *) 0,          0x10000, PROT_READ | PROT_WRITE, map_flags, zero_fd, 0);
| #else
|   p = mmap ((void *) 0x12340000, 0x10000, PROT_READ | PROT_WRITE, map_flags, zero_fd, 0);
| #endif
|   if (p == (void *)(-1))
|     exit (2);
|   page = (unsigned long) p;
|   /* Make it read-only.  */
|   if (mprotect ((void *) page, 0x10000, PROT_READ) < 0)
|     exit (2);
|   /* Install the SIGSEGV handler.  */
|   sigemptyset(&action.sa_mask);
| 
|   action.sa_handler = (void (*) (int)) &sigsegv_handler;
|   action.sa_flags = 0;
| 
|   sigaction (SIGSEGV, &action, (struct sigaction *) NULL);
|   sigaction (SIGBUS, &action, (struct sigaction *) NULL);
|   /* The first write access should invoke the handler and then complete.  */
|   crasher (page);
|   /* The second write access should not invoke the handler.  */
|   crasher (page);
|   /* Check that the handler was called only once.  */
|   if (handler_called != 1)
|     exit (1);
|   /* Test passed!  */
|   return 0;
| }
configure:12170: result: no
configure:12178: checking whether a fault handler according to HP-UX HPPA works
configure:12318: gcc -o conftest -g -O2   conftest.c  >&5
conftest.c: In function 'sigsegv_handler':
conftest.c:67:48: error: 'struct sigcontext' has no member named 'sc_sl'
   void *fault_address = (void *) (GET_CR21 (scp->sc_sl.sl_ss));
                                                ^
conftest.c:39:33: note: in definition of macro 'USE_64BIT_REGS'
 #define USE_64BIT_REGS(mc)   (((mc).ss_flags & SS_WIDEREGS) && ((mc).ss_flags & SS_NARROWISINVALID))
                                 ^~
conftest.c:67:35: note: in expansion of macro 'GET_CR21'
   void *fault_address = (void *) (GET_CR21 (scp->sc_sl.sl_ss));
                                   ^~~~~~~~
conftest.c:39:48: error: 'SS_WIDEREGS' undeclared (first use in this function); did you mean 'S_IFREG'?
 #define USE_64BIT_REGS(mc)   (((mc).ss_flags & SS_WIDEREGS) && ((mc).ss_flags & SS_NARROWISINVALID))
                                                ^
conftest.c:40:25: note: in expansion of macro 'USE_64BIT_REGS'
 #define GET_CR21(mc)   (USE_64BIT_REGS(mc) ? (mc).ss_wide.ss_64.ss_cr21 : (mc).ss_narrow.ss_cr21)
                         ^~~~~~~~~~~~~~
conftest.c:67:35: note: in expansion of macro 'GET_CR21'
   void *fault_address = (void *) (GET_CR21 (scp->sc_sl.sl_ss));
                                   ^~~~~~~~
conftest.c:39:48: note: each undeclared identifier is reported only once for each function it appears in
 #define USE_64BIT_REGS(mc)   (((mc).ss_flags & SS_WIDEREGS) && ((mc).ss_flags & SS_NARROWISINVALID))
                                                ^
conftest.c:40:25: note: in expansion of macro 'USE_64BIT_REGS'
 #define GET_CR21(mc)   (USE_64BIT_REGS(mc) ? (mc).ss_wide.ss_64.ss_cr21 : (mc).ss_narrow.ss_cr21)
                         ^~~~~~~~~~~~~~
conftest.c:67:35: note: in expansion of macro 'GET_CR21'
   void *fault_address = (void *) (GET_CR21 (scp->sc_sl.sl_ss));
                                   ^~~~~~~~
conftest.c:67:48: error: 'struct sigcontext' has no member named 'sc_sl'
   void *fault_address = (void *) (GET_CR21 (scp->sc_sl.sl_ss));
                                                ^
conftest.c:39:66: note: in definition of macro 'USE_64BIT_REGS'
 #define USE_64BIT_REGS(mc)   (((mc).ss_flags & SS_WIDEREGS) && ((mc).ss_flags & SS_NARROWISINVALID))
                                                                  ^~
conftest.c:67:35: note: in expansion of macro 'GET_CR21'
   void *fault_address = (void *) (GET_CR21 (scp->sc_sl.sl_ss));
                                   ^~~~~~~~
conftest.c:39:81: error: 'SS_NARROWISINVALID' undeclared (first use in this function)
 #define USE_64BIT_REGS(mc)   (((mc).ss_flags & SS_WIDEREGS) && ((mc).ss_flags & SS_NARROWISINVALID))
                                                                                 ^
conftest.c:40:25: note: in expansion of macro 'USE_64BIT_REGS'
 #define GET_CR21(mc)   (USE_64BIT_REGS(mc) ? (mc).ss_wide.ss_64.ss_cr21 : (mc).ss_narrow.ss_cr21)
                         ^~~~~~~~~~~~~~
conftest.c:67:35: note: in expansion of macro 'GET_CR21'
   void *fault_address = (void *) (GET_CR21 (scp->sc_sl.sl_ss));
                                   ^~~~~~~~
conftest.c:67:48: error: 'struct sigcontext' has no member named 'sc_sl'
   void *fault_address = (void *) (GET_CR21 (scp->sc_sl.sl_ss));
                                                ^
conftest.c:40:47: note: in definition of macro 'GET_CR21'
 #define GET_CR21(mc)   (USE_64BIT_REGS(mc) ? (mc).ss_wide.ss_64.ss_cr21 : (mc).ss_narrow.ss_cr21)
                                               ^~
conftest.c:67:48: error: 'struct sigcontext' has no member named 'sc_sl'
   void *fault_address = (void *) (GET_CR21 (scp->sc_sl.sl_ss));
                                                ^
conftest.c:40:76: note: in definition of macro 'GET_CR21'
 #define GET_CR21(mc)   (USE_64BIT_REGS(mc) ? (mc).ss_wide.ss_64.ss_cr21 : (mc).ss_narrow.ss_cr21)
                                                                            ^~
configure:12318: $? = 1
configure: program exited with status 1
configure: failed program was:
| /* confdefs.h */
| #define PACKAGE_NAME ""
| #define PACKAGE_TARNAME ""
| #define PACKAGE_VERSION ""
| #define PACKAGE_STRING ""
| #define PACKAGE_BUGREPORT ""
| #define PACKAGE_URL ""
| #define PACKAGE "libsigsegv"
| #define VERSION "2.5"
| #define STDC_HEADERS 1
| #define HAVE_SYS_TYPES_H 1
| #define HAVE_SYS_STAT_H 1
| #define HAVE_STDLIB_H 1
| #define HAVE_STRING_H 1
| #define HAVE_MEMORY_H 1
| #define HAVE_STRINGS_H 1
| #define HAVE_INTTYPES_H 1
| #define HAVE_STDINT_H 1
| #define HAVE_UNISTD_H 1
| #define HAVE_DLFCN_H 1
| #define LT_OBJDIR ".libs/"
| #define HAVE_SYS_SIGNAL_H 1
| #define CFG_SIGNALS "signals.h"
| #define HAVE_UNISTD_H 1
| #define HAVE_GETPAGESIZE 1
| #define HAVE_SYSCONF_PAGESIZE 1
| #define HAVE_MMAP_ANON 1
| #define HAVE_MMAP_ANONYMOUS 1
| #define HAVE_MMAP_DEVZERO 1
| /* end confdefs.h.  */
| 
| 
| #include <stdlib.h>
| #include <signal.h>
| #if HAVE_SYS_SIGNAL_H
| # include <sys/signal.h>
| #endif
| 
| #define USE_64BIT_REGS(mc)   (((mc).ss_flags & SS_WIDEREGS) && ((mc).ss_flags & SS_NARROWISINVALID))
| #define GET_CR21(mc)   (USE_64BIT_REGS(mc) ? (mc).ss_wide.ss_64.ss_cr21 : (mc).ss_narrow.ss_cr21)
| 
| #include <sys/types.h>
| #include <sys/mman.h>
| #if HAVE_MMAP_DEVZERO
| # include <fcntl.h>
| # ifndef MAP_FILE
| #  define MAP_FILE 0
| # endif
| #endif
| #ifndef PROT_NONE
| # define PROT_NONE 0
| #endif
| #if HAVE_MMAP_ANON
| # define zero_fd -1
| # define map_flags MAP_ANON | MAP_PRIVATE
| #elif HAVE_MMAP_ANONYMOUS
| # define zero_fd -1
| # define map_flags MAP_ANONYMOUS | MAP_PRIVATE
| #elif HAVE_MMAP_DEVZERO
| static int zero_fd;
| # define map_flags MAP_FILE | MAP_PRIVATE
| #endif
| unsigned long page;
| int handler_called = 0;
| void sigsegv_handler (int sig, int code, struct sigcontext *scp)
| {
|   void *fault_address = (void *) (GET_CR21 (scp->sc_sl.sl_ss));
|   handler_called++;
|   if (handler_called == 10)
|     exit (4);
|   if (fault_address != (void*)(page + 0x678))
|     exit (3);
|   if (mprotect ((void *) page, 0x10000, PROT_READ | PROT_WRITE) < 0)
|     exit (2);
| }
| void crasher (unsigned long p)
| {
|   *(int *) (p + 0x678) = 42;
| }
| int main ()
| {
|   void *p;
|   struct sigaction action;
|   /* Preparations.  */
| #if !HAVE_MMAP_ANON && !HAVE_MMAP_ANONYMOUS && HAVE_MMAP_DEVZERO
|   zero_fd = open ("/dev/zero", O_RDONLY, 0644);
| #endif
|   /* Setup some mmaped memory.  */
| #ifdef __hpux
|   /* HP-UX 10 mmap() often fails when given a hint.  So give the OS complete
|      freedom about the address range.  */
|   p = mmap ((void *) 0,          0x10000, PROT_READ | PROT_WRITE, map_flags, zero_fd, 0);
| #else
|   p = mmap ((void *) 0x12340000, 0x10000, PROT_READ | PROT_WRITE, map_flags, zero_fd, 0);
| #endif
|   if (p == (void *)(-1))
|     exit (2);
|   page = (unsigned long) p;
|   /* Make it read-only.  */
|   if (mprotect ((void *) page, 0x10000, PROT_READ) < 0)
|     exit (2);
|   /* Install the SIGSEGV handler.  */
|   sigemptyset(&action.sa_mask);
| 
|   action.sa_handler = (void (*) (int)) &sigsegv_handler;
|   action.sa_flags = 0;
| 
|   sigaction (SIGSEGV, &action, (struct sigaction *) NULL);
|   sigaction (SIGBUS, &action, (struct sigaction *) NULL);
|   /* The first write access should invoke the handler and then complete.  */
|   crasher (page);
|   /* The second write access should not invoke the handler.  */
|   crasher (page);
|   /* Check that the handler was called only once.  */
|   if (handler_called != 1)
|     exit (1);
|   /* Test passed!  */
|   return 0;
| }
configure:12329: result: no
configure:12337: checking whether a fault handler according to OSF/1 Alpha works
configure:12467: gcc -o conftest -g -O2   conftest.c  >&5
conftest.c: In function 'sigsegv_handler':
conftest.c:64:38: error: 'struct sigcontext' has no member named 'sc_traparg_a0'
   void *fault_address = (void *) (scp->sc_traparg_a0);
                                      ^~
configure:12467: $? = 1
configure: program exited with status 1
configure: failed program was:
| /* confdefs.h */
| #define PACKAGE_NAME ""
| #define PACKAGE_TARNAME ""
| #define PACKAGE_VERSION ""
| #define PACKAGE_STRING ""
| #define PACKAGE_BUGREPORT ""
| #define PACKAGE_URL ""
| #define PACKAGE "libsigsegv"
| #define VERSION "2.5"
| #define STDC_HEADERS 1
| #define HAVE_SYS_TYPES_H 1
| #define HAVE_SYS_STAT_H 1
| #define HAVE_STDLIB_H 1
| #define HAVE_STRING_H 1
| #define HAVE_MEMORY_H 1
| #define HAVE_STRINGS_H 1
| #define HAVE_INTTYPES_H 1
| #define HAVE_STDINT_H 1
| #define HAVE_UNISTD_H 1
| #define HAVE_DLFCN_H 1
| #define LT_OBJDIR ".libs/"
| #define HAVE_SYS_SIGNAL_H 1
| #define CFG_SIGNALS "signals.h"
| #define HAVE_UNISTD_H 1
| #define HAVE_GETPAGESIZE 1
| #define HAVE_SYSCONF_PAGESIZE 1
| #define HAVE_MMAP_ANON 1
| #define HAVE_MMAP_ANONYMOUS 1
| #define HAVE_MMAP_DEVZERO 1
| /* end confdefs.h.  */
| 
| 
| #include <stdlib.h>
| #include <signal.h>
| #if HAVE_SYS_SIGNAL_H
| # include <sys/signal.h>
| #endif
| 
| #include <sys/types.h>
| #include <sys/mman.h>
| #if HAVE_MMAP_DEVZERO
| # include <fcntl.h>
| # ifndef MAP_FILE
| #  define MAP_FILE 0
| # endif
| #endif
| #ifndef PROT_NONE
| # define PROT_NONE 0
| #endif
| #if HAVE_MMAP_ANON
| # define zero_fd -1
| # define map_flags MAP_ANON | MAP_PRIVATE
| #elif HAVE_MMAP_ANONYMOUS
| # define zero_fd -1
| # define map_flags MAP_ANONYMOUS | MAP_PRIVATE
| #elif HAVE_MMAP_DEVZERO
| static int zero_fd;
| # define map_flags MAP_FILE | MAP_PRIVATE
| #endif
| unsigned long page;
| int handler_called = 0;
| void sigsegv_handler (int sig, int code, struct sigcontext *scp)
| {
|   void *fault_address = (void *) (scp->sc_traparg_a0);
|   handler_called++;
|   if (handler_called == 10)
|     exit (4);
|   if (fault_address != (void*)(page + 0x678))
|     exit (3);
|   if (mprotect ((void *) page, 0x10000, PROT_READ | PROT_WRITE) < 0)
|     exit (2);
| }
| void crasher (unsigned long p)
| {
|   *(int *) (p + 0x678) = 42;
| }
| int main ()
| {
|   void *p;
|   struct sigaction action;
|   /* Preparations.  */
| #if !HAVE_MMAP_ANON && !HAVE_MMAP_ANONYMOUS && HAVE_MMAP_DEVZERO
|   zero_fd = open ("/dev/zero", O_RDONLY, 0644);
| #endif
|   /* Setup some mmaped memory.  */
| #ifdef __hpux
|   /* HP-UX 10 mmap() often fails when given a hint.  So give the OS complete
|      freedom about the address range.  */
|   p = mmap ((void *) 0,          0x10000, PROT_READ | PROT_WRITE, map_flags, zero_fd, 0);
| #else
|   p = mmap ((void *) 0x12340000, 0x10000, PROT_READ | PROT_WRITE, map_flags, zero_fd, 0);
| #endif
|   if (p == (void *)(-1))
|     exit (2);
|   page = (unsigned long) p;
|   /* Make it read-only.  */
|   if (mprotect ((void *) page, 0x10000, PROT_READ) < 0)
|     exit (2);
|   /* Install the SIGSEGV handler.  */
|   sigemptyset(&action.sa_mask);
| 
|   action.sa_handler = (void (*) (int)) &sigsegv_handler;
|   action.sa_flags = 0;
| 
|   sigaction (SIGSEGV, &action, (struct sigaction *) NULL);
|   sigaction (SIGBUS, &action, (struct sigaction *) NULL);
|   /* The first write access should invoke the handler and then complete.  */
|   crasher (page);
|   /* The second write access should not invoke the handler.  */
|   crasher (page);
|   /* Check that the handler was called only once.  */
|   if (handler_called != 1)
|     exit (1);
|   /* Test passed!  */
|   return 0;
| }
configure:12478: result: no
configure:12486: checking whether a fault handler according to NetBSD Alpha works
configure:12616: gcc -o conftest -g -O2   conftest.c  >&5
In file included from conftest.c:38:0:
./src/fault-netbsd-alpha.c: In function 'get_fault_addr':
./src/fault-netbsd-alpha.c:25:46: error: 'struct sigcontext' has no member named 'sc_pc'
   unsigned int instr = *((unsigned int *)(scp->sc_pc));
                                              ^~
./src/fault-netbsd-alpha.c:36:18: error: 'struct sigcontext' has no member named 'sc_regs'
   faultaddr = scp->sc_regs[(instr >> 16) & 0x1f];
                  ^~
configure:12616: $? = 1
configure: program exited with status 1
configure: failed program was:
| /* confdefs.h */
| #define PACKAGE_NAME ""
| #define PACKAGE_TARNAME ""
| #define PACKAGE_VERSION ""
| #define PACKAGE_STRING ""
| #define PACKAGE_BUGREPORT ""
| #define PACKAGE_URL ""
| #define PACKAGE "libsigsegv"
| #define VERSION "2.5"
| #define STDC_HEADERS 1
| #define HAVE_SYS_TYPES_H 1
| #define HAVE_SYS_STAT_H 1
| #define HAVE_STDLIB_H 1
| #define HAVE_STRING_H 1
| #define HAVE_MEMORY_H 1
| #define HAVE_STRINGS_H 1
| #define HAVE_INTTYPES_H 1
| #define HAVE_STDINT_H 1
| #define HAVE_UNISTD_H 1
| #define HAVE_DLFCN_H 1
| #define LT_OBJDIR ".libs/"
| #define HAVE_SYS_SIGNAL_H 1
| #define CFG_SIGNALS "signals.h"
| #define HAVE_UNISTD_H 1
| #define HAVE_GETPAGESIZE 1
| #define HAVE_SYSCONF_PAGESIZE 1
| #define HAVE_MMAP_ANON 1
| #define HAVE_MMAP_ANONYMOUS 1
| #define HAVE_MMAP_DEVZERO 1
| /* end confdefs.h.  */
| 
| 
| #include <stdlib.h>
| #include <signal.h>
| #if HAVE_SYS_SIGNAL_H
| # include <sys/signal.h>
| #endif
| #include "./src/fault-netbsd-alpha.c"
| #include <sys/types.h>
| #include <sys/mman.h>
| #if HAVE_MMAP_DEVZERO
| # include <fcntl.h>
| # ifndef MAP_FILE
| #  define MAP_FILE 0
| # endif
| #endif
| #ifndef PROT_NONE
| # define PROT_NONE 0
| #endif
| #if HAVE_MMAP_ANON
| # define zero_fd -1
| # define map_flags MAP_ANON | MAP_PRIVATE
| #elif HAVE_MMAP_ANONYMOUS
| # define zero_fd -1
| # define map_flags MAP_ANONYMOUS | MAP_PRIVATE
| #elif HAVE_MMAP_DEVZERO
| static int zero_fd;
| # define map_flags MAP_FILE | MAP_PRIVATE
| #endif
| unsigned long page;
| int handler_called = 0;
| void sigsegv_handler (int sig, int code, struct sigcontext *scp)
| {
|   void *fault_address = (void *) (get_fault_addr (scp));
|   handler_called++;
|   if (handler_called == 10)
|     exit (4);
|   if (fault_address != (void*)(page + 0x678))
|     exit (3);
|   if (mprotect ((void *) page, 0x10000, PROT_READ | PROT_WRITE) < 0)
|     exit (2);
| }
| void crasher (unsigned long p)
| {
|   *(int *) (p + 0x678) = 42;
| }
| int main ()
| {
|   void *p;
|   struct sigaction action;
|   /* Preparations.  */
| #if !HAVE_MMAP_ANON && !HAVE_MMAP_ANONYMOUS && HAVE_MMAP_DEVZERO
|   zero_fd = open ("/dev/zero", O_RDONLY, 0644);
| #endif
|   /* Setup some mmaped memory.  */
| #ifdef __hpux
|   /* HP-UX 10 mmap() often fails when given a hint.  So give the OS complete
|      freedom about the address range.  */
|   p = mmap ((void *) 0,          0x10000, PROT_READ | PROT_WRITE, map_flags, zero_fd, 0);
| #else
|   p = mmap ((void *) 0x12340000, 0x10000, PROT_READ | PROT_WRITE, map_flags, zero_fd, 0);
| #endif
|   if (p == (void *)(-1))
|     exit (2);
|   page = (unsigned long) p;
|   /* Make it read-only.  */
|   if (mprotect ((void *) page, 0x10000, PROT_READ) < 0)
|     exit (2);
|   /* Install the SIGSEGV handler.  */
|   sigemptyset(&action.sa_mask);
| 
|   action.sa_handler = (void (*) (int)) &sigsegv_handler;
|   action.sa_flags = 0;
| 
|   sigaction (SIGSEGV, &action, (struct sigaction *) NULL);
|   sigaction (SIGBUS, &action, (struct sigaction *) NULL);
|   /* The first write access should invoke the handler and then complete.  */
|   crasher (page);
|   /* The second write access should not invoke the handler.  */
|   crasher (page);
|   /* Check that the handler was called only once.  */
|   if (handler_called != 1)
|     exit (1);
|   /* Test passed!  */
|   return 0;
| }
configure:12627: result: no
configure:12635: checking whether a fault handler according to AIX works
configure:12765: gcc -o conftest -g -O2   conftest.c  >&5
conftest.c: In function 'sigsegv_handler':
conftest.c:64:38: error: 'struct sigcontext' has no member named 'sc_jmpbuf'
   void *fault_address = (void *) (scp->sc_jmpbuf.jmp_context.o_vaddr);
                                      ^~
configure:12765: $? = 1
configure: program exited with status 1
configure: failed program was:
| /* confdefs.h */
| #define PACKAGE_NAME ""
| #define PACKAGE_TARNAME ""
| #define PACKAGE_VERSION ""
| #define PACKAGE_STRING ""
| #define PACKAGE_BUGREPORT ""
| #define PACKAGE_URL ""
| #define PACKAGE "libsigsegv"
| #define VERSION "2.5"
| #define STDC_HEADERS 1
| #define HAVE_SYS_TYPES_H 1
| #define HAVE_SYS_STAT_H 1
| #define HAVE_STDLIB_H 1
| #define HAVE_STRING_H 1
| #define HAVE_MEMORY_H 1
| #define HAVE_STRINGS_H 1
| #define HAVE_INTTYPES_H 1
| #define HAVE_STDINT_H 1
| #define HAVE_UNISTD_H 1
| #define HAVE_DLFCN_H 1
| #define LT_OBJDIR ".libs/"
| #define HAVE_SYS_SIGNAL_H 1
| #define CFG_SIGNALS "signals.h"
| #define HAVE_UNISTD_H 1
| #define HAVE_GETPAGESIZE 1
| #define HAVE_SYSCONF_PAGESIZE 1
| #define HAVE_MMAP_ANON 1
| #define HAVE_MMAP_ANONYMOUS 1
| #define HAVE_MMAP_DEVZERO 1
| /* end confdefs.h.  */
| 
| 
| #include <stdlib.h>
| #include <signal.h>
| #if HAVE_SYS_SIGNAL_H
| # include <sys/signal.h>
| #endif
| 
| #include <sys/types.h>
| #include <sys/mman.h>
| #if HAVE_MMAP_DEVZERO
| # include <fcntl.h>
| # ifndef MAP_FILE
| #  define MAP_FILE 0
| # endif
| #endif
| #ifndef PROT_NONE
| # define PROT_NONE 0
| #endif
| #if HAVE_MMAP_ANON
| # define zero_fd -1
| # define map_flags MAP_ANON | MAP_PRIVATE
| #elif HAVE_MMAP_ANONYMOUS
| # define zero_fd -1
| # define map_flags MAP_ANONYMOUS | MAP_PRIVATE
| #elif HAVE_MMAP_DEVZERO
| static int zero_fd;
| # define map_flags MAP_FILE | MAP_PRIVATE
| #endif
| unsigned long page;
| int handler_called = 0;
| void sigsegv_handler (int sig, int code, struct sigcontext *scp)
| {
|   void *fault_address = (void *) (scp->sc_jmpbuf.jmp_context.o_vaddr);
|   handler_called++;
|   if (handler_called == 10)
|     exit (4);
|   if (fault_address != (void*)(page + 0x678))
|     exit (3);
|   if (mprotect ((void *) page, 0x10000, PROT_READ | PROT_WRITE) < 0)
|     exit (2);
| }
| void crasher (unsigned long p)
| {
|   *(int *) (p + 0x678) = 42;
| }
| int main ()
| {
|   void *p;
|   struct sigaction action;
|   /* Preparations.  */
| #if !HAVE_MMAP_ANON && !HAVE_MMAP_ANONYMOUS && HAVE_MMAP_DEVZERO
|   zero_fd = open ("/dev/zero", O_RDONLY, 0644);
| #endif
|   /* Setup some mmaped memory.  */
| #ifdef __hpux
|   /* HP-UX 10 mmap() often fails when given a hint.  So give the OS complete
|      freedom about the address range.  */
|   p = mmap ((void *) 0,          0x10000, PROT_READ | PROT_WRITE, map_flags, zero_fd, 0);
| #else
|   p = mmap ((void *) 0x12340000, 0x10000, PROT_READ | PROT_WRITE, map_flags, zero_fd, 0);
| #endif
|   if (p == (void *)(-1))
|     exit (2);
|   page = (unsigned long) p;
|   /* Make it read-only.  */
|   if (mprotect ((void *) page, 0x10000, PROT_READ) < 0)
|     exit (2);
|   /* Install the SIGSEGV handler.  */
|   sigemptyset(&action.sa_mask);
| 
|   action.sa_handler = (void (*) (int)) &sigsegv_handler;
|   action.sa_flags = 0;
| 
|   sigaction (SIGSEGV, &action, (struct sigaction *) NULL);
|   sigaction (SIGBUS, &action, (struct sigaction *) NULL);
|   /* The first write access should invoke the handler and then complete.  */
|   crasher (page);
|   /* The second write access should not invoke the handler.  */
|   crasher (page);
|   /* Check that the handler was called only once.  */
|   if (handler_called != 1)
|     exit (1);
|   /* Test passed!  */
|   return 0;
| }
configure:12776: result: no
configure:12784: checking whether a fault handler according to MacOSX/Darwin7 PowerPC works
configure:12913: gcc -o conftest -g -O2   conftest.c  >&5
In file included from conftest.c:38:0:
./src/fault-macosdarwin7-powerpc.c: In function 'get_fault_addr':
./src/fault-macosdarwin7-powerpc.c:43:22: error: invalid type argument of '->' (have 'mcontext_t {aka struct <anonymous>}')
     &ucp->uc_mcontext->ss.r0; /* r0..r31 */
                      ^~
./src/fault-macosdarwin7-powerpc.c:130:10: warning: cast to pointer from integer of different size [-Wint-to-pointer-cast]
   return (void *) addr;
          ^
conftest.c: In function 'main':
conftest.c:101:21: warning: assignment from incompatible pointer type [-Wincompatible-pointer-types]
 action.sa_sigaction = &sigsegv_handler;
                     ^
configure:12913: $? = 1
configure: program exited with status 1
configure: failed program was:
| /* confdefs.h */
| #define PACKAGE_NAME ""
| #define PACKAGE_TARNAME ""
| #define PACKAGE_VERSION ""
| #define PACKAGE_STRING ""
| #define PACKAGE_BUGREPORT ""
| #define PACKAGE_URL ""
| #define PACKAGE "libsigsegv"
| #define VERSION "2.5"
| #define STDC_HEADERS 1
| #define HAVE_SYS_TYPES_H 1
| #define HAVE_SYS_STAT_H 1
| #define HAVE_STDLIB_H 1
| #define HAVE_STRING_H 1
| #define HAVE_MEMORY_H 1
| #define HAVE_STRINGS_H 1
| #define HAVE_INTTYPES_H 1
| #define HAVE_STDINT_H 1
| #define HAVE_UNISTD_H 1
| #define HAVE_DLFCN_H 1
| #define LT_OBJDIR ".libs/"
| #define HAVE_SYS_SIGNAL_H 1
| #define CFG_SIGNALS "signals.h"
| #define HAVE_UNISTD_H 1
| #define HAVE_GETPAGESIZE 1
| #define HAVE_SYSCONF_PAGESIZE 1
| #define HAVE_MMAP_ANON 1
| #define HAVE_MMAP_ANONYMOUS 1
| #define HAVE_MMAP_DEVZERO 1
| /* end confdefs.h.  */
| 
| 
| #include <stdlib.h>
| #include <signal.h>
| #if HAVE_SYS_SIGNAL_H
| # include <sys/signal.h>
| #endif
| #include "./src/fault-macosdarwin7-powerpc.c"
| #include <sys/types.h>
| #include <sys/mman.h>
| #if HAVE_MMAP_DEVZERO
| # include <fcntl.h>
| # ifndef MAP_FILE
| #  define MAP_FILE 0
| # endif
| #endif
| #ifndef PROT_NONE
| # define PROT_NONE 0
| #endif
| #if HAVE_MMAP_ANON
| # define zero_fd -1
| # define map_flags MAP_ANON | MAP_PRIVATE
| #elif HAVE_MMAP_ANONYMOUS
| # define zero_fd -1
| # define map_flags MAP_ANONYMOUS | MAP_PRIVATE
| #elif HAVE_MMAP_DEVZERO
| static int zero_fd;
| # define map_flags MAP_FILE | MAP_PRIVATE
| #endif
| unsigned long page;
| int handler_called = 0;
| void sigsegv_handler (int sig, siginfo_t *sip, ucontext_t *ucp)
| {
|   void *fault_address = (void *) (get_fault_addr (sip, ucp));
|   handler_called++;
|   if (handler_called == 10)
|     exit (4);
|   if (fault_address != (void*)(page + 0x678))
|     exit (3);
|   if (mprotect ((void *) page, 0x10000, PROT_READ | PROT_WRITE) < 0)
|     exit (2);
| }
| void crasher (unsigned long p)
| {
|   *(int *) (p + 0x678) = 42;
| }
| int main ()
| {
|   void *p;
|   struct sigaction action;
|   /* Preparations.  */
| #if !HAVE_MMAP_ANON && !HAVE_MMAP_ANONYMOUS && HAVE_MMAP_DEVZERO
|   zero_fd = open ("/dev/zero", O_RDONLY, 0644);
| #endif
|   /* Setup some mmaped memory.  */
| #ifdef __hpux
|   /* HP-UX 10 mmap() often fails when given a hint.  So give the OS complete
|      freedom about the address range.  */
|   p = mmap ((void *) 0,          0x10000, PROT_READ | PROT_WRITE, map_flags, zero_fd, 0);
| #else
|   p = mmap ((void *) 0x12340000, 0x10000, PROT_READ | PROT_WRITE, map_flags, zero_fd, 0);
| #endif
|   if (p == (void *)(-1))
|     exit (2);
|   page = (unsigned long) p;
|   /* Make it read-only.  */
|   if (mprotect ((void *) page, 0x10000, PROT_READ) < 0)
|     exit (2);
|   /* Install the SIGSEGV handler.  */
|   sigemptyset(&action.sa_mask);
| action.sa_sigaction = &sigsegv_handler;
|    action.sa_flags = SA_SIGINFO;
|   sigaction (SIGSEGV, &action, (struct sigaction *) NULL);
|   sigaction (SIGBUS, &action, (struct sigaction *) NULL);
|   /* The first write access should invoke the handler and then complete.  */
|   crasher (page);
|   /* The second write access should not invoke the handler.  */
|   crasher (page);
|   /* Check that the handler was called only once.  */
|   if (handler_called != 1)
|     exit (1);
|   /* Test passed!  */
|   return 0;
| }
configure:12924: result: no
configure:12933: checking whether a fault handler according to MacOSX/Darwin5 PowerPC works
configure:13063: gcc -o conftest -g -O2   conftest.c  >&5
In file included from conftest.c:38:0:
./src/fault-macosdarwin5-powerpc.c: In function 'get_fault_addr':
./src/fault-macosdarwin5-powerpc.c:36:46: error: 'struct sigcontext' has no member named 'sc_ir'
   unsigned int instr = *((unsigned int *) scp->sc_ir);
                                              ^~
./src/fault-macosdarwin5-powerpc.c:37:46: error: 'struct sigcontext' has no member named 'sc_regs'
   unsigned int *regs = &((unsigned int *) scp->sc_regs)[2];
                                              ^~
./src/fault-macosdarwin5-powerpc.c:123:10: warning: cast to pointer from integer of different size [-Wint-to-pointer-cast]
   return (void *) addr;
          ^
configure:13063: $? = 1
configure: program exited with status 1
configure: failed program was:
| /* confdefs.h */
| #define PACKAGE_NAME ""
| #define PACKAGE_TARNAME ""
| #define PACKAGE_VERSION ""
| #define PACKAGE_STRING ""
| #define PACKAGE_BUGREPORT ""
| #define PACKAGE_URL ""
| #define PACKAGE "libsigsegv"
| #define VERSION "2.5"
| #define STDC_HEADERS 1
| #define HAVE_SYS_TYPES_H 1
| #define HAVE_SYS_STAT_H 1
| #define HAVE_STDLIB_H 1
| #define HAVE_STRING_H 1
| #define HAVE_MEMORY_H 1
| #define HAVE_STRINGS_H 1
| #define HAVE_INTTYPES_H 1
| #define HAVE_STDINT_H 1
| #define HAVE_UNISTD_H 1
| #define HAVE_DLFCN_H 1
| #define LT_OBJDIR ".libs/"
| #define HAVE_SYS_SIGNAL_H 1
| #define CFG_SIGNALS "signals.h"
| #define HAVE_UNISTD_H 1
| #define HAVE_GETPAGESIZE 1
| #define HAVE_SYSCONF_PAGESIZE 1
| #define HAVE_MMAP_ANON 1
| #define HAVE_MMAP_ANONYMOUS 1
| #define HAVE_MMAP_DEVZERO 1
| /* end confdefs.h.  */
| 
| 
| #include <stdlib.h>
| #include <signal.h>
| #if HAVE_SYS_SIGNAL_H
| # include <sys/signal.h>
| #endif
| #include "./src/fault-macosdarwin5-powerpc.c"
| #include <sys/types.h>
| #include <sys/mman.h>
| #if HAVE_MMAP_DEVZERO
| # include <fcntl.h>
| # ifndef MAP_FILE
| #  define MAP_FILE 0
| # endif
| #endif
| #ifndef PROT_NONE
| # define PROT_NONE 0
| #endif
| #if HAVE_MMAP_ANON
| # define zero_fd -1
| # define map_flags MAP_ANON | MAP_PRIVATE
| #elif HAVE_MMAP_ANONYMOUS
| # define zero_fd -1
| # define map_flags MAP_ANONYMOUS | MAP_PRIVATE
| #elif HAVE_MMAP_DEVZERO
| static int zero_fd;
| # define map_flags MAP_FILE | MAP_PRIVATE
| #endif
| unsigned long page;
| int handler_called = 0;
| void sigsegv_handler (int sig, int code, struct sigcontext *scp)
| {
|   void *fault_address = (void *) (get_fault_addr (scp));
|   handler_called++;
|   if (handler_called == 10)
|     exit (4);
|   if (fault_address != (void*)(page + 0x678))
|     exit (3);
|   if (mprotect ((void *) page, 0x10000, PROT_READ | PROT_WRITE) < 0)
|     exit (2);
| }
| void crasher (unsigned long p)
| {
|   *(int *) (p + 0x678) = 42;
| }
| int main ()
| {
|   void *p;
|   struct sigaction action;
|   /* Preparations.  */
| #if !HAVE_MMAP_ANON && !HAVE_MMAP_ANONYMOUS && HAVE_MMAP_DEVZERO
|   zero_fd = open ("/dev/zero", O_RDONLY, 0644);
| #endif
|   /* Setup some mmaped memory.  */
| #ifdef __hpux
|   /* HP-UX 10 mmap() often fails when given a hint.  So give the OS complete
|      freedom about the address range.  */
|   p = mmap ((void *) 0,          0x10000, PROT_READ | PROT_WRITE, map_flags, zero_fd, 0);
| #else
|   p = mmap ((void *) 0x12340000, 0x10000, PROT_READ | PROT_WRITE, map_flags, zero_fd, 0);
| #endif
|   if (p == (void *)(-1))
|     exit (2);
|   page = (unsigned long) p;
|   /* Make it read-only.  */
|   if (mprotect ((void *) page, 0x10000, PROT_READ) < 0)
|     exit (2);
|   /* Install the SIGSEGV handler.  */
|   sigemptyset(&action.sa_mask);
| 
|   action.sa_handler = (void (*) (int)) &sigsegv_handler;
|   action.sa_flags = 0;
| 
|   sigaction (SIGSEGV, &action, (struct sigaction *) NULL);
|   sigaction (SIGBUS, &action, (struct sigaction *) NULL);
|   /* The first write access should invoke the handler and then complete.  */
|   crasher (page);
|   /* The second write access should not invoke the handler.  */
|   crasher (page);
|   /* Check that the handler was called only once.  */
|   if (handler_called != 1)
|     exit (1);
|   /* Test passed!  */
|   return 0;
| }
configure:13074: result: no
configure:13083: checking whether a fault handler according to Hurd works
configure:13213: gcc -o conftest -g -O2   conftest.c  >&5
conftest.c: In function 'sigsegv_handler':
conftest.c:64:25: warning: cast to pointer from integer of different size [-Wint-to-pointer-cast]
   void *fault_address = (void *) (code);
                         ^
configure:13213: $? = 0
configure:13213: ./conftest
configure:13213: $? = 3
configure: program exited with status 3
configure: failed program was:
| /* confdefs.h */
| #define PACKAGE_NAME ""
| #define PACKAGE_TARNAME ""
| #define PACKAGE_VERSION ""
| #define PACKAGE_STRING ""
| #define PACKAGE_BUGREPORT ""
| #define PACKAGE_URL ""
| #define PACKAGE "libsigsegv"
| #define VERSION "2.5"
| #define STDC_HEADERS 1
| #define HAVE_SYS_TYPES_H 1
| #define HAVE_SYS_STAT_H 1
| #define HAVE_STDLIB_H 1
| #define HAVE_STRING_H 1
| #define HAVE_MEMORY_H 1
| #define HAVE_STRINGS_H 1
| #define HAVE_INTTYPES_H 1
| #define HAVE_STDINT_H 1
| #define HAVE_UNISTD_H 1
| #define HAVE_DLFCN_H 1
| #define LT_OBJDIR ".libs/"
| #define HAVE_SYS_SIGNAL_H 1
| #define CFG_SIGNALS "signals.h"
| #define HAVE_UNISTD_H 1
| #define HAVE_GETPAGESIZE 1
| #define HAVE_SYSCONF_PAGESIZE 1
| #define HAVE_MMAP_ANON 1
| #define HAVE_MMAP_ANONYMOUS 1
| #define HAVE_MMAP_DEVZERO 1
| /* end confdefs.h.  */
| 
| 
| #include <stdlib.h>
| #include <signal.h>
| #if HAVE_SYS_SIGNAL_H
| # include <sys/signal.h>
| #endif
| 
| #include <sys/types.h>
| #include <sys/mman.h>
| #if HAVE_MMAP_DEVZERO
| # include <fcntl.h>
| # ifndef MAP_FILE
| #  define MAP_FILE 0
| # endif
| #endif
| #ifndef PROT_NONE
| # define PROT_NONE 0
| #endif
| #if HAVE_MMAP_ANON
| # define zero_fd -1
| # define map_flags MAP_ANON | MAP_PRIVATE
| #elif HAVE_MMAP_ANONYMOUS
| # define zero_fd -1
| # define map_flags MAP_ANONYMOUS | MAP_PRIVATE
| #elif HAVE_MMAP_DEVZERO
| static int zero_fd;
| # define map_flags MAP_FILE | MAP_PRIVATE
| #endif
| unsigned long page;
| int handler_called = 0;
| void sigsegv_handler (int sig, int code, struct sigcontext *scp)
| {
|   void *fault_address = (void *) (code);
|   handler_called++;
|   if (handler_called == 10)
|     exit (4);
|   if (fault_address != (void*)(page + 0x678))
|     exit (3);
|   if (mprotect ((void *) page, 0x10000, PROT_READ | PROT_WRITE) < 0)
|     exit (2);
| }
| void crasher (unsigned long p)
| {
|   *(int *) (p + 0x678) = 42;
| }
| int main ()
| {
|   void *p;
|   struct sigaction action;
|   /* Preparations.  */
| #if !HAVE_MMAP_ANON && !HAVE_MMAP_ANONYMOUS && HAVE_MMAP_DEVZERO
|   zero_fd = open ("/dev/zero", O_RDONLY, 0644);
| #endif
|   /* Setup some mmaped memory.  */
| #ifdef __hpux
|   /* HP-UX 10 mmap() often fails when given a hint.  So give the OS complete
|      freedom about the address range.  */
|   p = mmap ((void *) 0,          0x10000, PROT_READ | PROT_WRITE, map_flags, zero_fd, 0);
| #else
|   p = mmap ((void *) 0x12340000, 0x10000, PROT_READ | PROT_WRITE, map_flags, zero_fd, 0);
| #endif
|   if (p == (void *)(-1))
|     exit (2);
|   page = (unsigned long) p;
|   /* Make it read-only.  */
|   if (mprotect ((void *) page, 0x10000, PROT_READ) < 0)
|     exit (2);
|   /* Install the SIGSEGV handler.  */
|   sigemptyset(&action.sa_mask);
| 
|   action.sa_handler = (void (*) (int)) &sigsegv_handler;
|   action.sa_flags = 0;
| 
|   sigaction (SIGSEGV, &action, (struct sigaction *) NULL);
|   sigaction (SIGBUS, &action, (struct sigaction *) NULL);
|   /* The first write access should invoke the handler and then complete.  */
|   crasher (page);
|   /* The second write access should not invoke the handler.  */
|   crasher (page);
|   /* Check that the handler was called only once.  */
|   if (handler_called != 1)
|     exit (1);
|   /* Test passed!  */
|   return 0;
| }
configure:13224: result: no
configure:13482: checking for the fault handler specifics
configure:13493: result: fault-posix.h
configure:13515: checking if the system supports catching SIGSEGV
configure:13517: result: yes
configure:13527: checking for stack direction
configure:13624: result: grows down
configure:13632: checking for PIOCMAP in sys/procfs.h
configure:13649: gcc -o conftest -g -O2   conftest.c  >&5
conftest.c: In function 'main':
conftest.c:38:9: error: 'PIOCNMAP' undeclared (first use in this function)
 int x = PIOCNMAP + PIOCMAP; prmap_t y;
         ^~~~~~~~
conftest.c:38:9: note: each undeclared identifier is reported only once for each function it appears in
conftest.c:38:20: error: 'PIOCMAP' undeclared (first use in this function); did you mean 'PIOCNMAP'?
 int x = PIOCNMAP + PIOCMAP; prmap_t y;
                    ^~~~~~~
                    PIOCNMAP
conftest.c:38:29: error: unknown type name 'prmap_t'; did you mean 'pthread_t'?
 int x = PIOCNMAP + PIOCMAP; prmap_t y;
                             ^~~~~~~
                             pthread_t
configure:13649: $? = 1
configure: failed program was:
| /* confdefs.h */
| #define PACKAGE_NAME ""
| #define PACKAGE_TARNAME ""
| #define PACKAGE_VERSION ""
| #define PACKAGE_STRING ""
| #define PACKAGE_BUGREPORT ""
| #define PACKAGE_URL ""
| #define PACKAGE "libsigsegv"
| #define VERSION "2.5"
| #define STDC_HEADERS 1
| #define HAVE_SYS_TYPES_H 1
| #define HAVE_SYS_STAT_H 1
| #define HAVE_STDLIB_H 1
| #define HAVE_STRING_H 1
| #define HAVE_MEMORY_H 1
| #define HAVE_STRINGS_H 1
| #define HAVE_INTTYPES_H 1
| #define HAVE_STDINT_H 1
| #define HAVE_UNISTD_H 1
| #define HAVE_DLFCN_H 1
| #define LT_OBJDIR ".libs/"
| #define HAVE_SYS_SIGNAL_H 1
| #define CFG_SIGNALS "signals.h"
| #define HAVE_UNISTD_H 1
| #define HAVE_GETPAGESIZE 1
| #define HAVE_SYSCONF_PAGESIZE 1
| #define HAVE_MMAP_ANON 1
| #define HAVE_MMAP_ANONYMOUS 1
| #define HAVE_MMAP_DEVZERO 1
| #define CFG_FAULT "fault-posix.h"
| #define CFG_MACHFAULT "fault-none.h"
| #define STACK_DIRECTION -1
| /* end confdefs.h.  */
| #include <sys/procfs.h>
| int
| main ()
| {
| int x = PIOCNMAP + PIOCMAP; prmap_t y;
|   ;
|   return 0;
| }
configure:13658: result: no
configure:13662: checking for mincore
configure:13662: gcc -o conftest -g -O2   conftest.c  >&5
configure:13662: $? = 0
configure:13662: result: yes
configure:13707: checking for getrlimit
configure:13707: gcc -o conftest -g -O2   conftest.c  >&5
configure:13707: $? = 0
configure:13707: result: yes
configure:13707: checking for setrlimit
configure:13707: gcc -o conftest -g -O2   conftest.c  >&5
configure:13707: $? = 0
configure:13707: result: yes
configure:13724: checking for sigaltstack
configure:13724: gcc -o conftest -g -O2   conftest.c  >&5
configure:13724: $? = 0
configure:13724: result: yes
configure:13735: checking for stack_t
configure:13735: gcc -c -g -O2  conftest.c >&5
configure:13735: $? = 0
configure:13735: gcc -c -g -O2  conftest.c >&5
conftest.c: In function 'main':
conftest.c:50:22: error: expected expression before ')' token
 if (sizeof ((stack_t)))
                      ^
configure:13735: $? = 1
configure: failed program was:
| /* confdefs.h */
| #define PACKAGE_NAME ""
| #define PACKAGE_TARNAME ""
| #define PACKAGE_VERSION ""
| #define PACKAGE_STRING ""
| #define PACKAGE_BUGREPORT ""
| #define PACKAGE_URL ""
| #define PACKAGE "libsigsegv"
| #define VERSION "2.5"
| #define STDC_HEADERS 1
| #define HAVE_SYS_TYPES_H 1
| #define HAVE_SYS_STAT_H 1
| #define HAVE_STDLIB_H 1
| #define HAVE_STRING_H 1
| #define HAVE_MEMORY_H 1
| #define HAVE_STRINGS_H 1
| #define HAVE_INTTYPES_H 1
| #define HAVE_STDINT_H 1
| #define HAVE_UNISTD_H 1
| #define HAVE_DLFCN_H 1
| #define LT_OBJDIR ".libs/"
| #define HAVE_SYS_SIGNAL_H 1
| #define CFG_SIGNALS "signals.h"
| #define HAVE_UNISTD_H 1
| #define HAVE_GETPAGESIZE 1
| #define HAVE_SYSCONF_PAGESIZE 1
| #define HAVE_MMAP_ANON 1
| #define HAVE_MMAP_ANONYMOUS 1
| #define HAVE_MMAP_DEVZERO 1
| #define CFG_FAULT "fault-posix.h"
| #define CFG_MACHFAULT "fault-none.h"
| #define STACK_DIRECTION -1
| #define HAVE_MINCORE 1
| #define HAVE_STACKVMA 1
| #define CFG_STACKVMA "stackvma-linux.c"
| #define HAVE_GETRLIMIT 1
| #define HAVE_SETRLIMIT 1
| #define HAVE_SIGALTSTACK 1
| /* end confdefs.h.  */
| 
| #include <signal.h>
| #if HAVE_SYS_SIGNAL_H
| # include <sys/signal.h>
| #endif
| 
| 
| int
| main ()
| {
| if (sizeof ((stack_t)))
| 	    return 0;
|   ;
|   return 0;
| }
configure:13735: result: yes
configure:13753: checking for working sigaltstack
configure:13873: gcc -o conftest -g -O2   conftest.c  >&5
configure:13873: $? = 0
configure:13873: ./conftest
configure:13873: $? = 0
configure:13889: result: yes
configure:13898: checking if the system supports catching stack overflow
configure:13977: result: yes
configure:14000: checking whether a signal handler can be left through longjmp
configure:14085: gcc -o conftest -g -O2   conftest.c  >&5
configure:14085: $? = 0
configure:14085: ./conftest
configure:14085: $? = 0
configure:14096: result: yes
configure:14104: checking whether a signal handler can be left through longjmp and sigaltstack
configure:14199: gcc -o conftest -g -O2   conftest.c  >&5
configure:14199: $? = 0
configure:14199: ./conftest
configure:14199: $? = 0
configure:14210: result: yes
configure:14218: checking whether a signal handler can be left through longjmp and setcontext
configure:14318: gcc -o conftest -g -O2   conftest.c  >&5
configure:14318: $? = 0
configure:14318: ./conftest
configure:14318: $? = 0
configure:14329: result: yes
configure:14351: checking whether a signal handler can be left through siglongjmp
configure:14434: gcc -o conftest -g -O2   conftest.c  >&5
configure:14434: $? = 0
configure:14434: ./conftest
configure:14434: $? = 0
configure:14445: result: yes
configure:14453: checking whether a signal handler can be left through siglongjmp and sigaltstack
configure:14546: gcc -o conftest -g -O2   conftest.c  >&5
configure:14546: $? = 0
configure:14546: ./conftest
configure:14546: $? = 0
configure:14557: result: yes
configure:14565: checking whether a signal handler can be left through siglongjmp and setcontext
configure:14663: gcc -o conftest -g -O2   conftest.c  >&5
configure:14663: $? = 0
configure:14663: ./conftest
configure:14663: $? = 0
configure:14674: result: yes
configure:14870: creating ./config.status

## ---------------------- ##
## Running config.status. ##
## ---------------------- ##

This file was extended by config.status, which was
generated by GNU Autoconf 2.64.  Invocation command line was

  CONFIG_FILES    = 
  CONFIG_HEADERS  = 
  CONFIG_LINKS    = 
  CONFIG_COMMANDS = 
  $ ./config.status 

on homestead

config.status:1091: creating Makefile
config.status:1091: creating src/Makefile
config.status:1091: creating src/sigsegv.h
config.status:1091: creating tests/Makefile
config.status:1091: creating config.h
config.status:1311: executing depfiles commands
config.status:1311: executing libtool commands

## ---------------- ##
## Cache variables. ##
## ---------------- ##

ac_cv_build=x86_64-unknown-linux-gnu
ac_cv_c_compiler_gnu=yes
ac_cv_env_CC_set=
ac_cv_env_CC_value=
ac_cv_env_CFLAGS_set=
ac_cv_env_CFLAGS_value=
ac_cv_env_CPPFLAGS_set=
ac_cv_env_CPPFLAGS_value=
ac_cv_env_CPP_set=
ac_cv_env_CPP_value=
ac_cv_env_LDFLAGS_set=
ac_cv_env_LDFLAGS_value=
ac_cv_env_LIBS_set=
ac_cv_env_LIBS_value=
ac_cv_env_build_alias_set=
ac_cv_env_build_alias_value=
ac_cv_env_host_alias_set=
ac_cv_env_host_alias_value=
ac_cv_env_target_alias_set=
ac_cv_env_target_alias_value=
ac_cv_func_getrlimit=yes
ac_cv_func_mincore=yes
ac_cv_func_setrlimit=yes
ac_cv_func_sigaltstack=yes
ac_cv_header_dlfcn_h=yes
ac_cv_header_inttypes_h=yes
ac_cv_header_memory_h=yes
ac_cv_header_stdc=yes
ac_cv_header_stdint_h=yes
ac_cv_header_stdlib_h=yes
ac_cv_header_string_h=yes
ac_cv_header_strings_h=yes
ac_cv_header_sys_signal_h=yes
ac_cv_header_sys_stat_h=yes
ac_cv_header_sys_types_h=yes
ac_cv_header_unistd_h=yes
ac_cv_host=x86_64-unknown-linux-gnu
ac_cv_objext=o
ac_cv_path_EGREP='/bin/grep -E'
ac_cv_path_FGREP='/bin/grep -F'
ac_cv_path_GREP=/bin/grep
ac_cv_path_SED=/bin/sed
ac_cv_path_install='/usr/bin/install -c'
ac_cv_path_mkdir=/bin/mkdir
ac_cv_prog_AWK=gawk
ac_cv_prog_CPP='gcc -E'
ac_cv_prog_ac_ct_AR=ar
ac_cv_prog_ac_ct_CC=gcc
ac_cv_prog_ac_ct_OBJDUMP=objdump
ac_cv_prog_ac_ct_RANLIB=ranlib
ac_cv_prog_ac_ct_STRIP=strip
ac_cv_prog_cc_c89=
ac_cv_prog_cc_g=yes
ac_cv_prog_make_make_set=yes
ac_cv_type_stack_t=yes
am_cv_CC_dependencies_compiler_type=gcc3
lt_cv_deplibs_check_method=pass_all
lt_cv_file_magic_cmd='$MAGIC_CMD'
lt_cv_file_magic_test_file=
lt_cv_ld_reload_flag=-r
lt_cv_nm_interface='BSD nm'
lt_cv_objdir=.libs
lt_cv_path_LD=/usr/bin/ld
lt_cv_path_NM='/usr/bin/nm -B'
lt_cv_prog_compiler_c_o=yes
lt_cv_prog_compiler_pic_works=yes
lt_cv_prog_compiler_rtti_exceptions=no
lt_cv_prog_compiler_static_works=yes
lt_cv_prog_gnu_ld=yes
lt_cv_sys_global_symbol_pipe='sed -n -e '\''s/^.*[	 ]\([ABCDGIRSTW][ABCDGIRSTW]*\)[	 ][	 ]*\([_A-Za-z][_A-Za-z0-9]*\)$/\1 \2 \2/p'\'''
lt_cv_sys_global_symbol_to_c_name_address='sed -n -e '\''s/^: \([^ ]*\) $/  {\"\1\", (void *) 0},/p'\'' -e '\''s/^[ABCDGIRSTW]* \([^ ]*\) \([^ ]*\)$/  {"\2", (void *) \&\2},/p'\'''
lt_cv_sys_global_symbol_to_c_name_address_lib_prefix='sed -n -e '\''s/^: \([^ ]*\) $/  {\"\1\", (void *) 0},/p'\'' -e '\''s/^[ABCDGIRSTW]* \([^ ]*\) \(lib[^ ]*\)$/  {"\2", (void *) \&\2},/p'\'' -e '\''s/^[ABCDGIRSTW]* \([^ ]*\) \([^ ]*\)$/  {"lib\2", (void *) \&\2},/p'\'''
lt_cv_sys_global_symbol_to_cdecl='sed -n -e '\''s/^T .* \(.*\)$/extern int \1();/p'\'' -e '\''s/^[ABCDGIRSTW]* .* \(.*\)$/extern char \1;/p'\'''
lt_cv_sys_max_cmd_len=1572864
sv_cv_fault_aix=no
sv_cv_fault_bsd=no
sv_cv_fault_hpux_hppa=no
sv_cv_fault_hurd=no
sv_cv_fault_include=fault-posix.h
sv_cv_fault_irix=no
sv_cv_fault_linux_hppa=no
sv_cv_fault_linux_i386=no
sv_cv_fault_linux_i386_old=no
sv_cv_fault_linux_m68k=no
sv_cv_fault_linux_powerpc=no
sv_cv_fault_macosdarwin5_ppc=no
sv_cv_fault_macosdarwin7_ppc=no
sv_cv_fault_netbsd_alpha=no
sv_cv_fault_osf_alpha=no
sv_cv_fault_posix=yes
sv_cv_func_getpagesize=yes
sv_cv_func_mmap_anon=yes
sv_cv_func_mmap_anonymous=yes
sv_cv_func_mmap_devzero=yes
sv_cv_func_sysconf_pagesize=yes
sv_cv_have_sigsegv_recovery=yes
sv_cv_have_stack_overflow_recovery=yes
sv_cv_host=x86_64-unknown-linux4.15.0-gnu
sv_cv_leave_handler_longjmp=yes
sv_cv_leave_handler_longjmp_setcontext=yes
sv_cv_leave_handler_longjmp_sigaltstack=yes
sv_cv_leave_handler_siglongjmp=yes
sv_cv_leave_handler_siglongjmp_setcontext=yes
sv_cv_leave_handler_siglongjmp_sigaltstack=yes
sv_cv_macro_pagesize=no
sv_cv_procfsvma=no
sv_cv_sigaltstack=yes
sv_cv_stack_direction=-1
sv_cv_stack_direction_msg='grows down'

## ----------------- ##
## Output variables. ##
## ----------------- ##

ACLOCAL='${SHELL} /home/vagrant/code/smalltalk-3.2/build-aux/missing --run aclocal-1.11'
AMDEPBACKSLASH='\'
AMDEP_FALSE='#'
AMDEP_TRUE=''
AMTAR='${SHELL} /home/vagrant/code/smalltalk-3.2/build-aux/missing --run tar'
AR='ar'
AUTOCONF='${SHELL} /home/vagrant/code/smalltalk-3.2/build-aux/missing --run autoconf'
AUTOHEADER='${SHELL} /home/vagrant/code/smalltalk-3.2/build-aux/missing --run autoheader'
AUTOMAKE='${SHELL} /home/vagrant/code/smalltalk-3.2/build-aux/missing --run automake-1.11'
AWK='gawk'
CC='gcc'
CCDEPMODE='depmode=gcc3'
CFG_HANDLER='handler-unix.c'
CFG_LEAVE='leave-nop.c'
CFG_STACKVMA='stackvma-linux.c'
CFLAGS='-g -O2'
CPP='gcc -E'
CPPFLAGS=''
CYGPATH_W='echo'
DEFS='-DHAVE_CONFIG_H'
DEPDIR='.deps'
DSYMUTIL=''
DUMPBIN=''
ECHO_C=''
ECHO_N='-n'
ECHO_T=''
EGREP='/bin/grep -E'
EXEEXT=''
FAULT_CONTEXT='ucontext_t'
FAULT_CONTEXT_INCLUDE2=''
FAULT_CONTEXT_INCLUDE='#include <ucontext.h>'
FGREP='/bin/grep -F'
GREP='/bin/grep'
HAVE_SIGSEGV_RECOVERY='1'
HAVE_STACK_OVERFLOW_RECOVERY='1'
INSTALL_DATA='${INSTALL} -m 644'
INSTALL_PROGRAM='${INSTALL}'
INSTALL_SCRIPT='${INSTALL}'
INSTALL_STRIP_PROGRAM='$(install_sh) -c -s'
LD='/usr/bin/ld -m elf_x86_64'
LDFLAGS=''
LIBOBJS=''
LIBS=''
LIBTOOL='$(SHELL) $(top_builddir)/libtool'
LIPO=''
LN_S='cp -p'
LTLIBOBJS=''
MAKEINFO='${SHELL} /home/vagrant/code/smalltalk-3.2/build-aux/missing --run makeinfo'
MKDIR_P='/bin/mkdir -p'
NM='/usr/bin/nm -B'
NMEDIT=''
OBJDUMP='objdump'
OBJEXT='o'
OTOOL64=''
OTOOL=''
PACKAGE='libsigsegv'
PACKAGE_BUGREPORT=''
PACKAGE_NAME=''
PACKAGE_STRING=''
PACKAGE_TARNAME=''
PACKAGE_URL=''
PACKAGE_VERSION=''
PATH_SEPARATOR=':'
PLATFORM='x86_64-unknown-linux4.15.0-gnu'
RANLIB='ranlib'
RELOCATABLE='yes'
SED='/bin/sed'
SET_MAKE=''
SHELL='/bin/bash'
STRIP='strip'
VERSION='2.5'
ac_ct_CC='gcc'
ac_ct_DUMPBIN=''
am__EXEEXT_FALSE=''
am__EXEEXT_TRUE='#'
am__fastdepCC_FALSE='#'
am__fastdepCC_TRUE=''
am__include='include'
am__isrc=''
am__leading_dot='.'
am__quote=''
am__tar='${AMTAR} chof - "$$tardir"'
am__untar='${AMTAR} xf -'
bindir='${exec_prefix}/bin'
build='x86_64-unknown-linux-gnu'
build_alias=''
build_cpu='x86_64'
build_os='linux-gnu'
build_vendor='unknown'
datadir='${datarootdir}'
datarootdir='${prefix}/share'
docdir='${datarootdir}/doc/${PACKAGE}'
dvidir='${docdir}'
exec_prefix='${prefix}'
host='x86_64-unknown-linux-gnu'
host_alias=''
host_cpu='x86_64'
host_os='linux-gnu'
host_vendor='unknown'
htmldir='${docdir}'
includedir='${prefix}/include'
infodir='${datarootdir}/info'
install_sh='${SHELL} /home/vagrant/code/smalltalk-3.2/build-aux/install-sh'
libdir='${exec_prefix}/lib'
libexecdir='${exec_prefix}/libexec'
localedir='${datarootdir}/locale'
localstatedir='${prefix}/var'
lt_ECHO='echo'
mandir='${datarootdir}/man'
mkdir_p='/bin/mkdir -p'
oldincludedir='/usr/include'
pdfdir='${docdir}'
prefix='/usr/local'
program_transform_name='s,x,x,'
psdir='${docdir}'
sbindir='${exec_prefix}/sbin'
sharedstatedir='${prefix}/com'
sysconfdir='${prefix}/etc'
target_alias=''

## ----------- ##
## confdefs.h. ##
## ----------- ##

/* confdefs.h */
#define PACKAGE_NAME ""
#define PACKAGE_TARNAME ""
#define PACKAGE_VERSION ""
#define PACKAGE_STRING ""
#define PACKAGE_BUGREPORT ""
#define PACKAGE_URL ""
#define PACKAGE "libsigsegv"
#define VERSION "2.5"
#define STDC_HEADERS 1
#define HAVE_SYS_TYPES_H 1
#define HAVE_SYS_STAT_H 1
#define HAVE_STDLIB_H 1
#define HAVE_STRING_H 1
#define HAVE_MEMORY_H 1
#define HAVE_STRINGS_H 1
#define HAVE_INTTYPES_H 1
#define HAVE_STDINT_H 1
#define HAVE_UNISTD_H 1
#define HAVE_DLFCN_H 1
#define LT_OBJDIR ".libs/"
#define HAVE_SYS_SIGNAL_H 1
#define CFG_SIGNALS "signals.h"
#define HAVE_UNISTD_H 1
#define HAVE_GETPAGESIZE 1
#define HAVE_SYSCONF_PAGESIZE 1
#define HAVE_MMAP_ANON 1
#define HAVE_MMAP_ANONYMOUS 1
#define HAVE_MMAP_DEVZERO 1
#define CFG_FAULT "fault-posix.h"
#define CFG_MACHFAULT "fault-none.h"
#define STACK_DIRECTION -1
#define HAVE_MINCORE 1
#define HAVE_STACKVMA 1
#define CFG_STACKVMA "stackvma-linux.c"
#define HAVE_GETRLIMIT 1
#define HAVE_SETRLIMIT 1
#define HAVE_SIGALTSTACK 1
#define HAVE_WORKING_SIGALTSTACK 1
#define CFG_LEAVE "leave-nop.c"
#define CFG_HANDLER "handler-unix.c"

configure: exit 0
