This file contains any messages produced by compilers while
running configure, to aid debugging if configure makes a mistake.

It was created by GNU Smalltalk configure 3.2, which was
generated by GNU Autoconf 2.64.  Invocation command line was

  $ ./configure 

## --------- ##
## Platform. ##
## --------- ##

hostname = homestead
uname -m = x86_64
uname -r = 5.4.0-91-generic
uname -s = Linux
uname -v = #102-Ubuntu SMP Fri Nov 5 16:31:28 UTC 2021

/usr/bin/uname -p = x86_64
/bin/uname -X     = unknown

/bin/arch              = x86_64
/usr/bin/arch -k       = unknown
/usr/convex/getsysinfo = unknown
/usr/bin/hostinfo      = unknown
/bin/machine           = unknown
/usr/bin/oslevel       = unknown
/bin/universe          = unknown

PATH: /home/vagrant/.config/composer/vendor/bin
PATH: /home/vagrant/.cabal/bin
PATH: /home/vagrant/.ghcup/bin
PATH: /usr/local/sbin
PATH: /usr/local/bin
PATH: /usr/sbin
PATH: /usr/bin
PATH: /sbin
PATH: /bin
PATH: /usr/games
PATH: /usr/local/games
PATH: /snap/bin
PATH: /home/vagrant/.local/share/coursier/bin


## ----------- ##
## Core tests. ##
## ----------- ##

configure:3104: checking for gawk
configure:3120: found /usr/bin/gawk
configure:3131: result: gawk
configure:3165: checking for a BSD-compatible install
configure:3233: result: /usr/bin/install -c
configure:3244: checking whether build environment is sane
configure:3294: result: yes
configure:3435: checking for a thread-safe mkdir -p
configure:3474: result: /usr/bin/mkdir -p
configure:3487: checking for gawk
configure:3514: result: gawk
configure:3525: checking whether make sets $(MAKE)
configure:3547: result: yes
configure:3631: checking build system type
configure:3645: result: x86_64-unknown-linux-gnu
configure:3665: checking host system type
configure:3678: result: x86_64-unknown-linux-gnu
configure:3773: checking for style of include used by make
configure:3801: result: GNU
configure:3871: checking for gcc
configure:3887: found /usr/bin/gcc
configure:3898: result: gcc
configure:4127: checking for C compiler version
configure:4136: gcc --version >&5
gcc (Ubuntu 9.3.0-17ubuntu1~20.04) 9.3.0
Copyright (C) 2019 Free Software Foundation, Inc.
This is free software; see the source for copying conditions.  There is NO
warranty; not even for MERCHANTABILITY or FITNESS FOR A PARTICULAR PURPOSE.

configure:4147: $? = 0
configure:4136: gcc -v >&5
Using built-in specs.
COLLECT_GCC=gcc
COLLECT_LTO_WRAPPER=/usr/lib/gcc/x86_64-linux-gnu/9/lto-wrapper
OFFLOAD_TARGET_NAMES=nvptx-none:hsa
OFFLOAD_TARGET_DEFAULT=1
Target: x86_64-linux-gnu
Configured with: ../src/configure -v --with-pkgversion='Ubuntu 9.3.0-17ubuntu1~20.04' --with-bugurl=file:///usr/share/doc/gcc-9/README.Bugs --enable-languages=c,ada,c++,go,brig,d,fortran,objc,obj-c++,gm2 --prefix=/usr --with-gcc-major-version-only --program-suffix=-9 --program-prefix=x86_64-linux-gnu- --enable-shared --enable-linker-build-id --libexecdir=/usr/lib --without-included-gettext --enable-threads=posix --libdir=/usr/lib --enable-nls --enable-clocale=gnu --enable-libstdcxx-debug --enable-libstdcxx-time=yes --with-default-libstdcxx-abi=new --enable-gnu-unique-object --disable-vtable-verify --enable-plugin --enable-default-pie --with-system-zlib --with-target-system-zlib=auto --enable-objc-gc=auto --enable-multiarch --disable-werror --with-arch-32=i686 --with-abi=m64 --with-multilib-list=m32,m64,mx32 --enable-multilib --with-tune=generic --enable-offload-targets=nvptx-none=/build/gcc-9-HskZEa/gcc-9-9.3.0/debian/tmp-nvptx/usr,hsa --without-cuda-driver --enable-checking=release --build=x86_64-linux-gnu --host=x86_64-linux-gnu --target=x86_64-linux-gnu
Thread model: posix
gcc version 9.3.0 (Ubuntu 9.3.0-17ubuntu1~20.04) 
configure:4147: $? = 0
configure:4136: gcc -V >&5
gcc: error: unrecognized command line option '-V'
gcc: fatal error: no input files
compilation terminated.
configure:4147: $? = 1
configure:4136: gcc -qversion >&5
gcc: error: unrecognized command line option '-qversion'; did you mean '--version'?
gcc: fatal error: no input files
compilation terminated.
configure:4147: $? = 1
configure:4169: checking for C compiler default output file name
configure:4191: gcc -no-pie  -no-pie conftest.c  >&5
configure:4195: $? = 0
configure:4232: result: a.out
configure:4248: checking whether the C compiler works
configure:4257: ./a.out
./configure: line 4259: ./a.out: Permission denied
configure:4261: $? = 126
configure:4268: error: in `/home/vagrant/code/smalltalk-3.2':
configure:4272: error: cannot run C compiled programs.
If you meant to cross compile, use `--host'.
See `config.log' for more details.

## ---------------- ##
## Cache variables. ##
## ---------------- ##

ac_cv_build=x86_64-unknown-linux-gnu
ac_cv_env_ATK_CFLAGS_set=
ac_cv_env_ATK_CFLAGS_value=
ac_cv_env_ATK_LIBS_set=
ac_cv_env_ATK_LIBS_value=
ac_cv_env_CAIRO_CFLAGS_set=
ac_cv_env_CAIRO_CFLAGS_value=
ac_cv_env_CAIRO_LIBS_set=
ac_cv_env_CAIRO_LIBS_value=
ac_cv_env_CC_set=
ac_cv_env_CC_value=
ac_cv_env_CFLAGS_set=set
ac_cv_env_CFLAGS_value=-no-pie
ac_cv_env_CPPFLAGS_set=
ac_cv_env_CPPFLAGS_value=
ac_cv_env_CPP_set=
ac_cv_env_CPP_value=
ac_cv_env_EMACSLOADPATH_set=
ac_cv_env_EMACSLOADPATH_value=
ac_cv_env_EMACS_set=
ac_cv_env_EMACS_value=
ac_cv_env_FFI_CFLAGS_set=
ac_cv_env_FFI_CFLAGS_value=
ac_cv_env_FFI_LIBS_set=
ac_cv_env_FFI_LIBS_value=
ac_cv_env_GTHREAD_CFLAGS_set=
ac_cv_env_GTHREAD_CFLAGS_value=
ac_cv_env_GTHREAD_LIBS_set=
ac_cv_env_GTHREAD_LIBS_value=
ac_cv_env_LDFLAGS_set=set
ac_cv_env_LDFLAGS_value=-no-pie
ac_cv_env_LIBS_set=
ac_cv_env_LIBS_value=
ac_cv_env_PANGO_CFLAGS_set=
ac_cv_env_PANGO_CFLAGS_value=
ac_cv_env_PANGO_LIBS_set=
ac_cv_env_PANGO_LIBS_value=
ac_cv_env_PKG_CONFIG_set=
ac_cv_env_PKG_CONFIG_value=
ac_cv_env_SDL_CFLAGS_set=
ac_cv_env_SDL_CFLAGS_value=
ac_cv_env_SDL_LIBS_set=
ac_cv_env_SDL_LIBS_value=
ac_cv_env_XMKMF_set=
ac_cv_env_XMKMF_value=
ac_cv_env_build_alias_set=
ac_cv_env_build_alias_value=
ac_cv_env_host_alias_set=
ac_cv_env_host_alias_value=
ac_cv_env_target_alias_set=
ac_cv_env_target_alias_value=
ac_cv_host=x86_64-unknown-linux-gnu
ac_cv_path_install='/usr/bin/install -c'
ac_cv_path_mkdir=/usr/bin/mkdir
ac_cv_prog_AWK=gawk
ac_cv_prog_ac_ct_CC=gcc
ac_cv_prog_make_make_set=yes

## ----------------- ##
## Output variables. ##
## ----------------- ##

ACLOCAL='${SHELL} /home/vagrant/code/smalltalk-3.2/build-aux/missing --run aclocal-1.11'
ALLOCA=''
ALL_PACKAGES=''
AMDEPBACKSLASH='\'
AMDEP_FALSE='#'
AMDEP_TRUE=''
AMTAR='${SHELL} /home/vagrant/code/smalltalk-3.2/build-aux/missing --run tar'
AR=''
AS=''
ATK_CFLAGS=''
ATK_LIBS=''
AUTOCONF='${SHELL} /home/vagrant/code/smalltalk-3.2/build-aux/missing --run autoconf'
AUTOHEADER='${SHELL} /home/vagrant/code/smalltalk-3.2/build-aux/missing --run autoheader'
AUTOM4TE=''
AUTOMAKE='${SHELL} /home/vagrant/code/smalltalk-3.2/build-aux/missing --run automake-1.11'
AWK='gawk'
BLOX_IMPLEMENTATION=''
BUILT_PACKAGES=''
CAIRO_CFLAGS=''
CAIRO_LIBS=''
CC='gcc'
CCDEPMODE=''
CFLAGS='-no-pie'
CPP=''
CPPFLAGS=''
CYGPATH_W='echo'
DEFS=''
DEPDIR='.deps'
DLLTOOL=''
DSYMUTIL=''
DUMPBIN=''
ECHO_C=''
ECHO_N='-n'
ECHO_T=''
EGREP=''
EMACS=''
EMACSLOADPATH=''
ENABLE_DISASSEMBLER_FALSE=''
ENABLE_DISASSEMBLER_TRUE=''
EXEEXT=''
FFI_CFLAGS=''
FFI_LIBS=''
FGREP=''
GLIB_CFLAGS=''
GLIB_GENMARSHAL=''
GLIB_LIBS=''
GLIB_MKENUMS=''
GOBJECT_QUERY=''
GPERF=''
GREP=''
GST_RUN=''
GTHREAD_CFLAGS=''
GTHREAD_LIBS=''
GTK_CFLAGS=''
GTK_LIBS=''
HAVE_COCOA_FALSE=''
HAVE_COCOA_TRUE=''
HAVE_INSTALLED_LIGHTNING_FALSE=''
HAVE_INSTALLED_LIGHTNING_TRUE=''
ICON=''
INCFFI=''
INCLTDL=''
INCSIGSEGV=''
INCSNPRINTFV=''
INCTCLTK=''
INSTALL_DATA='${INSTALL} -m 644'
INSTALL_INFO=''
INSTALL_PROGRAM='${INSTALL}'
INSTALL_SCRIPT='${INSTALL}'
INSTALL_STRIP_PROGRAM='$(install_sh) -c -s'
LD=''
LDFLAGS='-no-pie'
LEX=''
LIBADD_DL=''
LIBC_SO_DIR=''
LIBC_SO_NAME=''
LIBFFI=''
LIBGLUT=''
LIBGMP=''
LIBGST_CFLAGS=''
LIBICONV=''
LIBLTDL=''
LIBOBJS=''
LIBOPENGL=''
LIBREADLINE=''
LIBS=''
LIBSIGSEGV=''
LIBSNPRINTFV=''
LIBTCLTK=''
LIBTHREAD=''
LIBTOOL=''
LIGHTNING_MAIN_FALSE=''
LIGHTNING_MAIN_TRUE=''
LIPO=''
LN=''
LN_S=''
LTALLOCA=''
LTLIBICONV=''
LTLIBOBJS=''
MAINTAINER='bonzini@gnu.org'
MAKEINFO='${SHELL} /home/vagrant/code/smalltalk-3.2/build-aux/missing --run makeinfo'
MKDIR_P='/usr/bin/mkdir -p'
MODULES=''
NM=''
NMEDIT=''
OBJC=''
OBJCDEPMODE=''
OBJCFLAGS=''
OBJDUMP=''
OBJEXT=''
OTOOL64=''
OTOOL=''
PACKAGE='smalltalk'
PACKAGE_BUGREPORT='help-smalltalk@gnu.org'
PACKAGE_DLOPEN_FLAGS=''
PACKAGE_NAME='GNU Smalltalk'
PACKAGE_STRING='GNU Smalltalk 3.2'
PACKAGE_TARNAME='smalltalk'
PACKAGE_URL='http://smalltalk.gnu.org/'
PACKAGE_VERSION='3.2'
PANGO_CFLAGS=''
PANGO_LIBS=''
PATH_SEPARATOR=':'
PKG_CONFIG=''
RANLIB=''
RELOCATABLE=''
RELOC_CPPFLAGS=''
RELOC_LDFLAGS=''
SDL_CFLAGS=''
SDL_LIBS=''
SED=''
SET_MAKE=''
SHELL='/bin/bash'
SOCKET_LIBS=''
STRIP=''
TCLSH=''
VERSION='3.2'
VERSION_INFO='7:2:0'
WINDRES=''
WINEWRAPPER=''
WINEWRAPPERDEP=''
WITH_EMACS_COMINT_FALSE=''
WITH_EMACS_COMINT_TRUE=''
WITH_EMACS_FALSE=''
WITH_EMACS_TRUE=''
XMKMF=''
XZIP=''
X_CFLAGS=''
X_EXTRA_LIBS=''
X_LIBS=''
X_PRE_LIBS=''
YACC=''
ZIP=''
ac_ct_CC='gcc'
ac_ct_DUMPBIN=''
am__EXEEXT_FALSE=''
am__EXEEXT_TRUE=''
am__fastdepCC_FALSE=''
am__fastdepCC_TRUE=''
am__fastdepOBJC_FALSE=''
am__fastdepOBJC_TRUE=''
am__include='include'
am__isrc=''
am__leading_dot='.'
am__quote=''
am__tar='${AMTAR} chof - "$$tardir"'
am__untar='${AMTAR} xf -'
bindir='${exec_prefix}/bin'
build='x86_64-unknown-linux-gnu'
build_alias=''
build_cpu='x86_64'
build_os='linux-gnu'
build_vendor='unknown'
datadir='${datarootdir}'
datarootdir='${prefix}/share'
docdir='${datarootdir}/doc/${PACKAGE_TARNAME}'
dvidir='${docdir}'
enable_mysql_tests=''
exec_prefix='NONE'
host='x86_64-unknown-linux-gnu'
host_alias=''
host_cpu='x86_64'
host_os='linux-gnu'
host_vendor='unknown'
htmldir='${docdir}'
imagedir=''
includedir='${prefix}/include'
infodir='${datarootdir}/info'
install_sh='${SHELL} /home/vagrant/code/smalltalk-3.2/build-aux/install-sh'
libdir='${exec_prefix}/lib'
libexecdir='${exec_prefix}/libexec'
lispdir=''
localedir='${datarootdir}/locale'
localstatedir='${prefix}/var'
lt_ECHO='echo'
mandir='${datarootdir}/man'
mkdir_p='/usr/bin/mkdir -p'
moduledir=''
moduleexecdir=''
oldincludedir='/usr/include'
pdfdir='${docdir}'
prefix='NONE'
program_transform_name='s,x,x,'
psdir='${docdir}'
sbindir='${exec_prefix}/sbin'
sharedstatedir='${prefix}/com'
subdirs=''
sysconfdir='${prefix}/etc'
target_alias=''

## ------------------- ##
## File substitutions. ##
## ------------------- ##

PACKAGE_RULES=''
lightning_frag=''

## ----------- ##
## confdefs.h. ##
## ----------- ##

/* confdefs.h */
#define PACKAGE_NAME "GNU Smalltalk"
#define PACKAGE_TARNAME "smalltalk"
#define PACKAGE_VERSION "3.2"
#define PACKAGE_STRING "GNU Smalltalk 3.2"
#define PACKAGE_BUGREPORT "help-smalltalk@gnu.org"
#define PACKAGE_URL "http://smalltalk.gnu.org/"
#define ST_MAJOR_VERSION 3
#define ST_MINOR_VERSION 2
#define ST_EDIT_VERSION 0
#define MAINTAINER "bonzini@gnu.org"
#define PACKAGE "smalltalk"
#define VERSION "3.2"
#define PACKAGE_GIT_REVISION ""

configure: exit 1
