This file contains any messages produced by compilers while
running configure, to aid debugging if configure makes a mistake.

It was created by libffi configure 3.0.6, which was
generated by GNU Autoconf 2.64.  Invocation command line was

  $ ./configure --disable-option-checking --prefix=/usr/local --enable-subdir --enable-snprintfv-convenience --cache-file=/dev/null --srcdir=.

## --------- ##
## Platform. ##
## --------- ##

hostname = homestead
uname -m = x86_64
uname -r = 4.15.0-74-generic
uname -s = Linux
uname -v = #84-Ubuntu SMP Thu Dec 19 08:06:28 UTC 2019

/usr/bin/uname -p = unknown
/bin/uname -X     = unknown

/bin/arch              = unknown
/usr/bin/arch -k       = unknown
/usr/convex/getsysinfo = unknown
/usr/bin/hostinfo      = unknown
/bin/machine           = unknown
/usr/bin/oslevel       = unknown
/bin/universe          = unknown

PATH: /home/vagrant/.composer/vendor/bin
PATH: /usr/local/sbin
PATH: /usr/local/bin
PATH: /usr/sbin
PATH: /usr/bin
PATH: /sbin
PATH: /bin
PATH: /usr/games
PATH: /usr/local/games
PATH: /snap/bin


## ----------- ##
## Core tests. ##
## ----------- ##

configure:2493: checking build system type
configure:2507: result: x86_64-unknown-linux-gnu
configure:2527: checking host system type
configure:2540: result: x86_64-unknown-linux-gnu
configure:2560: checking target system type
configure:2573: result: x86_64-unknown-linux-gnu
configure:2620: checking for a BSD-compatible install
configure:2688: result: /usr/bin/install -c
configure:2699: checking whether build environment is sane
configure:2749: result: yes
configure:2890: checking for a thread-safe mkdir -p
configure:2929: result: /bin/mkdir -p
configure:2942: checking for gawk
configure:2958: found /usr/bin/gawk
configure:2969: result: gawk
configure:2980: checking whether make sets $(MAKE)
configure:3002: result: yes
configure:3097: checking for style of include used by make
configure:3125: result: GNU
configure:3195: checking for gcc
configure:3211: found /usr/bin/gcc
configure:3222: result: gcc
configure:3451: checking for C compiler version
configure:3460: gcc --version >&5
gcc (Ubuntu 7.4.0-1ubuntu1~18.04.1) 7.4.0
Copyright (C) 2017 Free Software Foundation, Inc.
This is free software; see the source for copying conditions.  There is NO
warranty; not even for MERCHANTABILITY or FITNESS FOR A PARTICULAR PURPOSE.

configure:3471: $? = 0
configure:3460: gcc -v >&5
Using built-in specs.
COLLECT_GCC=gcc
COLLECT_LTO_WRAPPER=/usr/lib/gcc/x86_64-linux-gnu/7/lto-wrapper
OFFLOAD_TARGET_NAMES=nvptx-none
OFFLOAD_TARGET_DEFAULT=1
Target: x86_64-linux-gnu
Configured with: ../src/configure -v --with-pkgversion='Ubuntu 7.4.0-1ubuntu1~18.04.1' --with-bugurl=file:///usr/share/doc/gcc-7/README.Bugs --enable-languages=c,ada,c++,go,brig,d,fortran,objc,obj-c++ --prefix=/usr --with-gcc-major-version-only --program-suffix=-7 --program-prefix=x86_64-linux-gnu- --enable-shared --enable-linker-build-id --libexecdir=/usr/lib --without-included-gettext --enable-threads=posix --libdir=/usr/lib --enable-nls --with-sysroot=/ --enable-clocale=gnu --enable-libstdcxx-debug --enable-libstdcxx-time=yes --with-default-libstdcxx-abi=new --enable-gnu-unique-object --disable-vtable-verify --enable-libmpx --enable-plugin --enable-default-pie --with-system-zlib --with-target-system-zlib --enable-objc-gc=auto --enable-multiarch --disable-werror --with-arch-32=i686 --with-abi=m64 --with-multilib-list=m32,m64,mx32 --enable-multilib --with-tune=generic --enable-offload-targets=nvptx-none --without-cuda-driver --enable-checking=release --build=x86_64-linux-gnu --host=x86_64-linux-gnu --target=x86_64-linux-gnu
Thread model: posix
gcc version 7.4.0 (Ubuntu 7.4.0-1ubuntu1~18.04.1) 
configure:3471: $? = 0
configure:3460: gcc -V >&5
gcc: error: unrecognized command line option '-V'
gcc: fatal error: no input files
compilation terminated.
configure:3471: $? = 1
configure:3460: gcc -qversion >&5
gcc: error: unrecognized command line option '-qversion'; did you mean '--version'?
gcc: fatal error: no input files
compilation terminated.
configure:3471: $? = 1
configure:3493: checking for C compiler default output file name
configure:3515: gcc    conftest.c  >&5
configure:3519: $? = 0
configure:3556: result: a.out
configure:3572: checking whether the C compiler works
configure:3581: ./a.out
configure:3585: $? = 0
configure:3600: result: yes
configure:3607: checking whether we are cross compiling
configure:3609: result: no
configure:3612: checking for suffix of executables
configure:3619: gcc -o conftest    conftest.c  >&5
configure:3623: $? = 0
configure:3645: result: 
configure:3651: checking for suffix of object files
configure:3673: gcc -c   conftest.c >&5
configure:3677: $? = 0
configure:3698: result: o
configure:3702: checking whether we are using the GNU C compiler
configure:3721: gcc -c   conftest.c >&5
configure:3721: $? = 0
configure:3730: result: yes
configure:3739: checking whether gcc accepts -g
configure:3759: gcc -c -g  conftest.c >&5
configure:3759: $? = 0
configure:3800: result: yes
configure:3817: checking for gcc option to accept ISO C89
configure:3881: gcc  -c -g -O2  conftest.c >&5
configure:3881: $? = 0
configure:3894: result: none needed
configure:3916: checking dependency style of gcc
configure:4026: result: gcc3
configure:4050: checking dependency style of gcc
configure:4158: result: gcc3
configure:4174: checking whether gcc and cc understand -c and -o together
configure:4205: gcc -c conftest.c -o conftest2.o >&5
configure:4209: $? = 0
configure:4215: gcc -c conftest.c -o conftest2.o >&5
configure:4219: $? = 0
configure:4230: cc -c conftest.c >&5
configure:4234: $? = 0
configure:4242: cc -c conftest.c -o conftest2.o >&5
configure:4246: $? = 0
configure:4252: cc -c conftest.c -o conftest2.o >&5
configure:4256: $? = 0
configure:4274: result: yes
configure:4324: checking for a sed that does not truncate output
configure:4388: result: /bin/sed
configure:4406: checking for grep that handles long lines and -e
configure:4464: result: /bin/grep
configure:4469: checking for egrep
configure:4531: result: /bin/grep -E
configure:4536: checking for fgrep
configure:4598: result: /bin/grep -F
configure:4633: checking for ld used by gcc
configure:4700: result: /usr/bin/ld
configure:4707: checking if the linker (/usr/bin/ld) is GNU ld
configure:4722: result: yes
configure:4734: checking for BSD- or MS-compatible name lister (nm)
configure:4783: result: /usr/bin/nm -B
configure:4901: checking the name lister (/usr/bin/nm -B) interface
configure:4908: gcc -c -g -O2  conftest.c >&5
configure:4911: /usr/bin/nm -B "conftest.o"
configure:4914: output
0000000000000000 B some_variable
configure:4921: result: BSD nm
configure:4924: checking whether ln -s works
configure:4931: result: no, using cp -p
configure:4936: checking the maximum length of command line arguments
configure:5056: result: 1572864
configure:5073: checking whether the shell understands some XSI constructs
configure:5083: result: yes
configure:5087: checking whether the shell understands "+="
configure:5093: result: yes
configure:5128: checking for /usr/bin/ld option to reload object files
configure:5135: result: -r
configure:5204: checking for objdump
configure:5220: found /usr/bin/objdump
configure:5231: result: objdump
configure:5263: checking how to recognize dependent libraries
configure:5459: result: pass_all
configure:5519: checking for ar
configure:5535: found /usr/bin/ar
configure:5546: result: ar
configure:5624: checking for strip
configure:5640: found /usr/bin/strip
configure:5651: result: strip
configure:5723: checking for ranlib
configure:5739: found /usr/bin/ranlib
configure:5750: result: ranlib
configure:5840: checking command to parse /usr/bin/nm -B output from gcc object
configure:5958: gcc -c -g -O2  conftest.c >&5
configure:5961: $? = 0
configure:5965: /usr/bin/nm -B conftest.o \| sed -n -e 's/^.*[	 ]\([ABCDGIRSTW][ABCDGIRSTW]*\)[	 ][	 ]*\([_A-Za-z][_A-Za-z0-9]*\)$/\1 \2 \2/p' \> conftest.nm
configure:5968: $? = 0
configure:6022: gcc -o conftest -g -O2   conftest.c conftstm.o >&5
configure:6025: $? = 0
configure:6063: result: ok
configure:6159: gcc -c -g -O2  conftest.c >&5
configure:6162: $? = 0
configure:6872: checking how to run the C preprocessor
configure:6903: gcc -E  conftest.c
configure:6903: $? = 0
configure:6917: gcc -E  conftest.c
conftest.c:11:10: fatal error: ac_nonexistent.h: No such file or directory
 #include <ac_nonexistent.h>
          ^~~~~~~~~~~~~~~~~~
compilation terminated.
configure:6917: $? = 1
configure: failed program was:
| /* confdefs.h */
| #define PACKAGE_NAME "libffi"
| #define PACKAGE_TARNAME "libffi"
| #define PACKAGE_VERSION "3.0.6"
| #define PACKAGE_STRING "libffi 3.0.6"
| #define PACKAGE_BUGREPORT "http://gcc.gnu.org/bugs.html"
| #define PACKAGE_URL ""
| #define PACKAGE "libffi"
| #define VERSION "3.0.6"
| /* end confdefs.h.  */
| #include <ac_nonexistent.h>
configure:6942: result: gcc -E
configure:6962: gcc -E  conftest.c
configure:6962: $? = 0
configure:6976: gcc -E  conftest.c
conftest.c:11:10: fatal error: ac_nonexistent.h: No such file or directory
 #include <ac_nonexistent.h>
          ^~~~~~~~~~~~~~~~~~
compilation terminated.
configure:6976: $? = 1
configure: failed program was:
| /* confdefs.h */
| #define PACKAGE_NAME "libffi"
| #define PACKAGE_TARNAME "libffi"
| #define PACKAGE_VERSION "3.0.6"
| #define PACKAGE_STRING "libffi 3.0.6"
| #define PACKAGE_BUGREPORT "http://gcc.gnu.org/bugs.html"
| #define PACKAGE_URL ""
| #define PACKAGE "libffi"
| #define VERSION "3.0.6"
| /* end confdefs.h.  */
| #include <ac_nonexistent.h>
configure:7005: checking for ANSI C header files
configure:7025: gcc -c -g -O2  conftest.c >&5
configure:7025: $? = 0
configure:7098: gcc -o conftest -g -O2   conftest.c  >&5
configure:7098: $? = 0
configure:7098: ./conftest
configure:7098: $? = 0
configure:7109: result: yes
configure:7122: checking for sys/types.h
configure:7122: gcc -c -g -O2  conftest.c >&5
configure:7122: $? = 0
configure:7122: result: yes
configure:7122: checking for sys/stat.h
configure:7122: gcc -c -g -O2  conftest.c >&5
configure:7122: $? = 0
configure:7122: result: yes
configure:7122: checking for stdlib.h
configure:7122: gcc -c -g -O2  conftest.c >&5
configure:7122: $? = 0
configure:7122: result: yes
configure:7122: checking for string.h
configure:7122: gcc -c -g -O2  conftest.c >&5
configure:7122: $? = 0
configure:7122: result: yes
configure:7122: checking for memory.h
configure:7122: gcc -c -g -O2  conftest.c >&5
configure:7122: $? = 0
configure:7122: result: yes
configure:7122: checking for strings.h
configure:7122: gcc -c -g -O2  conftest.c >&5
configure:7122: $? = 0
configure:7122: result: yes
configure:7122: checking for inttypes.h
configure:7122: gcc -c -g -O2  conftest.c >&5
configure:7122: $? = 0
configure:7122: result: yes
configure:7122: checking for stdint.h
configure:7122: gcc -c -g -O2  conftest.c >&5
configure:7122: $? = 0
configure:7122: result: yes
configure:7122: checking for unistd.h
configure:7122: gcc -c -g -O2  conftest.c >&5
configure:7122: $? = 0
configure:7122: result: yes
configure:7137: checking for dlfcn.h
configure:7137: gcc -c -g -O2  conftest.c >&5
configure:7137: $? = 0
configure:7137: result: yes
configure:7321: checking for objdir
configure:7336: result: .libs
configure:7628: checking if gcc supports -fno-rtti -fno-exceptions
configure:7646: gcc -c -g -O2  -fno-rtti -fno-exceptions conftest.c >&5
cc1: warning: command line option '-fno-rtti' is valid for C++/ObjC++ but not for C
configure:7650: $? = 0
configure:7663: result: no
configure:7683: checking for gcc option to produce PIC
configure:7955: result: -fPIC -DPIC
configure:7967: checking if gcc PIC flag -fPIC -DPIC works
configure:7985: gcc -c -g -O2  -fPIC -DPIC -DPIC conftest.c >&5
configure:7989: $? = 0
configure:8002: result: yes
configure:8026: checking if gcc static flag -static works
configure:8054: result: yes
configure:8069: checking if gcc supports -c -o file.o
configure:8090: gcc -c -g -O2  -o out/conftest2.o conftest.c >&5
configure:8094: $? = 0
configure:8116: result: yes
configure:8124: checking if gcc supports -c -o file.o
configure:8171: result: yes
configure:8204: checking whether the gcc linker (/usr/bin/ld -m elf_x86_64) supports shared libraries
configure:9190: result: yes
configure:9227: checking whether -lc should be explicitly linked in
configure:9232: gcc -c -g -O2  conftest.c >&5
configure:9235: $? = 0
configure:9250: gcc -shared conftest.o  -v -Wl,-soname -Wl,conftest -o conftest 2\>\&1 \| /bin/grep  -lc  \>/dev/null 2\>\&1
configure:9253: $? = 0
configure:9265: result: no
configure:9429: checking dynamic linker characteristics
configure:9862: gcc -o conftest -g -O2   -Wl,-rpath -Wl,/foo conftest.c  >&5
configure:9862: $? = 0
configure:10083: result: GNU/Linux ld.so
configure:10185: checking how to hardcode library paths into programs
configure:10210: result: immediate
configure:10730: checking whether stripping libraries is possible
configure:10735: result: yes
configure:10770: checking if libtool supports shared libraries
configure:10772: result: yes
configure:10775: checking whether to build shared libraries
configure:10796: result: yes
configure:10799: checking whether to build static libraries
configure:10803: result: yes
configure:11160: checking for ANSI C header files
configure:11264: result: yes
configure:11274: checking for memcpy
configure:11274: gcc -o conftest -g -O2   conftest.c  >&5
conftest.c:47:6: warning: conflicting types for built-in function 'memcpy' [-Wbuiltin-declaration-mismatch]
 char memcpy ();
      ^~~~~~
configure:11274: $? = 0
configure:11274: result: yes
configure:11285: checking for working alloca.h
configure:11302: gcc -o conftest -g -O2   conftest.c  >&5
configure:11302: $? = 0
configure:11310: result: yes
configure:11318: checking for alloca
configure:11355: gcc -o conftest -g -O2   conftest.c  >&5
configure:11355: $? = 0
configure:11363: result: yes
configure:11478: checking size of double
configure:11483: gcc -o conftest -g -O2   conftest.c  >&5
configure:11483: $? = 0
configure:11483: ./conftest
configure:11483: $? = 0
configure:11498: result: 8
configure:11512: checking size of long double
configure:11517: gcc -o conftest -g -O2   conftest.c  >&5
configure:11517: $? = 0
configure:11517: ./conftest
configure:11517: $? = 0
configure:11532: result: 16
configure:11557: checking whether byte ordering is bigendian
configure:11572: gcc -c -g -O2  conftest.c >&5
conftest.c:31:9: error: unknown type name 'not'
         not a universal capable compiler
         ^~~
conftest.c:31:15: error: expected '=', ',', ';', 'asm' or '__attribute__' before 'universal'
         not a universal capable compiler
               ^~~~~~~~~
conftest.c:31:15: error: unknown type name 'universal'
configure:11572: $? = 1
configure: failed program was:
| /* confdefs.h */
| #define PACKAGE_NAME "libffi"
| #define PACKAGE_TARNAME "libffi"
| #define PACKAGE_VERSION "3.0.6"
| #define PACKAGE_STRING "libffi 3.0.6"
| #define PACKAGE_BUGREPORT "http://gcc.gnu.org/bugs.html"
| #define PACKAGE_URL ""
| #define PACKAGE "libffi"
| #define VERSION "3.0.6"
| #define STDC_HEADERS 1
| #define HAVE_SYS_TYPES_H 1
| #define HAVE_SYS_STAT_H 1
| #define HAVE_STDLIB_H 1
| #define HAVE_STRING_H 1
| #define HAVE_MEMORY_H 1
| #define HAVE_STRINGS_H 1
| #define HAVE_INTTYPES_H 1
| #define HAVE_STDINT_H 1
| #define HAVE_UNISTD_H 1
| #define HAVE_DLFCN_H 1
| #define LT_OBJDIR ".libs/"
| #define STDC_HEADERS 1
| #define HAVE_MEMCPY 1
| #define HAVE_ALLOCA_H 1
| #define HAVE_ALLOCA 1
| #define SIZEOF_DOUBLE 8
| #define SIZEOF_LONG_DOUBLE 16
| #define HAVE_LONG_DOUBLE 1
| /* end confdefs.h.  */
| #ifndef __APPLE_CC__
| 	       not a universal capable compiler
| 	     #endif
| 	     typedef int dummy;
| 
configure:11617: gcc -c -g -O2  conftest.c >&5
configure:11617: $? = 0
configure:11635: gcc -c -g -O2  conftest.c >&5
conftest.c: In function 'main':
conftest.c:37:4: error: unknown type name 'not'; did you mean 'ino_t'?
    not big endian
    ^~~
    ino_t
conftest.c:37:12: error: expected '=', ',', ';', 'asm' or '__attribute__' before 'endian'
    not big endian
            ^~~~~~
configure:11635: $? = 1
configure: failed program was:
| /* confdefs.h */
| #define PACKAGE_NAME "libffi"
| #define PACKAGE_TARNAME "libffi"
| #define PACKAGE_VERSION "3.0.6"
| #define PACKAGE_STRING "libffi 3.0.6"
| #define PACKAGE_BUGREPORT "http://gcc.gnu.org/bugs.html"
| #define PACKAGE_URL ""
| #define PACKAGE "libffi"
| #define VERSION "3.0.6"
| #define STDC_HEADERS 1
| #define HAVE_SYS_TYPES_H 1
| #define HAVE_SYS_STAT_H 1
| #define HAVE_STDLIB_H 1
| #define HAVE_STRING_H 1
| #define HAVE_MEMORY_H 1
| #define HAVE_STRINGS_H 1
| #define HAVE_INTTYPES_H 1
| #define HAVE_STDINT_H 1
| #define HAVE_UNISTD_H 1
| #define HAVE_DLFCN_H 1
| #define LT_OBJDIR ".libs/"
| #define STDC_HEADERS 1
| #define HAVE_MEMCPY 1
| #define HAVE_ALLOCA_H 1
| #define HAVE_ALLOCA 1
| #define SIZEOF_DOUBLE 8
| #define SIZEOF_LONG_DOUBLE 16
| #define HAVE_LONG_DOUBLE 1
| /* end confdefs.h.  */
| #include <sys/types.h>
| 		#include <sys/param.h>
| 
| int
| main ()
| {
| #if BYTE_ORDER != BIG_ENDIAN
| 		 not big endian
| 		#endif
| 
|   ;
|   return 0;
| }
configure:11763: result: no
configure:11782: checking assembler .cfi pseudo-op support
configure:11800: gcc -c -g -O2  conftest.c >&5
configure:11800: $? = 0
configure:11808: result: yes
configure:11892: checking whether .eh_frame section should be read-only
configure:11911: result: no
configure:11926: checking for __attribute__((visibility("hidden")))
configure:11935: gcc -Werror -S conftest.c -o conftest.s 1>&5
configure:11938: $? = 0
configure:11947: result: yes
configure:12236: creating ./config.status

## ---------------------- ##
## Running config.status. ##
## ---------------------- ##

This file was extended by libffi config.status 3.0.6, which was
generated by GNU Autoconf 2.64.  Invocation command line was

  CONFIG_FILES    = 
  CONFIG_HEADERS  = 
  CONFIG_LINKS    = 
  CONFIG_COMMANDS = 
  $ ./config.status 

on homestead

config.status:1143: creating include/Makefile
config.status:1143: creating include/ffi.h
config.status:1143: creating Makefile
config.status:1143: creating fficonfig.h
config.status:1375: linking src/x86/ffitarget.h to include/ffitarget.h
config.status:1394: executing depfiles commands
config.status:1394: executing libtool commands
config.status:1394: executing include commands
config.status:1394: executing src commands

## ---------------- ##
## Cache variables. ##
## ---------------- ##

ac_cv_build=x86_64-unknown-linux-gnu
ac_cv_c_bigendian=no
ac_cv_c_compiler_gnu=yes
ac_cv_env_CCASFLAGS_set=
ac_cv_env_CCASFLAGS_value=
ac_cv_env_CCAS_set=
ac_cv_env_CCAS_value=
ac_cv_env_CC_set=
ac_cv_env_CC_value=
ac_cv_env_CFLAGS_set=
ac_cv_env_CFLAGS_value=
ac_cv_env_CPPFLAGS_set=
ac_cv_env_CPPFLAGS_value=
ac_cv_env_CPP_set=
ac_cv_env_CPP_value=
ac_cv_env_LDFLAGS_set=
ac_cv_env_LDFLAGS_value=
ac_cv_env_LIBS_set=
ac_cv_env_LIBS_value=
ac_cv_env_build_alias_set=
ac_cv_env_build_alias_value=
ac_cv_env_host_alias_set=
ac_cv_env_host_alias_value=
ac_cv_env_target_alias_set=
ac_cv_env_target_alias_value=
ac_cv_func_alloca_works=yes
ac_cv_func_memcpy=yes
ac_cv_header_dlfcn_h=yes
ac_cv_header_inttypes_h=yes
ac_cv_header_memory_h=yes
ac_cv_header_stdc=yes
ac_cv_header_stdint_h=yes
ac_cv_header_stdlib_h=yes
ac_cv_header_string_h=yes
ac_cv_header_strings_h=yes
ac_cv_header_sys_stat_h=yes
ac_cv_header_sys_types_h=yes
ac_cv_header_unistd_h=yes
ac_cv_host=x86_64-unknown-linux-gnu
ac_cv_objext=o
ac_cv_path_EGREP='/bin/grep -E'
ac_cv_path_FGREP='/bin/grep -F'
ac_cv_path_GREP=/bin/grep
ac_cv_path_SED=/bin/sed
ac_cv_path_install='/usr/bin/install -c'
ac_cv_path_mkdir=/bin/mkdir
ac_cv_prog_AWK=gawk
ac_cv_prog_CPP='gcc -E'
ac_cv_prog_ac_ct_AR=ar
ac_cv_prog_ac_ct_CC=gcc
ac_cv_prog_ac_ct_OBJDUMP=objdump
ac_cv_prog_ac_ct_RANLIB=ranlib
ac_cv_prog_ac_ct_STRIP=strip
ac_cv_prog_cc_c89=
ac_cv_prog_cc_g=yes
ac_cv_prog_cc_gcc_c_o=yes
ac_cv_prog_make_make_set=yes
ac_cv_sizeof_double=8
ac_cv_sizeof_long_double=16
ac_cv_target=x86_64-unknown-linux-gnu
ac_cv_working_alloca_h=yes
am_cv_CCAS_dependencies_compiler_type=gcc3
am_cv_CC_dependencies_compiler_type=gcc3
libffi_cv_as_cfi_pseudo_op=yes
libffi_cv_hidden_visibility_attribute=yes
libffi_cv_ro_eh_frame=no
lt_cv_deplibs_check_method=pass_all
lt_cv_file_magic_cmd='$MAGIC_CMD'
lt_cv_file_magic_test_file=
lt_cv_ld_reload_flag=-r
lt_cv_nm_interface='BSD nm'
lt_cv_objdir=.libs
lt_cv_path_LD=/usr/bin/ld
lt_cv_path_NM='/usr/bin/nm -B'
lt_cv_prog_compiler_c_o=yes
lt_cv_prog_compiler_pic_works=yes
lt_cv_prog_compiler_rtti_exceptions=no
lt_cv_prog_compiler_static_works=yes
lt_cv_prog_gnu_ld=yes
lt_cv_sys_global_symbol_pipe='sed -n -e '\''s/^.*[	 ]\([ABCDGIRSTW][ABCDGIRSTW]*\)[	 ][	 ]*\([_A-Za-z][_A-Za-z0-9]*\)$/\1 \2 \2/p'\'''
lt_cv_sys_global_symbol_to_c_name_address='sed -n -e '\''s/^: \([^ ]*\) $/  {\"\1\", (void *) 0},/p'\'' -e '\''s/^[ABCDGIRSTW]* \([^ ]*\) \([^ ]*\)$/  {"\2", (void *) \&\2},/p'\'''
lt_cv_sys_global_symbol_to_c_name_address_lib_prefix='sed -n -e '\''s/^: \([^ ]*\) $/  {\"\1\", (void *) 0},/p'\'' -e '\''s/^[ABCDGIRSTW]* \([^ ]*\) \(lib[^ ]*\)$/  {"\2", (void *) \&\2},/p'\'' -e '\''s/^[ABCDGIRSTW]* \([^ ]*\) \([^ ]*\)$/  {"lib\2", (void *) \&\2},/p'\'''
lt_cv_sys_global_symbol_to_cdecl='sed -n -e '\''s/^T .* \(.*\)$/extern int \1();/p'\'' -e '\''s/^[ABCDGIRSTW]* .* \(.*\)$/extern char \1;/p'\'''
lt_cv_sys_max_cmd_len=1572864

## ----------------- ##
## Output variables. ##
## ----------------- ##

ACLOCAL='${SHELL} /home/vagrant/code/smalltalk-3.2/build-aux/missing --run aclocal-1.11'
ALLOCA=''
ALPHA_FALSE=''
ALPHA_TRUE='#'
AMDEPBACKSLASH='\'
AMDEP_FALSE='#'
AMDEP_TRUE=''
AMTAR='${SHELL} /home/vagrant/code/smalltalk-3.2/build-aux/missing --run tar'
AM_RUNTESTFLAGS=''
AR='ar'
ARM_FALSE=''
ARM_TRUE='#'
AUTOCONF='${SHELL} /home/vagrant/code/smalltalk-3.2/build-aux/missing --run autoconf'
AUTOHEADER='${SHELL} /home/vagrant/code/smalltalk-3.2/build-aux/missing --run autoheader'
AUTOMAKE='${SHELL} /home/vagrant/code/smalltalk-3.2/build-aux/missing --run automake-1.11'
AWK='gawk'
CC='gcc'
CCAS='gcc'
CCASDEPMODE='depmode=gcc3'
CCASFLAGS='-g -O2'
CCDEPMODE='depmode=gcc3'
CFLAGS='-g -O2'
CPP='gcc -E'
CPPFLAGS=''
CYGPATH_W='echo'
DEFS='-DHAVE_CONFIG_H'
DEPDIR='.deps'
DSYMUTIL=''
DUMPBIN=''
ECHO_C=''
ECHO_N='-n'
ECHO_T=''
EGREP='/bin/grep -E'
EXEEXT=''
FGREP='/bin/grep -F'
FRV_FALSE=''
FRV_TRUE='#'
GREP='/bin/grep'
HAVE_LONG_DOUBLE='1'
IA64_FALSE=''
IA64_TRUE='#'
INSTALL_DATA='${INSTALL} -m 644'
INSTALL_PROGRAM='${INSTALL}'
INSTALL_SCRIPT='${INSTALL}'
INSTALL_STRIP_PROGRAM='$(install_sh) -c -s'
LD='/usr/bin/ld -m elf_x86_64'
LDFLAGS=''
LIBFFI_CRIS_FALSE=''
LIBFFI_CRIS_TRUE='#'
LIBOBJS=''
LIBS=''
LIBTOOL='$(SHELL) $(top_builddir)/libtool'
LIPO=''
LN_S='cp -p'
LTLIBOBJS=''
M32R_FALSE=''
M32R_TRUE='#'
M68K_FALSE=''
M68K_TRUE='#'
MAKEINFO='${SHELL} /home/vagrant/code/smalltalk-3.2/build-aux/missing --run makeinfo'
MIPS_FALSE=''
MIPS_TRUE='#'
MKDIR_P='/bin/mkdir -p'
NM='/usr/bin/nm -B'
NMEDIT=''
OBJDUMP='objdump'
OBJEXT='o'
OTOOL64=''
OTOOL=''
PA64_HPUX_FALSE=''
PA64_HPUX_TRUE='#'
PACKAGE='libffi'
PACKAGE_BUGREPORT='http://gcc.gnu.org/bugs.html'
PACKAGE_NAME='libffi'
PACKAGE_STRING='libffi 3.0.6'
PACKAGE_TARNAME='libffi'
PACKAGE_URL=''
PACKAGE_VERSION='3.0.6'
PATH_SEPARATOR=':'
PA_HPUX_FALSE=''
PA_HPUX_TRUE='#'
PA_LINUX_FALSE=''
PA_LINUX_TRUE='#'
POWERPC_AIX_FALSE=''
POWERPC_AIX_TRUE='#'
POWERPC_DARWIN_FALSE=''
POWERPC_DARWIN_TRUE='#'
POWERPC_FALSE=''
POWERPC_FREEBSD_FALSE=''
POWERPC_FREEBSD_TRUE='#'
POWERPC_TRUE='#'
RANLIB='ranlib'
S390_FALSE=''
S390_TRUE='#'
SED='/bin/sed'
SET_MAKE=''
SH64_FALSE=''
SH64_TRUE='#'
SHELL='/bin/bash'
SH_FALSE=''
SH_TRUE='#'
SPARC_FALSE=''
SPARC_TRUE='#'
STRIP='strip'
TARGET='X86_64'
TARGETDIR='x86'
TESTSUBDIR_FALSE=''
TESTSUBDIR_TRUE='#'
VERSION='3.0.6'
X86_64_FALSE='#'
X86_64_TRUE=''
X86_DARWIN_FALSE=''
X86_DARWIN_TRUE='#'
X86_FALSE=''
X86_FREEBSD_FALSE=''
X86_FREEBSD_TRUE='#'
X86_TRUE='#'
X86_WIN32_FALSE=''
X86_WIN32_TRUE='#'
ac_ct_CC='gcc'
ac_ct_DUMPBIN=''
am__EXEEXT_FALSE=''
am__EXEEXT_TRUE='#'
am__fastdepCCAS_FALSE='#'
am__fastdepCCAS_TRUE=''
am__fastdepCC_FALSE='#'
am__fastdepCC_TRUE=''
am__include='include'
am__isrc=''
am__leading_dot='.'
am__quote=''
am__tar='${AMTAR} chof - "$$tardir"'
am__untar='${AMTAR} xf -'
bindir='${exec_prefix}/bin'
build='x86_64-unknown-linux-gnu'
build_alias=''
build_cpu='x86_64'
build_os='linux-gnu'
build_vendor='unknown'
datadir='${datarootdir}'
datarootdir='${prefix}/share'
docdir='${datarootdir}/doc/${PACKAGE_TARNAME}'
dvidir='${docdir}'
exec_prefix='${prefix}'
host='x86_64-unknown-linux-gnu'
host_alias=''
host_cpu='x86_64'
host_os='linux-gnu'
host_vendor='unknown'
htmldir='${docdir}'
includedir='${prefix}/include'
infodir='${datarootdir}/info'
install_sh='${SHELL} /home/vagrant/code/smalltalk-3.2/build-aux/install-sh'
libdir='${exec_prefix}/lib'
libexecdir='${exec_prefix}/libexec'
localedir='${datarootdir}/locale'
localstatedir='${prefix}/var'
lt_ECHO='echo'
mandir='${datarootdir}/man'
mkdir_p='/bin/mkdir -p'
oldincludedir='/usr/include'
pdfdir='${docdir}'
prefix='/usr/local'
program_transform_name='s,x,x,'
psdir='${docdir}'
sbindir='${exec_prefix}/sbin'
sharedstatedir='${prefix}/com'
sysconfdir='${prefix}/etc'
target='x86_64-unknown-linux-gnu'
target_alias=''
target_cpu='x86_64'
target_os='linux-gnu'
target_vendor='unknown'

## ----------- ##
## confdefs.h. ##
## ----------- ##

/* confdefs.h */
#define PACKAGE_NAME "libffi"
#define PACKAGE_TARNAME "libffi"
#define PACKAGE_VERSION "3.0.6"
#define PACKAGE_STRING "libffi 3.0.6"
#define PACKAGE_BUGREPORT "http://gcc.gnu.org/bugs.html"
#define PACKAGE_URL ""
#define PACKAGE "libffi"
#define VERSION "3.0.6"
#define STDC_HEADERS 1
#define HAVE_SYS_TYPES_H 1
#define HAVE_SYS_STAT_H 1
#define HAVE_STDLIB_H 1
#define HAVE_STRING_H 1
#define HAVE_MEMORY_H 1
#define HAVE_STRINGS_H 1
#define HAVE_INTTYPES_H 1
#define HAVE_STDINT_H 1
#define HAVE_UNISTD_H 1
#define HAVE_DLFCN_H 1
#define LT_OBJDIR ".libs/"
#define STDC_HEADERS 1
#define HAVE_MEMCPY 1
#define HAVE_ALLOCA_H 1
#define HAVE_ALLOCA 1
#define SIZEOF_DOUBLE 8
#define SIZEOF_LONG_DOUBLE 16
#define HAVE_LONG_DOUBLE 1
#define HAVE_AS_CFI_PSEUDO_OP 1
#define EH_FRAME_FLAGS "aw"
#define HAVE_HIDDEN_VISIBILITY_ATTRIBUTE 1

configure: exit 0
