This file contains any messages produced by compilers while
running configure, to aid debugging if configure makes a mistake.

It was created by snprintfv configure 1.1, which was
generated by GNU Autoconf 2.64.  Invocation command line was

  $ ./configure --disable-option-checking --prefix=/usr/local --enable-subdir --enable-snprintfv-convenience --cache-file=/dev/null --srcdir=.

## --------- ##
## Platform. ##
## --------- ##

hostname = homestead
uname -m = x86_64
uname -r = 4.15.0-74-generic
uname -s = Linux
uname -v = #84-Ubuntu SMP Thu Dec 19 08:06:28 UTC 2019

/usr/bin/uname -p = unknown
/bin/uname -X     = unknown

/bin/arch              = unknown
/usr/bin/arch -k       = unknown
/usr/convex/getsysinfo = unknown
/usr/bin/hostinfo      = unknown
/bin/machine           = unknown
/usr/bin/oslevel       = unknown
/bin/universe          = unknown

PATH: /home/vagrant/.composer/vendor/bin
PATH: /usr/local/sbin
PATH: /usr/local/bin
PATH: /usr/sbin
PATH: /usr/bin
PATH: /sbin
PATH: /bin
PATH: /usr/games
PATH: /usr/local/games
PATH: /snap/bin


## ----------- ##
## Core tests. ##
## ----------- ##

configure:2431: checking for a BSD-compatible install
configure:2499: result: /usr/bin/install -c
configure:2510: checking whether build environment is sane
configure:2560: result: yes
configure:2701: checking for a thread-safe mkdir -p
configure:2740: result: /bin/mkdir -p
configure:2753: checking for gawk
configure:2769: found /usr/bin/gawk
configure:2780: result: gawk
configure:2791: checking whether make sets $(MAKE)
configure:2813: result: yes
configure:2902: checking build system type
configure:2916: result: x86_64-unknown-linux-gnu
configure:2936: checking host system type
configure:2949: result: x86_64-unknown-linux-gnu
configure:3309: checking for style of include used by make
configure:3337: result: GNU
configure:3407: checking for gcc
configure:3423: found /usr/bin/gcc
configure:3434: result: gcc
configure:3663: checking for C compiler version
configure:3672: gcc --version >&5
gcc (Ubuntu 7.4.0-1ubuntu1~18.04.1) 7.4.0
Copyright (C) 2017 Free Software Foundation, Inc.
This is free software; see the source for copying conditions.  There is NO
warranty; not even for MERCHANTABILITY or FITNESS FOR A PARTICULAR PURPOSE.

configure:3683: $? = 0
configure:3672: gcc -v >&5
Using built-in specs.
COLLECT_GCC=gcc
COLLECT_LTO_WRAPPER=/usr/lib/gcc/x86_64-linux-gnu/7/lto-wrapper
OFFLOAD_TARGET_NAMES=nvptx-none
OFFLOAD_TARGET_DEFAULT=1
Target: x86_64-linux-gnu
Configured with: ../src/configure -v --with-pkgversion='Ubuntu 7.4.0-1ubuntu1~18.04.1' --with-bugurl=file:///usr/share/doc/gcc-7/README.Bugs --enable-languages=c,ada,c++,go,brig,d,fortran,objc,obj-c++ --prefix=/usr --with-gcc-major-version-only --program-suffix=-7 --program-prefix=x86_64-linux-gnu- --enable-shared --enable-linker-build-id --libexecdir=/usr/lib --without-included-gettext --enable-threads=posix --libdir=/usr/lib --enable-nls --with-sysroot=/ --enable-clocale=gnu --enable-libstdcxx-debug --enable-libstdcxx-time=yes --with-default-libstdcxx-abi=new --enable-gnu-unique-object --disable-vtable-verify --enable-libmpx --enable-plugin --enable-default-pie --with-system-zlib --with-target-system-zlib --enable-objc-gc=auto --enable-multiarch --disable-werror --with-arch-32=i686 --with-abi=m64 --with-multilib-list=m32,m64,mx32 --enable-multilib --with-tune=generic --enable-offload-targets=nvptx-none --without-cuda-driver --enable-checking=release --build=x86_64-linux-gnu --host=x86_64-linux-gnu --target=x86_64-linux-gnu
Thread model: posix
gcc version 7.4.0 (Ubuntu 7.4.0-1ubuntu1~18.04.1) 
configure:3683: $? = 0
configure:3672: gcc -V >&5
gcc: error: unrecognized command line option '-V'
gcc: fatal error: no input files
compilation terminated.
configure:3683: $? = 1
configure:3672: gcc -qversion >&5
gcc: error: unrecognized command line option '-qversion'; did you mean '--version'?
gcc: fatal error: no input files
compilation terminated.
configure:3683: $? = 1
configure:3705: checking for C compiler default output file name
configure:3727: gcc    conftest.c  >&5
configure:3731: $? = 0
configure:3768: result: a.out
configure:3784: checking whether the C compiler works
configure:3793: ./a.out
configure:3797: $? = 0
configure:3812: result: yes
configure:3819: checking whether we are cross compiling
configure:3821: result: no
configure:3824: checking for suffix of executables
configure:3831: gcc -o conftest    conftest.c  >&5
configure:3835: $? = 0
configure:3857: result: 
configure:3863: checking for suffix of object files
configure:3885: gcc -c   conftest.c >&5
configure:3889: $? = 0
configure:3910: result: o
configure:3914: checking whether we are using the GNU C compiler
configure:3933: gcc -c   conftest.c >&5
configure:3933: $? = 0
configure:3942: result: yes
configure:3951: checking whether gcc accepts -g
configure:3971: gcc -c -g  conftest.c >&5
configure:3971: $? = 0
configure:4012: result: yes
configure:4029: checking for gcc option to accept ISO C89
configure:4093: gcc  -c -g -O2  conftest.c >&5
configure:4093: $? = 0
configure:4106: result: none needed
configure:4128: checking dependency style of gcc
configure:4238: result: gcc3
configure:4253: checking for a sed that does not truncate output
configure:4317: result: /bin/sed
configure:4335: checking for grep that handles long lines and -e
configure:4393: result: /bin/grep
configure:4398: checking for egrep
configure:4460: result: /bin/grep -E
configure:4465: checking for fgrep
configure:4527: result: /bin/grep -F
configure:4562: checking for ld used by gcc
configure:4629: result: /usr/bin/ld
configure:4636: checking if the linker (/usr/bin/ld) is GNU ld
configure:4651: result: yes
configure:4663: checking for BSD- or MS-compatible name lister (nm)
configure:4712: result: /usr/bin/nm -B
configure:4830: checking the name lister (/usr/bin/nm -B) interface
configure:4837: gcc -c -g -O2  conftest.c >&5
configure:4840: /usr/bin/nm -B "conftest.o"
configure:4843: output
0000000000000000 B some_variable
configure:4850: result: BSD nm
configure:4853: checking whether ln -s works
configure:4860: result: no, using cp -p
configure:4865: checking the maximum length of command line arguments
configure:4985: result: 1572864
configure:5002: checking whether the shell understands some XSI constructs
configure:5012: result: yes
configure:5016: checking whether the shell understands "+="
configure:5022: result: yes
configure:5057: checking for /usr/bin/ld option to reload object files
configure:5064: result: -r
configure:5133: checking for objdump
configure:5160: result: objdump
configure:5189: checking how to recognize dependent libraries
configure:5385: result: pass_all
configure:5445: checking for ar
configure:5461: found /usr/bin/ar
configure:5472: result: ar
configure:5550: checking for strip
configure:5566: found /usr/bin/strip
configure:5577: result: strip
configure:5649: checking for ranlib
configure:5665: found /usr/bin/ranlib
configure:5676: result: ranlib
configure:5766: checking command to parse /usr/bin/nm -B output from gcc object
configure:5884: gcc -c -g -O2  conftest.c >&5
configure:5887: $? = 0
configure:5891: /usr/bin/nm -B conftest.o \| sed -n -e 's/^.*[	 ]\([ABCDGIRSTW][ABCDGIRSTW]*\)[	 ][	 ]*\([_A-Za-z][_A-Za-z0-9]*\)$/\1 \2 \2/p' \> conftest.nm
configure:5894: $? = 0
configure:5948: gcc -o conftest -g -O2   conftest.c conftstm.o >&5
configure:5951: $? = 0
configure:5989: result: ok
configure:6085: gcc -c -g -O2  conftest.c >&5
configure:6088: $? = 0
configure:6798: checking how to run the C preprocessor
configure:6829: gcc -E  conftest.c
configure:6829: $? = 0
configure:6843: gcc -E  conftest.c
conftest.c:11:10: fatal error: ac_nonexistent.h: No such file or directory
 #include <ac_nonexistent.h>
          ^~~~~~~~~~~~~~~~~~
compilation terminated.
configure:6843: $? = 1
configure: failed program was:
| /* confdefs.h */
| #define PACKAGE_NAME "snprintfv"
| #define PACKAGE_TARNAME "snprintfv"
| #define PACKAGE_VERSION "1.1"
| #define PACKAGE_STRING "snprintfv 1.1"
| #define PACKAGE_BUGREPORT "bonzini@gnu.org"
| #define PACKAGE_URL ""
| #define PACKAGE "snprintfv"
| #define VERSION "1.1"
| /* end confdefs.h.  */
| #include <ac_nonexistent.h>
configure:6868: result: gcc -E
configure:6888: gcc -E  conftest.c
configure:6888: $? = 0
configure:6902: gcc -E  conftest.c
conftest.c:11:10: fatal error: ac_nonexistent.h: No such file or directory
 #include <ac_nonexistent.h>
          ^~~~~~~~~~~~~~~~~~
compilation terminated.
configure:6902: $? = 1
configure: failed program was:
| /* confdefs.h */
| #define PACKAGE_NAME "snprintfv"
| #define PACKAGE_TARNAME "snprintfv"
| #define PACKAGE_VERSION "1.1"
| #define PACKAGE_STRING "snprintfv 1.1"
| #define PACKAGE_BUGREPORT "bonzini@gnu.org"
| #define PACKAGE_URL ""
| #define PACKAGE "snprintfv"
| #define VERSION "1.1"
| /* end confdefs.h.  */
| #include <ac_nonexistent.h>
configure:6931: checking for ANSI C header files
configure:6951: gcc -c -g -O2  conftest.c >&5
configure:6951: $? = 0
configure:7024: gcc -o conftest -g -O2   conftest.c  >&5
configure:7024: $? = 0
configure:7024: ./conftest
configure:7024: $? = 0
configure:7035: result: yes
configure:7048: checking for sys/types.h
configure:7048: gcc -c -g -O2  conftest.c >&5
configure:7048: $? = 0
configure:7048: result: yes
configure:7048: checking for sys/stat.h
configure:7048: gcc -c -g -O2  conftest.c >&5
configure:7048: $? = 0
configure:7048: result: yes
configure:7048: checking for stdlib.h
configure:7048: gcc -c -g -O2  conftest.c >&5
configure:7048: $? = 0
configure:7048: result: yes
configure:7048: checking for string.h
configure:7048: gcc -c -g -O2  conftest.c >&5
configure:7048: $? = 0
configure:7048: result: yes
configure:7048: checking for memory.h
configure:7048: gcc -c -g -O2  conftest.c >&5
configure:7048: $? = 0
configure:7048: result: yes
configure:7048: checking for strings.h
configure:7048: gcc -c -g -O2  conftest.c >&5
configure:7048: $? = 0
configure:7048: result: yes
configure:7048: checking for inttypes.h
configure:7048: gcc -c -g -O2  conftest.c >&5
configure:7048: $? = 0
configure:7048: result: yes
configure:7048: checking for stdint.h
configure:7048: gcc -c -g -O2  conftest.c >&5
configure:7048: $? = 0
configure:7048: result: yes
configure:7048: checking for unistd.h
configure:7048: gcc -c -g -O2  conftest.c >&5
configure:7048: $? = 0
configure:7048: result: yes
configure:7063: checking for dlfcn.h
configure:7063: gcc -c -g -O2  conftest.c >&5
configure:7063: $? = 0
configure:7063: result: yes
configure:7245: checking for objdir
configure:7260: result: .libs
configure:7552: checking if gcc supports -fno-rtti -fno-exceptions
configure:7570: gcc -c -g -O2  -fno-rtti -fno-exceptions conftest.c >&5
cc1: warning: command line option '-fno-rtti' is valid for C++/ObjC++ but not for C
configure:7574: $? = 0
configure:7587: result: no
configure:7607: checking for gcc option to produce PIC
configure:7879: result: -fPIC -DPIC
configure:7891: checking if gcc PIC flag -fPIC -DPIC works
configure:7909: gcc -c -g -O2  -fPIC -DPIC -DPIC conftest.c >&5
configure:7913: $? = 0
configure:7926: result: yes
configure:7950: checking if gcc static flag -static works
configure:7978: result: yes
configure:7993: checking if gcc supports -c -o file.o
configure:8014: gcc -c -g -O2  -o out/conftest2.o conftest.c >&5
configure:8018: $? = 0
configure:8040: result: yes
configure:8048: checking if gcc supports -c -o file.o
configure:8095: result: yes
configure:8128: checking whether the gcc linker (/usr/bin/ld -m elf_x86_64) supports shared libraries
configure:9114: result: yes
configure:9151: checking whether -lc should be explicitly linked in
configure:9156: gcc -c -g -O2  conftest.c >&5
configure:9159: $? = 0
configure:9174: gcc -shared conftest.o  -v -Wl,-soname -Wl,conftest -o conftest 2\>\&1 \| /bin/grep  -lc  \>/dev/null 2\>\&1
configure:9177: $? = 0
configure:9189: result: no
configure:9353: checking dynamic linker characteristics
configure:9786: gcc -o conftest -g -O2   -Wl,-rpath -Wl,/foo conftest.c  >&5
configure:9786: $? = 0
configure:10007: result: GNU/Linux ld.so
configure:10109: checking how to hardcode library paths into programs
configure:10134: result: immediate
configure:10654: checking whether stripping libraries is possible
configure:10659: result: yes
configure:10694: checking if libtool supports shared libraries
configure:10696: result: yes
configure:10699: checking whether to build shared libraries
configure:10720: result: yes
configure:10723: checking whether to build static libraries
configure:10727: result: yes
configure:10763: checking for a sed that does not truncate output
configure:10827: result: /bin/sed
configure:10904: checking whether the convenience libsnprintfv needs printing floats
configure:10906: result: yes
configure:10922: checking whether runtime debugging is wanted
configure:10924: result: no
configure:10934: checking if malloc debugging is wanted
configure:10952: result: no
configure:11009: checking for gcc
configure:11036: result: gcc
configure:11265: checking for C compiler version
configure:11274: gcc --version >&5
gcc (Ubuntu 7.4.0-1ubuntu1~18.04.1) 7.4.0
Copyright (C) 2017 Free Software Foundation, Inc.
This is free software; see the source for copying conditions.  There is NO
warranty; not even for MERCHANTABILITY or FITNESS FOR A PARTICULAR PURPOSE.

configure:11285: $? = 0
configure:11274: gcc -v >&5
Using built-in specs.
COLLECT_GCC=gcc
COLLECT_LTO_WRAPPER=/usr/lib/gcc/x86_64-linux-gnu/7/lto-wrapper
OFFLOAD_TARGET_NAMES=nvptx-none
OFFLOAD_TARGET_DEFAULT=1
Target: x86_64-linux-gnu
Configured with: ../src/configure -v --with-pkgversion='Ubuntu 7.4.0-1ubuntu1~18.04.1' --with-bugurl=file:///usr/share/doc/gcc-7/README.Bugs --enable-languages=c,ada,c++,go,brig,d,fortran,objc,obj-c++ --prefix=/usr --with-gcc-major-version-only --program-suffix=-7 --program-prefix=x86_64-linux-gnu- --enable-shared --enable-linker-build-id --libexecdir=/usr/lib --without-included-gettext --enable-threads=posix --libdir=/usr/lib --enable-nls --with-sysroot=/ --enable-clocale=gnu --enable-libstdcxx-debug --enable-libstdcxx-time=yes --with-default-libstdcxx-abi=new --enable-gnu-unique-object --disable-vtable-verify --enable-libmpx --enable-plugin --enable-default-pie --with-system-zlib --with-target-system-zlib --enable-objc-gc=auto --enable-multiarch --disable-werror --with-arch-32=i686 --with-abi=m64 --with-multilib-list=m32,m64,mx32 --enable-multilib --with-tune=generic --enable-offload-targets=nvptx-none --without-cuda-driver --enable-checking=release --build=x86_64-linux-gnu --host=x86_64-linux-gnu --target=x86_64-linux-gnu
Thread model: posix
gcc version 7.4.0 (Ubuntu 7.4.0-1ubuntu1~18.04.1) 
configure:11285: $? = 0
configure:11274: gcc -V >&5
gcc: error: unrecognized command line option '-V'
gcc: fatal error: no input files
compilation terminated.
configure:11285: $? = 1
configure:11274: gcc -qversion >&5
gcc: error: unrecognized command line option '-qversion'; did you mean '--version'?
gcc: fatal error: no input files
compilation terminated.
configure:11285: $? = 1
configure:11289: checking whether we are using the GNU C compiler
configure:11317: result: yes
configure:11326: checking whether gcc accepts -g
configure:11387: result: yes
configure:11404: checking for gcc option to accept ISO C89
configure:11481: result: none needed
configure:11503: checking dependency style of gcc
configure:11613: result: gcc3
configure:11676: checking for gcc
configure:11703: result: gcc
configure:11932: checking for C compiler version
configure:11941: gcc --version >&5
gcc (Ubuntu 7.4.0-1ubuntu1~18.04.1) 7.4.0
Copyright (C) 2017 Free Software Foundation, Inc.
This is free software; see the source for copying conditions.  There is NO
warranty; not even for MERCHANTABILITY or FITNESS FOR A PARTICULAR PURPOSE.

configure:11952: $? = 0
configure:11941: gcc -v >&5
Using built-in specs.
COLLECT_GCC=gcc
COLLECT_LTO_WRAPPER=/usr/lib/gcc/x86_64-linux-gnu/7/lto-wrapper
OFFLOAD_TARGET_NAMES=nvptx-none
OFFLOAD_TARGET_DEFAULT=1
Target: x86_64-linux-gnu
Configured with: ../src/configure -v --with-pkgversion='Ubuntu 7.4.0-1ubuntu1~18.04.1' --with-bugurl=file:///usr/share/doc/gcc-7/README.Bugs --enable-languages=c,ada,c++,go,brig,d,fortran,objc,obj-c++ --prefix=/usr --with-gcc-major-version-only --program-suffix=-7 --program-prefix=x86_64-linux-gnu- --enable-shared --enable-linker-build-id --libexecdir=/usr/lib --without-included-gettext --enable-threads=posix --libdir=/usr/lib --enable-nls --with-sysroot=/ --enable-clocale=gnu --enable-libstdcxx-debug --enable-libstdcxx-time=yes --with-default-libstdcxx-abi=new --enable-gnu-unique-object --disable-vtable-verify --enable-libmpx --enable-plugin --enable-default-pie --with-system-zlib --with-target-system-zlib --enable-objc-gc=auto --enable-multiarch --disable-werror --with-arch-32=i686 --with-abi=m64 --with-multilib-list=m32,m64,mx32 --enable-multilib --with-tune=generic --enable-offload-targets=nvptx-none --without-cuda-driver --enable-checking=release --build=x86_64-linux-gnu --host=x86_64-linux-gnu --target=x86_64-linux-gnu
Thread model: posix
gcc version 7.4.0 (Ubuntu 7.4.0-1ubuntu1~18.04.1) 
configure:11952: $? = 0
configure:11941: gcc -V >&5
gcc: error: unrecognized command line option '-V'
gcc: fatal error: no input files
compilation terminated.
configure:11952: $? = 1
configure:11941: gcc -qversion >&5
gcc: error: unrecognized command line option '-qversion'; did you mean '--version'?
gcc: fatal error: no input files
compilation terminated.
configure:11952: $? = 1
configure:11956: checking whether we are using the GNU C compiler
configure:11984: result: yes
configure:11993: checking whether gcc accepts -g
configure:12054: result: yes
configure:12071: checking for gcc option to accept ISO C89
configure:12148: result: none needed
configure:12170: checking dependency style of gcc
configure:12280: result: gcc3
configure:12298: checking for an ANSI C-conforming const
configure:12363: gcc -c -g -O2  conftest.c >&5
configure:12363: $? = 0
configure:12370: result: yes
configure:12378: checking for inline
configure:12394: gcc -c -g -O2  conftest.c >&5
configure:12394: $? = 0
configure:12402: result: inline
configure:12426: checking for gawk
configure:12453: result: gawk
configure:12468: checking for ANSI C header files
configure:12572: result: yes
configure:12582: checking for sys/types.h
configure:12582: result: yes
configure:12593: checking for static inline
configure:12610: gcc -c -g -O2  conftest.c >&5
conftest.c:25:15: warning: return type defaults to 'int' [-Wimplicit-int]
 static inline foo(bar) int bar; { return bar; }
               ^~~
configure:12610: $? = 0
configure:12618: result: yes
configure:12626: checking for string.h
configure:12626: result: yes
configure:12640: checking for flockfile
configure:12640: gcc -o conftest -g -O2   conftest.c  >&5
configure:12640: $? = 0
configure:12640: result: yes
configure:12640: checking for fputc_unlocked
configure:12640: gcc -o conftest -g -O2   conftest.c  >&5
conftest.c:50:6: warning: conflicting types for built-in function 'fputc_unlocked' [-Wbuiltin-declaration-mismatch]
 char fputc_unlocked ();
      ^~~~~~~~~~~~~~
configure:12640: $? = 0
configure:12640: result: yes
configure:12654: checking wchar.h usability
configure:12654: gcc -c -g -O2  conftest.c >&5
configure:12654: $? = 0
configure:12654: result: yes
configure:12654: checking wchar.h presence
configure:12654: gcc -E  conftest.c
configure:12654: $? = 0
configure:12654: result: yes
configure:12654: checking for wchar.h
configure:12654: result: yes
configure:12660: checking for wchar_t
configure:12660: gcc -c -g -O2  conftest.c >&5
configure:12660: $? = 0
configure:12660: gcc -c -g -O2  conftest.c >&5
conftest.c: In function 'main':
conftest.c:64:22: error: expected expression before ')' token
 if (sizeof ((wchar_t)))
                      ^
configure:12660: $? = 1
configure: failed program was:
| /* confdefs.h */
| #define PACKAGE_NAME "snprintfv"
| #define PACKAGE_TARNAME "snprintfv"
| #define PACKAGE_VERSION "1.1"
| #define PACKAGE_STRING "snprintfv 1.1"
| #define PACKAGE_BUGREPORT "bonzini@gnu.org"
| #define PACKAGE_URL ""
| #define PACKAGE "snprintfv"
| #define VERSION "1.1"
| #define STDC_HEADERS 1
| #define HAVE_SYS_TYPES_H 1
| #define HAVE_SYS_STAT_H 1
| #define HAVE_STDLIB_H 1
| #define HAVE_STRING_H 1
| #define HAVE_MEMORY_H 1
| #define HAVE_STRINGS_H 1
| #define HAVE_INTTYPES_H 1
| #define HAVE_STDINT_H 1
| #define HAVE_UNISTD_H 1
| #define HAVE_DLFCN_H 1
| #define LT_OBJDIR ".libs/"
| #define STDC_HEADERS 1
| #define HAVE_SYS_TYPES_H 1
| #define HAVE_STRING_H 1
| #define HAVE_FLOCKFILE 1
| #define HAVE_FPUTC_UNLOCKED 1
| /* end confdefs.h.  */
| #include <stdio.h>
| #ifdef HAVE_SYS_TYPES_H
| # include <sys/types.h>
| #endif
| #ifdef HAVE_SYS_STAT_H
| # include <sys/stat.h>
| #endif
| #ifdef STDC_HEADERS
| # include <stdlib.h>
| # include <stddef.h>
| #else
| # ifdef HAVE_STDLIB_H
| #  include <stdlib.h>
| # endif
| #endif
| #ifdef HAVE_STRING_H
| # if !defined STDC_HEADERS && defined HAVE_MEMORY_H
| #  include <memory.h>
| # endif
| # include <string.h>
| #endif
| #ifdef HAVE_STRINGS_H
| # include <strings.h>
| #endif
| #ifdef HAVE_INTTYPES_H
| # include <inttypes.h>
| #endif
| #ifdef HAVE_STDINT_H
| # include <stdint.h>
| #endif
| #ifdef HAVE_UNISTD_H
| # include <unistd.h>
| #endif
| int
| main ()
| {
| if (sizeof ((wchar_t)))
| 	    return 0;
|   ;
|   return 0;
| }
configure:12660: result: yes
configure:12665: checking for wint_t
configure:12665: gcc -c -g -O2  conftest.c >&5
conftest.c: In function 'main':
conftest.c:64:13: error: 'wint_t' undeclared (first use in this function); did you mean 'uint8_t'?
 if (sizeof (wint_t))
             ^~~~~~
             uint8_t
conftest.c:64:13: note: each undeclared identifier is reported only once for each function it appears in
configure:12665: $? = 1
configure: failed program was:
| /* confdefs.h */
| #define PACKAGE_NAME "snprintfv"
| #define PACKAGE_TARNAME "snprintfv"
| #define PACKAGE_VERSION "1.1"
| #define PACKAGE_STRING "snprintfv 1.1"
| #define PACKAGE_BUGREPORT "bonzini@gnu.org"
| #define PACKAGE_URL ""
| #define PACKAGE "snprintfv"
| #define VERSION "1.1"
| #define STDC_HEADERS 1
| #define HAVE_SYS_TYPES_H 1
| #define HAVE_SYS_STAT_H 1
| #define HAVE_STDLIB_H 1
| #define HAVE_STRING_H 1
| #define HAVE_MEMORY_H 1
| #define HAVE_STRINGS_H 1
| #define HAVE_INTTYPES_H 1
| #define HAVE_STDINT_H 1
| #define HAVE_UNISTD_H 1
| #define HAVE_DLFCN_H 1
| #define LT_OBJDIR ".libs/"
| #define STDC_HEADERS 1
| #define HAVE_SYS_TYPES_H 1
| #define HAVE_STRING_H 1
| #define HAVE_FLOCKFILE 1
| #define HAVE_FPUTC_UNLOCKED 1
| /* end confdefs.h.  */
| #include <stdio.h>
| #ifdef HAVE_SYS_TYPES_H
| # include <sys/types.h>
| #endif
| #ifdef HAVE_SYS_STAT_H
| # include <sys/stat.h>
| #endif
| #ifdef STDC_HEADERS
| # include <stdlib.h>
| # include <stddef.h>
| #else
| # ifdef HAVE_STDLIB_H
| #  include <stdlib.h>
| # endif
| #endif
| #ifdef HAVE_STRING_H
| # if !defined STDC_HEADERS && defined HAVE_MEMORY_H
| #  include <memory.h>
| # endif
| # include <string.h>
| #endif
| #ifdef HAVE_STRINGS_H
| # include <strings.h>
| #endif
| #ifdef HAVE_INTTYPES_H
| # include <inttypes.h>
| #endif
| #ifdef HAVE_STDINT_H
| # include <stdint.h>
| #endif
| #ifdef HAVE_UNISTD_H
| # include <unistd.h>
| #endif
| int
| main ()
| {
| if (sizeof (wint_t))
| 	 return 0;
|   ;
|   return 0;
| }
configure:12665: result: no
configure:12670: checking for intmax_t
configure:12670: gcc -c -g -O2  conftest.c >&5
configure:12670: $? = 0
configure:12670: gcc -c -g -O2  conftest.c >&5
conftest.c: In function 'main':
conftest.c:64:23: error: expected expression before ')' token
 if (sizeof ((intmax_t)))
                       ^
configure:12670: $? = 1
configure: failed program was:
| /* confdefs.h */
| #define PACKAGE_NAME "snprintfv"
| #define PACKAGE_TARNAME "snprintfv"
| #define PACKAGE_VERSION "1.1"
| #define PACKAGE_STRING "snprintfv 1.1"
| #define PACKAGE_BUGREPORT "bonzini@gnu.org"
| #define PACKAGE_URL ""
| #define PACKAGE "snprintfv"
| #define VERSION "1.1"
| #define STDC_HEADERS 1
| #define HAVE_SYS_TYPES_H 1
| #define HAVE_SYS_STAT_H 1
| #define HAVE_STDLIB_H 1
| #define HAVE_STRING_H 1
| #define HAVE_MEMORY_H 1
| #define HAVE_STRINGS_H 1
| #define HAVE_INTTYPES_H 1
| #define HAVE_STDINT_H 1
| #define HAVE_UNISTD_H 1
| #define HAVE_DLFCN_H 1
| #define LT_OBJDIR ".libs/"
| #define STDC_HEADERS 1
| #define HAVE_SYS_TYPES_H 1
| #define HAVE_STRING_H 1
| #define HAVE_FLOCKFILE 1
| #define HAVE_FPUTC_UNLOCKED 1
| /* end confdefs.h.  */
| #include <stdio.h>
| #ifdef HAVE_SYS_TYPES_H
| # include <sys/types.h>
| #endif
| #ifdef HAVE_SYS_STAT_H
| # include <sys/stat.h>
| #endif
| #ifdef STDC_HEADERS
| # include <stdlib.h>
| # include <stddef.h>
| #else
| # ifdef HAVE_STDLIB_H
| #  include <stdlib.h>
| # endif
| #endif
| #ifdef HAVE_STRING_H
| # if !defined STDC_HEADERS && defined HAVE_MEMORY_H
| #  include <memory.h>
| # endif
| # include <string.h>
| #endif
| #ifdef HAVE_STRINGS_H
| # include <strings.h>
| #endif
| #ifdef HAVE_INTTYPES_H
| # include <inttypes.h>
| #endif
| #ifdef HAVE_STDINT_H
| # include <stdint.h>
| #endif
| #ifdef HAVE_UNISTD_H
| # include <unistd.h>
| #endif
| int
| main ()
| {
| if (sizeof ((intmax_t)))
| 	    return 0;
|   ;
|   return 0;
| }
configure:12670: result: yes
configure:12675: checking for size_t
configure:12675: gcc -c -g -O2  conftest.c >&5
configure:12675: $? = 0
configure:12675: gcc -c -g -O2  conftest.c >&5
conftest.c: In function 'main':
conftest.c:64:21: error: expected expression before ')' token
 if (sizeof ((size_t)))
                     ^
configure:12675: $? = 1
configure: failed program was:
| /* confdefs.h */
| #define PACKAGE_NAME "snprintfv"
| #define PACKAGE_TARNAME "snprintfv"
| #define PACKAGE_VERSION "1.1"
| #define PACKAGE_STRING "snprintfv 1.1"
| #define PACKAGE_BUGREPORT "bonzini@gnu.org"
| #define PACKAGE_URL ""
| #define PACKAGE "snprintfv"
| #define VERSION "1.1"
| #define STDC_HEADERS 1
| #define HAVE_SYS_TYPES_H 1
| #define HAVE_SYS_STAT_H 1
| #define HAVE_STDLIB_H 1
| #define HAVE_STRING_H 1
| #define HAVE_MEMORY_H 1
| #define HAVE_STRINGS_H 1
| #define HAVE_INTTYPES_H 1
| #define HAVE_STDINT_H 1
| #define HAVE_UNISTD_H 1
| #define HAVE_DLFCN_H 1
| #define LT_OBJDIR ".libs/"
| #define STDC_HEADERS 1
| #define HAVE_SYS_TYPES_H 1
| #define HAVE_STRING_H 1
| #define HAVE_FLOCKFILE 1
| #define HAVE_FPUTC_UNLOCKED 1
| /* end confdefs.h.  */
| #include <stdio.h>
| #ifdef HAVE_SYS_TYPES_H
| # include <sys/types.h>
| #endif
| #ifdef HAVE_SYS_STAT_H
| # include <sys/stat.h>
| #endif
| #ifdef STDC_HEADERS
| # include <stdlib.h>
| # include <stddef.h>
| #else
| # ifdef HAVE_STDLIB_H
| #  include <stdlib.h>
| # endif
| #endif
| #ifdef HAVE_STRING_H
| # if !defined STDC_HEADERS && defined HAVE_MEMORY_H
| #  include <memory.h>
| # endif
| # include <string.h>
| #endif
| #ifdef HAVE_STRINGS_H
| # include <strings.h>
| #endif
| #ifdef HAVE_INTTYPES_H
| # include <inttypes.h>
| #endif
| #ifdef HAVE_STDINT_H
| # include <stdint.h>
| #endif
| #ifdef HAVE_UNISTD_H
| # include <unistd.h>
| #endif
| int
| main ()
| {
| if (sizeof ((size_t)))
| 	    return 0;
|   ;
|   return 0;
| }
configure:12675: result: yes
configure:12692: checking for long double with more range or precision than double
configure:12727: gcc -c -g -O2  conftest.c >&5
configure:12727: $? = 0
configure:12734: result: yes
configure:12749: checking for log in -lm
configure:12774: gcc -o conftest -g -O2   conftest.c -lm   >&5
conftest.c:37:6: warning: conflicting types for built-in function 'log' [-Wbuiltin-declaration-mismatch]
 char log ();
      ^~~
configure:12774: $? = 0
configure:12783: result: yes
configure:12797: checking for copysign
configure:12797: gcc -o conftest -g -O2   conftest.c -lm  >&5
conftest.c:54:6: warning: conflicting types for built-in function 'copysign' [-Wbuiltin-declaration-mismatch]
 char copysign ();
      ^~~~~~~~
configure:12797: $? = 0
configure:12797: result: yes
configure:12797: checking for copysignl
configure:12797: gcc -o conftest -g -O2   conftest.c -lm  >&5
conftest.c:55:6: warning: conflicting types for built-in function 'copysignl' [-Wbuiltin-declaration-mismatch]
 char copysignl ();
      ^~~~~~~~~
configure:12797: $? = 0
configure:12797: result: yes
configure:12797: checking for isinf
configure:12797: gcc -o conftest -g -O2   conftest.c -lm  >&5
conftest.c:56:6: warning: conflicting types for built-in function 'isinf' [-Wbuiltin-declaration-mismatch]
 char isinf ();
      ^~~~~
configure:12797: $? = 0
configure:12797: result: yes
configure:12797: checking for isinfl
configure:12797: gcc -o conftest -g -O2   conftest.c -lm  >&5
conftest.c:57:6: warning: conflicting types for built-in function 'isinfl' [-Wbuiltin-declaration-mismatch]
 char isinfl ();
      ^~~~~~
configure:12797: $? = 0
configure:12797: result: yes
configure:12797: checking for isnan
configure:12797: gcc -o conftest -g -O2   conftest.c -lm  >&5
conftest.c:58:6: warning: conflicting types for built-in function 'isnan' [-Wbuiltin-declaration-mismatch]
 char isnan ();
      ^~~~~
configure:12797: $? = 0
configure:12797: result: yes
configure:12797: checking for isnanl
configure:12797: gcc -o conftest -g -O2   conftest.c -lm  >&5
conftest.c:59:6: warning: conflicting types for built-in function 'isnanl' [-Wbuiltin-declaration-mismatch]
 char isnanl ();
      ^~~~~~
configure:12797: $? = 0
configure:12797: result: yes
configure:12797: checking for modfl
configure:12797: gcc -o conftest -g -O2   conftest.c -lm  >&5
conftest.c:60:6: warning: conflicting types for built-in function 'modfl' [-Wbuiltin-declaration-mismatch]
 char modfl ();
      ^~~~~
configure:12797: $? = 0
configure:12797: result: yes
configure:12967: creating ./config.status

## ---------------------- ##
## Running config.status. ##
## ---------------------- ##

This file was extended by snprintfv config.status 1.1, which was
generated by GNU Autoconf 2.64.  Invocation command line was

  CONFIG_FILES    = 
  CONFIG_HEADERS  = 
  CONFIG_LINKS    = 
  CONFIG_COMMANDS = 
  $ ./config.status 

on homestead

config.status:1117: creating Makefile
config.status:1117: creating snprintfv/Makefile
config.status:1117: creating config.h
config.status:1337: executing depfiles commands
config.status:1337: executing libtool commands
config.status:1337: executing snprintfv/compat.h commands

## ---------------- ##
## Cache variables. ##
## ---------------- ##

ac_cv_build=x86_64-unknown-linux-gnu
ac_cv_c_compiler_gnu=yes
ac_cv_c_const=yes
ac_cv_c_inline=inline
ac_cv_c_long_double=yes
ac_cv_env_CC_set=
ac_cv_env_CC_value=
ac_cv_env_CFLAGS_set=
ac_cv_env_CFLAGS_value=
ac_cv_env_CPPFLAGS_set=
ac_cv_env_CPPFLAGS_value=
ac_cv_env_CPP_set=
ac_cv_env_CPP_value=
ac_cv_env_LDFLAGS_set=
ac_cv_env_LDFLAGS_value=
ac_cv_env_LIBS_set=
ac_cv_env_LIBS_value=
ac_cv_env_build_alias_set=
ac_cv_env_build_alias_value=
ac_cv_env_host_alias_set=
ac_cv_env_host_alias_value=
ac_cv_env_target_alias_set=
ac_cv_env_target_alias_value=
ac_cv_func_copysign=yes
ac_cv_func_copysignl=yes
ac_cv_func_flockfile=yes
ac_cv_func_fputc_unlocked=yes
ac_cv_func_isinf=yes
ac_cv_func_isinfl=yes
ac_cv_func_isnan=yes
ac_cv_func_isnanl=yes
ac_cv_func_modfl=yes
ac_cv_header_dlfcn_h=yes
ac_cv_header_inttypes_h=yes
ac_cv_header_memory_h=yes
ac_cv_header_stdc=yes
ac_cv_header_stdint_h=yes
ac_cv_header_stdlib_h=yes
ac_cv_header_string_h=yes
ac_cv_header_strings_h=yes
ac_cv_header_sys_stat_h=yes
ac_cv_header_sys_types_h=yes
ac_cv_header_unistd_h=yes
ac_cv_header_wchar_h=yes
ac_cv_host=x86_64-unknown-linux-gnu
ac_cv_lib_m_log=yes
ac_cv_objext=o
ac_cv_path_EGREP='/bin/grep -E'
ac_cv_path_FGREP='/bin/grep -F'
ac_cv_path_GREP=/bin/grep
ac_cv_path_SED=/bin/sed
ac_cv_path_install='/usr/bin/install -c'
ac_cv_path_mkdir=/bin/mkdir
ac_cv_prog_AWK=gawk
ac_cv_prog_CPP='gcc -E'
ac_cv_prog_ac_ct_AR=ar
ac_cv_prog_ac_ct_CC=gcc
ac_cv_prog_ac_ct_OBJDUMP=objdump
ac_cv_prog_ac_ct_RANLIB=ranlib
ac_cv_prog_ac_ct_STRIP=strip
ac_cv_prog_cc_c89=
ac_cv_prog_cc_g=yes
ac_cv_prog_make_make_set=yes
ac_cv_type_intmax_t=yes
ac_cv_type_long_double_wider=yes
ac_cv_type_size_t=yes
ac_cv_type_wchar_t=yes
ac_cv_type_wint_t=no
am_cv_CC_dependencies_compiler_type=gcc3
am_cv_prog_cc_stdc=
lt_cv_deplibs_check_method=pass_all
lt_cv_file_magic_cmd='$MAGIC_CMD'
lt_cv_file_magic_test_file=
lt_cv_ld_reload_flag=-r
lt_cv_nm_interface='BSD nm'
lt_cv_objdir=.libs
lt_cv_path_LD=/usr/bin/ld
lt_cv_path_NM='/usr/bin/nm -B'
lt_cv_prog_compiler_c_o=yes
lt_cv_prog_compiler_pic_works=yes
lt_cv_prog_compiler_rtti_exceptions=no
lt_cv_prog_compiler_static_works=yes
lt_cv_prog_gnu_ld=yes
lt_cv_sys_global_symbol_pipe='sed -n -e '\''s/^.*[	 ]\([ABCDGIRSTW][ABCDGIRSTW]*\)[	 ][	 ]*\([_A-Za-z][_A-Za-z0-9]*\)$/\1 \2 \2/p'\'''
lt_cv_sys_global_symbol_to_c_name_address='sed -n -e '\''s/^: \([^ ]*\) $/  {\"\1\", (void *) 0},/p'\'' -e '\''s/^[ABCDGIRSTW]* \([^ ]*\) \([^ ]*\)$/  {"\2", (void *) \&\2},/p'\'''
lt_cv_sys_global_symbol_to_c_name_address_lib_prefix='sed -n -e '\''s/^: \([^ ]*\) $/  {\"\1\", (void *) 0},/p'\'' -e '\''s/^[ABCDGIRSTW]* \([^ ]*\) \(lib[^ ]*\)$/  {"\2", (void *) \&\2},/p'\'' -e '\''s/^[ABCDGIRSTW]* \([^ ]*\) \([^ ]*\)$/  {"lib\2", (void *) \&\2},/p'\'''
lt_cv_sys_global_symbol_to_cdecl='sed -n -e '\''s/^T .* \(.*\)$/extern int \1();/p'\'' -e '\''s/^[ABCDGIRSTW]* .* \(.*\)$/extern char \1;/p'\'''
lt_cv_sys_max_cmd_len=1572864
snv_cv_static_inline=yes

## ----------------- ##
## Output variables. ##
## ----------------- ##

ACLOCAL='${SHELL} /home/vagrant/code/smalltalk-3.2/build-aux/missing --run aclocal-1.11'
AMDEPBACKSLASH='\'
AMDEP_FALSE='#'
AMDEP_TRUE=''
AMTAR='${SHELL} /home/vagrant/code/smalltalk-3.2/build-aux/missing --run tar'
AR='ar'
AS='as'
AUTOCONF='${SHELL} /home/vagrant/code/smalltalk-3.2/build-aux/missing --run autoconf'
AUTOHEADER='${SHELL} /home/vagrant/code/smalltalk-3.2/build-aux/missing --run autoheader'
AUTOMAKE='${SHELL} /home/vagrant/code/smalltalk-3.2/build-aux/missing --run automake-1.11'
AWK='gawk'
CC='gcc'
CCDEPMODE='depmode=gcc3'
CFLAGS='-g -O2'
CONVENIENCE_SNPRINTFV_FALSE='#'
CONVENIENCE_SNPRINTFV_TRUE=''
CPP='gcc -E'
CPPFLAGS=''
CYGPATH_W='echo'
DEFS='-DHAVE_CONFIG_H'
DEPDIR='.deps'
DLLTOOL='dlltool'
DSYMUTIL=''
DUMPBIN=''
ECHO_C=''
ECHO_N='-n'
ECHO_T=''
EGREP='/bin/grep -E'
EXEEXT=''
FGREP='/bin/grep -F'
GREP='/bin/grep'
INCLUDES=''
INSTALL_DATA='${INSTALL} -m 644'
INSTALL_PROGRAM='${INSTALL}'
INSTALL_SCRIPT='${INSTALL}'
INSTALL_SNPRINTFV_FALSE=''
INSTALL_SNPRINTFV_TRUE='#'
INSTALL_STRIP_PROGRAM='$(install_sh) -c -s'
LD='/usr/bin/ld -m elf_x86_64'
LDFLAGS=''
LIBOBJS=''
LIBS='-lm '
LIBSNPRINTFVC_PRINT_FLOATS=''
LIBTOOL='$(SHELL) $(top_builddir)/libtool'
LIPO=''
LN_S='cp -p'
LTLIBOBJS=''
MAKEINFO='${SHELL} /home/vagrant/code/smalltalk-3.2/build-aux/missing --run makeinfo'
MKDIR_P='/bin/mkdir -p'
NM='/usr/bin/nm -B'
NMEDIT=''
OBJDUMP='objdump'
OBJEXT='o'
OTOOL64=''
OTOOL=''
PACKAGE='snprintfv'
PACKAGE_BUGREPORT='bonzini@gnu.org'
PACKAGE_NAME='snprintfv'
PACKAGE_STRING='snprintfv 1.1'
PACKAGE_TARNAME='snprintfv'
PACKAGE_URL=''
PACKAGE_VERSION='1.1'
PATH_SEPARATOR=':'
RANLIB='ranlib'
SED='/bin/sed'
SET_MAKE=''
SHELL='/bin/bash'
SNV_AGE='0'
SNV_CURRENT='3'
SNV_REVISION='0'
STRIP='strip'
SUBDIR_SNPRINTFV_FALSE='#'
SUBDIR_SNPRINTFV_TRUE=''
VERSION='1.1'
ac_aux_dir='../build-aux'
ac_ct_CC='gcc'
ac_ct_DUMPBIN=''
am__EXEEXT_FALSE=''
am__EXEEXT_TRUE='#'
am__fastdepCC_FALSE='#'
am__fastdepCC_TRUE=''
am__include='include'
am__isrc=''
am__leading_dot='.'
am__quote=''
am__tar='${AMTAR} chof - "$$tardir"'
am__untar='${AMTAR} xf -'
bindir='${exec_prefix}/bin'
build='x86_64-unknown-linux-gnu'
build_alias=''
build_cpu='x86_64'
build_os='linux-gnu'
build_vendor='unknown'
convenience_libsnprintfv='libsnprintfvc.la'
datadir='${datarootdir}'
datarootdir='${prefix}/share'
docdir='${datarootdir}/doc/${PACKAGE_TARNAME}'
dvidir='${docdir}'
exec_prefix='${prefix}'
host='x86_64-unknown-linux-gnu'
host_alias=''
host_cpu='x86_64'
host_os='linux-gnu'
host_vendor='unknown'
htmldir='${docdir}'
includedir='${prefix}/include'
infodir='${datarootdir}/info'
install_sh='${SHELL} /home/vagrant/code/smalltalk-3.2/build-aux/install-sh'
installed_libsnprintfv=''
libdir='${exec_prefix}/lib'
libexecdir='${exec_prefix}/libexec'
localedir='${datarootdir}/locale'
localstatedir='${prefix}/var'
lt_ECHO='echo'
mandir='${datarootdir}/man'
mkdir_p='/bin/mkdir -p'
oldincludedir='/usr/include'
pdfdir='${docdir}'
prefix='/usr/local'
program_transform_name='s,x,x,'
psdir='${docdir}'
sbindir='${exec_prefix}/sbin'
sharedstatedir='${prefix}/com'
sysconfdir='${prefix}/etc'
target_alias=''

## ----------- ##
## confdefs.h. ##
## ----------- ##

/* confdefs.h */
#define PACKAGE_NAME "snprintfv"
#define PACKAGE_TARNAME "snprintfv"
#define PACKAGE_VERSION "1.1"
#define PACKAGE_STRING "snprintfv 1.1"
#define PACKAGE_BUGREPORT "bonzini@gnu.org"
#define PACKAGE_URL ""
#define PACKAGE "snprintfv"
#define VERSION "1.1"
#define STDC_HEADERS 1
#define HAVE_SYS_TYPES_H 1
#define HAVE_SYS_STAT_H 1
#define HAVE_STDLIB_H 1
#define HAVE_STRING_H 1
#define HAVE_MEMORY_H 1
#define HAVE_STRINGS_H 1
#define HAVE_INTTYPES_H 1
#define HAVE_STDINT_H 1
#define HAVE_UNISTD_H 1
#define HAVE_DLFCN_H 1
#define LT_OBJDIR ".libs/"
#define STDC_HEADERS 1
#define HAVE_SYS_TYPES_H 1
#define HAVE_STRING_H 1
#define HAVE_FLOCKFILE 1
#define HAVE_FPUTC_UNLOCKED 1
#define HAVE_LONG_DOUBLE_WIDER 1
#define HAVE_LONG_DOUBLE 1
#define HAVE_LIBM 1
#define HAVE_COPYSIGN 1
#define HAVE_COPYSIGNL 1
#define HAVE_ISINF 1
#define HAVE_ISINFL 1
#define HAVE_ISNAN 1
#define HAVE_ISNANL 1
#define HAVE_MODFL 1

configure: exit 0

## ---------------------- ##
## Running config.status. ##
## ---------------------- ##

This file was extended by snprintfv config.status 1.1, which was
generated by GNU Autoconf 2.64.  Invocation command line was

  CONFIG_FILES    = 
  CONFIG_HEADERS  = 
  CONFIG_LINKS    = 
  CONFIG_COMMANDS = 
  $ ./config.status snprintfv/compat.h

on homestead

config.status:1337: executing snprintfv/compat.h commands
